        -:    0:Source:C:/PROGRA~1/JETBRA~1/CLION2~1.4/bin/mingw/lib/gcc/x86_64-w64-mingw32/11.2.0/include/c++/ext/new_allocator.h
        -:    0:Graph:D:\BUAA_Files\Learning_Files\Senior_Three_2\BUAA_SE\Pair_Project\2023_Pair\cmake-build-debug-coverage\CMakeFiles\coretest.dir\test\coretest\coretest.cpp.gcno
        -:    0:Data:D:\BUAA_Files\Learning_Files\Senior_Three_2\BUAA_SE\Pair_Project\2023_Pair\cmake-build-debug-coverage\CMakeFiles\coretest.dir\test\coretest\coretest.cpp.gcda
        -:    0:Runs:1
        -:    1:// Allocator that wraps operator new -*- C++ -*-
        -:    2:
        -:    3:// Copyright (C) 2001-2021 Free Software Foundation, Inc.
        -:    4://
        -:    5:// This file is part of the GNU ISO C++ Library.  This library is free
        -:    6:// software; you can redistribute it and/or modify it under the
        -:    7:// terms of the GNU General Public License as published by the
        -:    8:// Free Software Foundation; either version 3, or (at your option)
        -:    9:// any later version.
        -:   10:
        -:   11:// This library is distributed in the hope that it will be useful,
        -:   12:// but WITHOUT ANY WARRANTY; without even the implied warranty of
        -:   13:// MERCHANTABILITY or FITNESS FOR A PARTICULAR PURPOSE.  See the
        -:   14:// GNU General Public License for more details.
        -:   15:
        -:   16:// Under Section 7 of GPL version 3, you are granted additional
        -:   17:// permissions described in the GCC Runtime Library Exception, version
        -:   18:// 3.1, as published by the Free Software Foundation.
        -:   19:
        -:   20:// You should have received a copy of the GNU General Public License and
        -:   21:// a copy of the GCC Runtime Library Exception along with this program;
        -:   22:// see the files COPYING3 and COPYING.RUNTIME respectively.  If not, see
        -:   23:// <http://www.gnu.org/licenses/>.
        -:   24:
        -:   25:/** @file ext/new_allocator.h
        -:   26: *  This file is a GNU extension to the Standard C++ Library.
        -:   27: */
        -:   28:
        -:   29:#ifndef _NEW_ALLOCATOR_H
        -:   30:#define _NEW_ALLOCATOR_H 1
        -:   31:
        -:   32:#include <bits/c++config.h>
        -:   33:#include <new>
        -:   34:#include <bits/functexcept.h>
        -:   35:#include <bits/move.h>
        -:   36:#if __cplusplus >= 201103L
        -:   37:#include <type_traits>
        -:   38:#endif
        -:   39:
        -:   40:namespace __gnu_cxx _GLIBCXX_VISIBILITY(default)
        -:   41:{
        -:   42:_GLIBCXX_BEGIN_NAMESPACE_VERSION
        -:   43:
        -:   44:  /**
        -:   45:   *  @brief  An allocator that uses global new, as per C++03 [20.4.1].
        -:   46:   *  @ingroup allocators
        -:   47:   *
        -:   48:   *  This is precisely the allocator defined in the C++ Standard.
        -:   49:   *    - all allocation calls operator new
        -:   50:   *    - all deallocation calls operator delete
        -:   51:   *
        -:   52:   *  @tparam  _Tp  Type of allocated object.
        -:   53:   */
        -:   54:  template<typename _Tp>
        -:   55:    class new_allocator
        -:   56:    {
        -:   57:    public:
        -:   58:      typedef _Tp        value_type;
        -:   59:      typedef std::size_t     size_type;
        -:   60:      typedef std::ptrdiff_t  difference_type;
        -:   61:#if __cplusplus <= 201703L
        -:   62:      typedef _Tp*       pointer;
        -:   63:      typedef const _Tp* const_pointer;
        -:   64:      typedef _Tp&       reference;
        -:   65:      typedef const _Tp& const_reference;
        -:   66:
        -:   67:      template<typename _Tp1>
        -:   68:	struct rebind
        -:   69:	{ typedef new_allocator<_Tp1> other; };
        -:   70:#endif
        -:   71:
        -:   72:#if __cplusplus >= 201103L
        -:   73:      // _GLIBCXX_RESOLVE_LIB_DEFECTS
        -:   74:      // 2103. propagate_on_container_move_assignment
        -:   75:      typedef std::true_type propagate_on_container_move_assignment;
        -:   76:#endif
        -:   77:
        -:   78:      _GLIBCXX20_CONSTEXPR
     112*:   79:      new_allocator() _GLIBCXX_USE_NOEXCEPT { }
------------------
_ZN9__gnu_cxx13new_allocatorIPNSt8__detail15_Hash_node_baseEEC2Ev:
function _ZN9__gnu_cxx13new_allocatorIPNSt8__detail15_Hash_node_baseEEC2Ev called 4 returned 100% blocks executed 100%
        4:   79:      new_allocator() _GLIBCXX_USE_NOEXCEPT { }
------------------
_ZN9__gnu_cxx13new_allocatorIPP4NodeEC2Ev:
function _ZN9__gnu_cxx13new_allocatorIPP4NodeEC2Ev called 6 returned 100% blocks executed 100%
        6:   79:      new_allocator() _GLIBCXX_USE_NOEXCEPT { }
------------------
_ZN9__gnu_cxx13new_allocatorISt6vectorINSt7__cxx1112basic_stringIcSt11char_traitsIcESaIcEEESaIS7_EEEC2Ev:
function _ZN9__gnu_cxx13new_allocatorISt6vectorINSt7__cxx1112basic_stringIcSt11char_traitsIcESaIcEEESaIS7_EEEC2Ev called 2 returned 100% blocks executed 100%
        2:   79:      new_allocator() _GLIBCXX_USE_NOEXCEPT { }
------------------
_ZN9__gnu_cxx13new_allocatorINSt7__cxx1112basic_stringIcSt11char_traitsIcESaIcEEEEC2Ev:
function _ZN9__gnu_cxx13new_allocatorINSt7__cxx1112basic_stringIcSt11char_traitsIcESaIcEEEEC2Ev called 20 returned 100% blocks executed 100%
       20:   79:      new_allocator() _GLIBCXX_USE_NOEXCEPT { }
------------------
_ZN9__gnu_cxx13new_allocatorIP4NodeEC2Ev:
function _ZN9__gnu_cxx13new_allocatorIP4NodeEC2Ev called 79 returned 100% blocks executed 100%
       79:   79:      new_allocator() _GLIBCXX_USE_NOEXCEPT { }
------------------
_ZN9__gnu_cxx13new_allocatorINSt8__detail10_Hash_nodeISt4pairIKNSt7__cxx1112basic_stringIcSt11char_traitsIcESaIcEEEiELb1EEEEC2Ev:
function _ZN9__gnu_cxx13new_allocatorINSt8__detail10_Hash_nodeISt4pairIKNSt7__cxx1112basic_stringIcSt11char_traitsIcESaIcEEEiELb1EEEEC2Ev called 1 returned 100% blocks executed 100%
        1:   79:      new_allocator() _GLIBCXX_USE_NOEXCEPT { }
------------------
_ZN9__gnu_cxx13new_allocatorIcEC2Ev:
function _ZN9__gnu_cxx13new_allocatorIcEC2Ev called 0 returned 0% blocks executed 0%
    #####:   79:      new_allocator() _GLIBCXX_USE_NOEXCEPT { }
------------------
        -:   80:
        -:   81:      _GLIBCXX20_CONSTEXPR
     130*:   82:      new_allocator(const new_allocator&) _GLIBCXX_USE_NOEXCEPT { }
------------------
_ZN9__gnu_cxx13new_allocatorIP4NodeEC2ERKS3_:
function _ZN9__gnu_cxx13new_allocatorIP4NodeEC2ERKS3_ called 108 returned 100% blocks executed 100%
      108:   82:      new_allocator(const new_allocator&) _GLIBCXX_USE_NOEXCEPT { }
------------------
_ZN9__gnu_cxx13new_allocatorISt6vectorINSt7__cxx1112basic_stringIcSt11char_traitsIcESaIcEEESaIS7_EEEC2ERKSA_:
function _ZN9__gnu_cxx13new_allocatorISt6vectorINSt7__cxx1112basic_stringIcSt11char_traitsIcESaIcEEESaIS7_EEEC2ERKSA_ called 4 returned 100% blocks executed 100%
        4:   82:      new_allocator(const new_allocator&) _GLIBCXX_USE_NOEXCEPT { }
------------------
_ZN9__gnu_cxx13new_allocatorIcEC2ERKS1_:
function _ZN9__gnu_cxx13new_allocatorIcEC2ERKS1_ called 0 returned 0% blocks executed 0%
    #####:   82:      new_allocator(const new_allocator&) _GLIBCXX_USE_NOEXCEPT { }
------------------
_ZN9__gnu_cxx13new_allocatorINSt7__cxx1112basic_stringIcSt11char_traitsIcESaIcEEEEC2ERKS7_:
function _ZN9__gnu_cxx13new_allocatorINSt7__cxx1112basic_stringIcSt11char_traitsIcESaIcEEEEC2ERKS7_ called 18 returned 100% blocks executed 100%
       18:   82:      new_allocator(const new_allocator&) _GLIBCXX_USE_NOEXCEPT { }
------------------
        -:   83:
        -:   84:      template<typename _Tp1>
        -:   85:	_GLIBCXX20_CONSTEXPR
        -:   86:	new_allocator(const new_allocator<_Tp1>&) _GLIBCXX_USE_NOEXCEPT { }
        -:   87:
        -:   88:#if __cplusplus <= 201703L
     159*:   89:      ~new_allocator() _GLIBCXX_USE_NOEXCEPT { }
------------------
_ZN9__gnu_cxx13new_allocatorIPNSt8__detail15_Hash_node_baseEED2Ev:
function _ZN9__gnu_cxx13new_allocatorIPNSt8__detail15_Hash_node_baseEED2Ev called 4 returned 100% blocks executed 100%
        4:   89:      ~new_allocator() _GLIBCXX_USE_NOEXCEPT { }
------------------
_ZN9__gnu_cxx13new_allocatorIPP4NodeED2Ev:
function _ZN9__gnu_cxx13new_allocatorIPP4NodeED2Ev called 6 returned 100% blocks executed 100%
        6:   89:      ~new_allocator() _GLIBCXX_USE_NOEXCEPT { }
------------------
_ZN9__gnu_cxx13new_allocatorINSt8__detail10_Hash_nodeISt4pairIKNSt7__cxx1112basic_stringIcSt11char_traitsIcESaIcEEEiELb1EEEED2Ev:
function _ZN9__gnu_cxx13new_allocatorINSt8__detail10_Hash_nodeISt4pairIKNSt7__cxx1112basic_stringIcSt11char_traitsIcESaIcEEEiELb1EEEED2Ev called 1 returned 100% blocks executed 100%
        1:   89:      ~new_allocator() _GLIBCXX_USE_NOEXCEPT { }
------------------
_ZN9__gnu_cxx13new_allocatorISt6vectorINSt7__cxx1112basic_stringIcSt11char_traitsIcESaIcEEESaIS7_EEED2Ev:
function _ZN9__gnu_cxx13new_allocatorISt6vectorINSt7__cxx1112basic_stringIcSt11char_traitsIcESaIcEEESaIS7_EEED2Ev called 4 returned 100% blocks executed 100%
        4:   89:      ~new_allocator() _GLIBCXX_USE_NOEXCEPT { }
------------------
_ZN9__gnu_cxx13new_allocatorINSt7__cxx1112basic_stringIcSt11char_traitsIcESaIcEEEED2Ev:
function _ZN9__gnu_cxx13new_allocatorINSt7__cxx1112basic_stringIcSt11char_traitsIcESaIcEEEED2Ev called 33 returned 100% blocks executed 100%
       33:   89:      ~new_allocator() _GLIBCXX_USE_NOEXCEPT { }
------------------
_ZN9__gnu_cxx13new_allocatorIP4NodeED2Ev:
function _ZN9__gnu_cxx13new_allocatorIP4NodeED2Ev called 111 returned 100% blocks executed 100%
      111:   89:      ~new_allocator() _GLIBCXX_USE_NOEXCEPT { }
------------------
_ZN9__gnu_cxx13new_allocatorIcED2Ev:
function _ZN9__gnu_cxx13new_allocatorIcED2Ev called 0 returned 0% blocks executed 0%
    #####:   89:      ~new_allocator() _GLIBCXX_USE_NOEXCEPT { }
------------------
        -:   90:
        -:   91:      pointer
        -:   92:      address(reference __x) const _GLIBCXX_NOEXCEPT
        -:   93:      { return std::__addressof(__x); }
        -:   94:
        -:   95:      const_pointer
        -:   96:      address(const_reference __x) const _GLIBCXX_NOEXCEPT
        -:   97:      { return std::__addressof(__x); }
        -:   98:#endif
        -:   99:
        -:  100:      // NB: __n is permitted to be 0.  The C++ standard says nothing
        -:  101:      // about what the return value is when __n == 0.
        -:  102:      _GLIBCXX_NODISCARD _Tp*
     108*:  103:      allocate(size_type __n, const void* = static_cast<const void*>(0))
        -:  104:      {
        -:  105:#if __cplusplus >= 201103L
        -:  106:	 // _GLIBCXX_RESOLVE_LIB_DEFECTS
        -:  107:	 // 3308. std::allocator<void>().allocate(n)
        -:  108:	 static_assert(sizeof(_Tp) != 0, "cannot allocate incomplete types");
        -:  109:#endif
        -:  110:
     108*:  111:	if (__builtin_expect(__n > this->_M_max_size(), false))
        -:  112:	  {
        -:  113:	    // _GLIBCXX_RESOLVE_LIB_DEFECTS
        -:  114:	    // 3190. allocator::allocate sometimes returns too little storage
    #####:  115:	    if (__n > (std::size_t(-1) / sizeof(_Tp)))
    #####:  116:	      std::__throw_bad_array_new_length();
    #####:  117:	    std::__throw_bad_alloc();
        -:  118:	  }
        -:  119:
        -:  120:#if __cpp_aligned_new
        -:  121:	if (alignof(_Tp) > __STDCPP_DEFAULT_NEW_ALIGNMENT__)
        -:  122:	  {
        -:  123:	    std::align_val_t __al = std::align_val_t(alignof(_Tp));
        -:  124:	    return static_cast<_Tp*>(::operator new(__n * sizeof(_Tp), __al));
        -:  125:	  }
        -:  126:#endif
     108*:  127:	return static_cast<_Tp*>(::operator new(__n * sizeof(_Tp)));
        -:  128:      }
------------------
_ZN9__gnu_cxx13new_allocatorIPNSt8__detail15_Hash_node_baseEE8allocateEyPKv:
function _ZN9__gnu_cxx13new_allocatorIPNSt8__detail15_Hash_node_baseEE8allocateEyPKv called 2 returned 100% blocks executed 62%
        2:  103:      allocate(size_type __n, const void* = static_cast<const void*>(0))
        -:  104:      {
        -:  105:#if __cplusplus >= 201103L
        -:  106:	 // _GLIBCXX_RESOLVE_LIB_DEFECTS
        -:  107:	 // 3308. std::allocator<void>().allocate(n)
        -:  108:	 static_assert(sizeof(_Tp) != 0, "cannot allocate incomplete types");
        -:  109:#endif
        -:  110:
        2:  111:	if (__builtin_expect(__n > this->_M_max_size(), false))
        2:  111-block  0
call    0 returned 2
branch  1 taken 0 (fallthrough)
branch  2 taken 2
        -:  112:	  {
        -:  113:	    // _GLIBCXX_RESOLVE_LIB_DEFECTS
        -:  114:	    // 3190. allocator::allocate sometimes returns too little storage
    #####:  115:	    if (__n > (std::size_t(-1) / sizeof(_Tp)))
    %%%%%:  115-block  0
branch  0 never executed
branch  1 never executed
    #####:  116:	      std::__throw_bad_array_new_length();
    %%%%%:  116-block  0
call    0 never executed
    #####:  117:	    std::__throw_bad_alloc();
    %%%%%:  117-block  0
call    0 never executed
        -:  118:	  }
        -:  119:
        -:  120:#if __cpp_aligned_new
        -:  121:	if (alignof(_Tp) > __STDCPP_DEFAULT_NEW_ALIGNMENT__)
        -:  122:	  {
        -:  123:	    std::align_val_t __al = std::align_val_t(alignof(_Tp));
        -:  124:	    return static_cast<_Tp*>(::operator new(__n * sizeof(_Tp), __al));
        -:  125:	  }
        -:  126:#endif
        2:  127:	return static_cast<_Tp*>(::operator new(__n * sizeof(_Tp)));
        2:  127-block  0
call    0 returned 2
        -:  128:      }
------------------
_ZN9__gnu_cxx13new_allocatorINSt8__detail10_Hash_nodeISt4pairIKNSt7__cxx1112basic_stringIcSt11char_traitsIcESaIcEEEiELb1EEEE8allocateEyPKv:
function _ZN9__gnu_cxx13new_allocatorINSt8__detail10_Hash_nodeISt4pairIKNSt7__cxx1112basic_stringIcSt11char_traitsIcESaIcEEEiELb1EEEE8allocateEyPKv called 11 returned 100% blocks executed 62%
       11:  103:      allocate(size_type __n, const void* = static_cast<const void*>(0))
        -:  104:      {
        -:  105:#if __cplusplus >= 201103L
        -:  106:	 // _GLIBCXX_RESOLVE_LIB_DEFECTS
        -:  107:	 // 3308. std::allocator<void>().allocate(n)
        -:  108:	 static_assert(sizeof(_Tp) != 0, "cannot allocate incomplete types");
        -:  109:#endif
        -:  110:
       11:  111:	if (__builtin_expect(__n > this->_M_max_size(), false))
       11:  111-block  0
call    0 returned 11
branch  1 taken 0 (fallthrough)
branch  2 taken 11
        -:  112:	  {
        -:  113:	    // _GLIBCXX_RESOLVE_LIB_DEFECTS
        -:  114:	    // 3190. allocator::allocate sometimes returns too little storage
    #####:  115:	    if (__n > (std::size_t(-1) / sizeof(_Tp)))
    %%%%%:  115-block  0
branch  0 never executed
branch  1 never executed
    #####:  116:	      std::__throw_bad_array_new_length();
    %%%%%:  116-block  0
call    0 never executed
    #####:  117:	    std::__throw_bad_alloc();
    %%%%%:  117-block  0
call    0 never executed
        -:  118:	  }
        -:  119:
        -:  120:#if __cpp_aligned_new
        -:  121:	if (alignof(_Tp) > __STDCPP_DEFAULT_NEW_ALIGNMENT__)
        -:  122:	  {
        -:  123:	    std::align_val_t __al = std::align_val_t(alignof(_Tp));
        -:  124:	    return static_cast<_Tp*>(::operator new(__n * sizeof(_Tp), __al));
        -:  125:	  }
        -:  126:#endif
       11:  127:	return static_cast<_Tp*>(::operator new(__n * sizeof(_Tp)));
       11:  127-block  0
call    0 returned 11
        -:  128:      }
------------------
_ZN9__gnu_cxx13new_allocatorIPP4NodeE8allocateEyPKv:
function _ZN9__gnu_cxx13new_allocatorIPP4NodeE8allocateEyPKv called 3 returned 100% blocks executed 62%
        3:  103:      allocate(size_type __n, const void* = static_cast<const void*>(0))
        -:  104:      {
        -:  105:#if __cplusplus >= 201103L
        -:  106:	 // _GLIBCXX_RESOLVE_LIB_DEFECTS
        -:  107:	 // 3308. std::allocator<void>().allocate(n)
        -:  108:	 static_assert(sizeof(_Tp) != 0, "cannot allocate incomplete types");
        -:  109:#endif
        -:  110:
        3:  111:	if (__builtin_expect(__n > this->_M_max_size(), false))
        3:  111-block  0
call    0 returned 3
branch  1 taken 0 (fallthrough)
branch  2 taken 3
        -:  112:	  {
        -:  113:	    // _GLIBCXX_RESOLVE_LIB_DEFECTS
        -:  114:	    // 3190. allocator::allocate sometimes returns too little storage
    #####:  115:	    if (__n > (std::size_t(-1) / sizeof(_Tp)))
    %%%%%:  115-block  0
branch  0 never executed
branch  1 never executed
    #####:  116:	      std::__throw_bad_array_new_length();
    %%%%%:  116-block  0
call    0 never executed
    #####:  117:	    std::__throw_bad_alloc();
    %%%%%:  117-block  0
call    0 never executed
        -:  118:	  }
        -:  119:
        -:  120:#if __cpp_aligned_new
        -:  121:	if (alignof(_Tp) > __STDCPP_DEFAULT_NEW_ALIGNMENT__)
        -:  122:	  {
        -:  123:	    std::align_val_t __al = std::align_val_t(alignof(_Tp));
        -:  124:	    return static_cast<_Tp*>(::operator new(__n * sizeof(_Tp), __al));
        -:  125:	  }
        -:  126:#endif
        3:  127:	return static_cast<_Tp*>(::operator new(__n * sizeof(_Tp)));
        3:  127-block  0
call    0 returned 3
        -:  128:      }
------------------
_ZN9__gnu_cxx13new_allocatorINSt7__cxx1112basic_stringIcSt11char_traitsIcESaIcEEEE8allocateEyPKv:
function _ZN9__gnu_cxx13new_allocatorINSt7__cxx1112basic_stringIcSt11char_traitsIcESaIcEEEE8allocateEyPKv called 25 returned 100% blocks executed 62%
       25:  103:      allocate(size_type __n, const void* = static_cast<const void*>(0))
        -:  104:      {
        -:  105:#if __cplusplus >= 201103L
        -:  106:	 // _GLIBCXX_RESOLVE_LIB_DEFECTS
        -:  107:	 // 3308. std::allocator<void>().allocate(n)
        -:  108:	 static_assert(sizeof(_Tp) != 0, "cannot allocate incomplete types");
        -:  109:#endif
        -:  110:
       25:  111:	if (__builtin_expect(__n > this->_M_max_size(), false))
       25:  111-block  0
call    0 returned 25
branch  1 taken 0 (fallthrough)
branch  2 taken 25
        -:  112:	  {
        -:  113:	    // _GLIBCXX_RESOLVE_LIB_DEFECTS
        -:  114:	    // 3190. allocator::allocate sometimes returns too little storage
    #####:  115:	    if (__n > (std::size_t(-1) / sizeof(_Tp)))
    %%%%%:  115-block  0
branch  0 never executed
branch  1 never executed
    #####:  116:	      std::__throw_bad_array_new_length();
    %%%%%:  116-block  0
call    0 never executed
    #####:  117:	    std::__throw_bad_alloc();
    %%%%%:  117-block  0
call    0 never executed
        -:  118:	  }
        -:  119:
        -:  120:#if __cpp_aligned_new
        -:  121:	if (alignof(_Tp) > __STDCPP_DEFAULT_NEW_ALIGNMENT__)
        -:  122:	  {
        -:  123:	    std::align_val_t __al = std::align_val_t(alignof(_Tp));
        -:  124:	    return static_cast<_Tp*>(::operator new(__n * sizeof(_Tp), __al));
        -:  125:	  }
        -:  126:#endif
       25:  127:	return static_cast<_Tp*>(::operator new(__n * sizeof(_Tp)));
       25:  127-block  0
call    0 returned 25
        -:  128:      }
------------------
_ZN9__gnu_cxx13new_allocatorISt6vectorINSt7__cxx1112basic_stringIcSt11char_traitsIcESaIcEEESaIS7_EEE8allocateEyPKv:
function _ZN9__gnu_cxx13new_allocatorISt6vectorINSt7__cxx1112basic_stringIcSt11char_traitsIcESaIcEEESaIS7_EEE8allocateEyPKv called 0 returned 0% blocks executed 0%
    #####:  103:      allocate(size_type __n, const void* = static_cast<const void*>(0))
        -:  104:      {
        -:  105:#if __cplusplus >= 201103L
        -:  106:	 // _GLIBCXX_RESOLVE_LIB_DEFECTS
        -:  107:	 // 3308. std::allocator<void>().allocate(n)
        -:  108:	 static_assert(sizeof(_Tp) != 0, "cannot allocate incomplete types");
        -:  109:#endif
        -:  110:
    #####:  111:	if (__builtin_expect(__n > this->_M_max_size(), false))
    %%%%%:  111-block  0
call    0 never executed
branch  1 never executed
branch  2 never executed
        -:  112:	  {
        -:  113:	    // _GLIBCXX_RESOLVE_LIB_DEFECTS
        -:  114:	    // 3190. allocator::allocate sometimes returns too little storage
    #####:  115:	    if (__n > (std::size_t(-1) / sizeof(_Tp)))
    %%%%%:  115-block  0
branch  0 never executed
branch  1 never executed
    #####:  116:	      std::__throw_bad_array_new_length();
    %%%%%:  116-block  0
call    0 never executed
    #####:  117:	    std::__throw_bad_alloc();
    %%%%%:  117-block  0
call    0 never executed
        -:  118:	  }
        -:  119:
        -:  120:#if __cpp_aligned_new
        -:  121:	if (alignof(_Tp) > __STDCPP_DEFAULT_NEW_ALIGNMENT__)
        -:  122:	  {
        -:  123:	    std::align_val_t __al = std::align_val_t(alignof(_Tp));
        -:  124:	    return static_cast<_Tp*>(::operator new(__n * sizeof(_Tp), __al));
        -:  125:	  }
        -:  126:#endif
    #####:  127:	return static_cast<_Tp*>(::operator new(__n * sizeof(_Tp)));
    %%%%%:  127-block  0
call    0 never executed
        -:  128:      }
------------------
_ZN9__gnu_cxx13new_allocatorIP4NodeE8allocateEyPKv:
function _ZN9__gnu_cxx13new_allocatorIP4NodeE8allocateEyPKv called 67 returned 100% blocks executed 62%
       67:  103:      allocate(size_type __n, const void* = static_cast<const void*>(0))
        -:  104:      {
        -:  105:#if __cplusplus >= 201103L
        -:  106:	 // _GLIBCXX_RESOLVE_LIB_DEFECTS
        -:  107:	 // 3308. std::allocator<void>().allocate(n)
        -:  108:	 static_assert(sizeof(_Tp) != 0, "cannot allocate incomplete types");
        -:  109:#endif
        -:  110:
       67:  111:	if (__builtin_expect(__n > this->_M_max_size(), false))
       67:  111-block  0
call    0 returned 67
branch  1 taken 0 (fallthrough)
branch  2 taken 67
        -:  112:	  {
        -:  113:	    // _GLIBCXX_RESOLVE_LIB_DEFECTS
        -:  114:	    // 3190. allocator::allocate sometimes returns too little storage
    #####:  115:	    if (__n > (std::size_t(-1) / sizeof(_Tp)))
    %%%%%:  115-block  0
branch  0 never executed
branch  1 never executed
    #####:  116:	      std::__throw_bad_array_new_length();
    %%%%%:  116-block  0
call    0 never executed
    #####:  117:	    std::__throw_bad_alloc();
    %%%%%:  117-block  0
call    0 never executed
        -:  118:	  }
        -:  119:
        -:  120:#if __cpp_aligned_new
        -:  121:	if (alignof(_Tp) > __STDCPP_DEFAULT_NEW_ALIGNMENT__)
        -:  122:	  {
        -:  123:	    std::align_val_t __al = std::align_val_t(alignof(_Tp));
        -:  124:	    return static_cast<_Tp*>(::operator new(__n * sizeof(_Tp), __al));
        -:  125:	  }
        -:  126:#endif
       67:  127:	return static_cast<_Tp*>(::operator new(__n * sizeof(_Tp)));
       67:  127-block  0
call    0 returned 67
        -:  128:      }
------------------
        -:  129:
        -:  130:      // __p is not permitted to be a null pointer.
        -:  131:      void
      73*:  132:      deallocate(_Tp* __p, size_type __t __attribute__ ((__unused__)))
        -:  133:      {
        -:  134:#if __cpp_aligned_new
        -:  135:	if (alignof(_Tp) > __STDCPP_DEFAULT_NEW_ALIGNMENT__)
        -:  136:	  {
        -:  137:	    ::operator delete(__p,
        -:  138:# if __cpp_sized_deallocation
        -:  139:			      __t * sizeof(_Tp),
        -:  140:# endif
        -:  141:			      std::align_val_t(alignof(_Tp)));
        -:  142:	    return;
        -:  143:	  }
        -:  144:#endif
      73*:  145:	::operator delete(__p
        -:  146:#if __cpp_sized_deallocation
        -:  147:			  , __t * sizeof(_Tp)
        -:  148:#endif
        -:  149:			 );
      73*:  150:      }
------------------
_ZN9__gnu_cxx13new_allocatorIPNSt8__detail15_Hash_node_baseEE10deallocateEPS3_y:
function _ZN9__gnu_cxx13new_allocatorIPNSt8__detail15_Hash_node_baseEE10deallocateEPS3_y called 2 returned 100% blocks executed 100%
        2:  132:      deallocate(_Tp* __p, size_type __t __attribute__ ((__unused__)))
        -:  133:      {
        -:  134:#if __cpp_aligned_new
        -:  135:	if (alignof(_Tp) > __STDCPP_DEFAULT_NEW_ALIGNMENT__)
        -:  136:	  {
        -:  137:	    ::operator delete(__p,
        -:  138:# if __cpp_sized_deallocation
        -:  139:			      __t * sizeof(_Tp),
        -:  140:# endif
        -:  141:			      std::align_val_t(alignof(_Tp)));
        -:  142:	    return;
        -:  143:	  }
        -:  144:#endif
        2:  145:	::operator delete(__p
        2:  145-block  0
call    0 returned 2
        -:  146:#if __cpp_sized_deallocation
        -:  147:			  , __t * sizeof(_Tp)
        -:  148:#endif
        -:  149:			 );
        2:  150:      }
------------------
_ZN9__gnu_cxx13new_allocatorINSt8__detail10_Hash_nodeISt4pairIKNSt7__cxx1112basic_stringIcSt11char_traitsIcESaIcEEEiELb1EEEE10deallocateEPSC_y:
function _ZN9__gnu_cxx13new_allocatorINSt8__detail10_Hash_nodeISt4pairIKNSt7__cxx1112basic_stringIcSt11char_traitsIcESaIcEEEiELb1EEEE10deallocateEPSC_y called 11 returned 100% blocks executed 100%
       11:  132:      deallocate(_Tp* __p, size_type __t __attribute__ ((__unused__)))
        -:  133:      {
        -:  134:#if __cpp_aligned_new
        -:  135:	if (alignof(_Tp) > __STDCPP_DEFAULT_NEW_ALIGNMENT__)
        -:  136:	  {
        -:  137:	    ::operator delete(__p,
        -:  138:# if __cpp_sized_deallocation
        -:  139:			      __t * sizeof(_Tp),
        -:  140:# endif
        -:  141:			      std::align_val_t(alignof(_Tp)));
        -:  142:	    return;
        -:  143:	  }
        -:  144:#endif
       11:  145:	::operator delete(__p
       11:  145-block  0
call    0 returned 11
        -:  146:#if __cpp_sized_deallocation
        -:  147:			  , __t * sizeof(_Tp)
        -:  148:#endif
        -:  149:			 );
       11:  150:      }
------------------
_ZN9__gnu_cxx13new_allocatorIPP4NodeE10deallocateEPS3_y:
function _ZN9__gnu_cxx13new_allocatorIPP4NodeE10deallocateEPS3_y called 3 returned 100% blocks executed 100%
        3:  132:      deallocate(_Tp* __p, size_type __t __attribute__ ((__unused__)))
        -:  133:      {
        -:  134:#if __cpp_aligned_new
        -:  135:	if (alignof(_Tp) > __STDCPP_DEFAULT_NEW_ALIGNMENT__)
        -:  136:	  {
        -:  137:	    ::operator delete(__p,
        -:  138:# if __cpp_sized_deallocation
        -:  139:			      __t * sizeof(_Tp),
        -:  140:# endif
        -:  141:			      std::align_val_t(alignof(_Tp)));
        -:  142:	    return;
        -:  143:	  }
        -:  144:#endif
        3:  145:	::operator delete(__p
        3:  145-block  0
call    0 returned 3
        -:  146:#if __cpp_sized_deallocation
        -:  147:			  , __t * sizeof(_Tp)
        -:  148:#endif
        -:  149:			 );
        3:  150:      }
------------------
_ZN9__gnu_cxx13new_allocatorISt6vectorINSt7__cxx1112basic_stringIcSt11char_traitsIcESaIcEEESaIS7_EEE10deallocateEPS9_y:
function _ZN9__gnu_cxx13new_allocatorISt6vectorINSt7__cxx1112basic_stringIcSt11char_traitsIcESaIcEEESaIS7_EEE10deallocateEPS9_y called 0 returned 0% blocks executed 0%
    #####:  132:      deallocate(_Tp* __p, size_type __t __attribute__ ((__unused__)))
        -:  133:      {
        -:  134:#if __cpp_aligned_new
        -:  135:	if (alignof(_Tp) > __STDCPP_DEFAULT_NEW_ALIGNMENT__)
        -:  136:	  {
        -:  137:	    ::operator delete(__p,
        -:  138:# if __cpp_sized_deallocation
        -:  139:			      __t * sizeof(_Tp),
        -:  140:# endif
        -:  141:			      std::align_val_t(alignof(_Tp)));
        -:  142:	    return;
        -:  143:	  }
        -:  144:#endif
    #####:  145:	::operator delete(__p
    %%%%%:  145-block  0
call    0 never executed
        -:  146:#if __cpp_sized_deallocation
        -:  147:			  , __t * sizeof(_Tp)
        -:  148:#endif
        -:  149:			 );
    #####:  150:      }
------------------
_ZN9__gnu_cxx13new_allocatorINSt7__cxx1112basic_stringIcSt11char_traitsIcESaIcEEEE10deallocateEPS6_y:
function _ZN9__gnu_cxx13new_allocatorINSt7__cxx1112basic_stringIcSt11char_traitsIcESaIcEEEE10deallocateEPS6_y called 22 returned 100% blocks executed 100%
       22:  132:      deallocate(_Tp* __p, size_type __t __attribute__ ((__unused__)))
        -:  133:      {
        -:  134:#if __cpp_aligned_new
        -:  135:	if (alignof(_Tp) > __STDCPP_DEFAULT_NEW_ALIGNMENT__)
        -:  136:	  {
        -:  137:	    ::operator delete(__p,
        -:  138:# if __cpp_sized_deallocation
        -:  139:			      __t * sizeof(_Tp),
        -:  140:# endif
        -:  141:			      std::align_val_t(alignof(_Tp)));
        -:  142:	    return;
        -:  143:	  }
        -:  144:#endif
       22:  145:	::operator delete(__p
       22:  145-block  0
call    0 returned 22
        -:  146:#if __cpp_sized_deallocation
        -:  147:			  , __t * sizeof(_Tp)
        -:  148:#endif
        -:  149:			 );
       22:  150:      }
------------------
_ZN9__gnu_cxx13new_allocatorIP4NodeE10deallocateEPS2_y:
function _ZN9__gnu_cxx13new_allocatorIP4NodeE10deallocateEPS2_y called 35 returned 100% blocks executed 100%
       35:  132:      deallocate(_Tp* __p, size_type __t __attribute__ ((__unused__)))
        -:  133:      {
        -:  134:#if __cpp_aligned_new
        -:  135:	if (alignof(_Tp) > __STDCPP_DEFAULT_NEW_ALIGNMENT__)
        -:  136:	  {
        -:  137:	    ::operator delete(__p,
        -:  138:# if __cpp_sized_deallocation
        -:  139:			      __t * sizeof(_Tp),
        -:  140:# endif
        -:  141:			      std::align_val_t(alignof(_Tp)));
        -:  142:	    return;
        -:  143:	  }
        -:  144:#endif
       35:  145:	::operator delete(__p
       35:  145-block  0
call    0 returned 35
        -:  146:#if __cpp_sized_deallocation
        -:  147:			  , __t * sizeof(_Tp)
        -:  148:#endif
        -:  149:			 );
       35:  150:      }
------------------
        -:  151:
        -:  152:#if __cplusplus <= 201703L
        -:  153:      size_type
     119*:  154:      max_size() const _GLIBCXX_USE_NOEXCEPT
     119*:  155:      { return _M_max_size(); }
------------------
_ZNK9__gnu_cxx13new_allocatorINSt7__cxx1112basic_stringIcSt11char_traitsIcESaIcEEEE8max_sizeEv:
function _ZNK9__gnu_cxx13new_allocatorINSt7__cxx1112basic_stringIcSt11char_traitsIcESaIcEEEE8max_sizeEv called 35 returned 100% blocks executed 100%
       35:  154:      max_size() const _GLIBCXX_USE_NOEXCEPT
       35:  155:      { return _M_max_size(); }
       35:  155-block  0
call    0 returned 35
------------------
_ZNK9__gnu_cxx13new_allocatorISt6vectorINSt7__cxx1112basic_stringIcSt11char_traitsIcESaIcEEESaIS7_EEE8max_sizeEv:
function _ZNK9__gnu_cxx13new_allocatorISt6vectorINSt7__cxx1112basic_stringIcSt11char_traitsIcESaIcEEESaIS7_EEE8max_sizeEv called 0 returned 0% blocks executed 0%
    #####:  154:      max_size() const _GLIBCXX_USE_NOEXCEPT
    #####:  155:      { return _M_max_size(); }
    %%%%%:  155-block  0
call    0 never executed
------------------
_ZNK9__gnu_cxx13new_allocatorIP4NodeE8max_sizeEv:
function _ZNK9__gnu_cxx13new_allocatorIP4NodeE8max_sizeEv called 84 returned 100% blocks executed 100%
       84:  154:      max_size() const _GLIBCXX_USE_NOEXCEPT
       84:  155:      { return _M_max_size(); }
       84:  155-block  0
call    0 returned 84
------------------
        -:  156:
        -:  157:#if __cplusplus >= 201103L
        -:  158:      template<typename _Up, typename... _Args>
        -:  159:	void
     143*:  160:	construct(_Up* __p, _Args&&... __args)
        -:  161:	noexcept(std::is_nothrow_constructible<_Up, _Args...>::value)
     143*:  162:	{ ::new((void *)__p) _Up(std::forward<_Args>(__args)...); }
------------------
_ZN9__gnu_cxx13new_allocatorISt6vectorINSt7__cxx1112basic_stringIcSt11char_traitsIcESaIcEEESaIS7_EEE9constructIS9_JS9_EEEvPT_DpOT0_:
function _ZN9__gnu_cxx13new_allocatorISt6vectorINSt7__cxx1112basic_stringIcSt11char_traitsIcESaIcEEESaIS7_EEE9constructIS9_JS9_EEEvPT_DpOT0_ called 0 returned 0% blocks executed 0%
    #####:  160:	construct(_Up* __p, _Args&&... __args)
        -:  161:	noexcept(std::is_nothrow_constructible<_Up, _Args...>::value)
    #####:  162:	{ ::new((void *)__p) _Up(std::forward<_Args>(__args)...); }
    %%%%%:  162-block  0
call    0 never executed
call    1 never executed
call    2 never executed
------------------
_ZN9__gnu_cxx13new_allocatorINSt8__detail10_Hash_nodeISt4pairIKNSt7__cxx1112basic_stringIcSt11char_traitsIcESaIcEEEiELb1EEEE9constructISB_JRKSt21piecewise_construct_tSt5tupleIJRSA_EESI_IJEEEEEvPT_DpOT0_:
function _ZN9__gnu_cxx13new_allocatorINSt8__detail10_Hash_nodeISt4pairIKNSt7__cxx1112basic_stringIcSt11char_traitsIcESaIcEEEiELb1EEEE9constructISB_JRKSt21piecewise_construct_tSt5tupleIJRSA_EESI_IJEEEEEvPT_DpOT0_ called 11 returned 100% blocks executed 67%
       11:  160:	construct(_Up* __p, _Args&&... __args)
        -:  161:	noexcept(std::is_nothrow_constructible<_Up, _Args...>::value)
       11:  162:	{ ::new((void *)__p) _Up(std::forward<_Args>(__args)...); }
       11:  162-block  0
call    0 returned 11
call    1 returned 11
call    2 returned 11
call    3 returned 11
call    4 returned 11
call    5 returned 11
branch  6 taken 11 (fallthrough)
branch  7 taken 0 (throw)
       11:  162-block  1
    $$$$$:  162-block  2
call    8 never executed
    $$$$$:  162-block  3
    $$$$$:  162-block  4
------------------
_ZN9__gnu_cxx13new_allocatorINSt7__cxx1112basic_stringIcSt11char_traitsIcESaIcEEEE9constructIS6_JS6_EEEvPT_DpOT0_:
function _ZN9__gnu_cxx13new_allocatorINSt7__cxx1112basic_stringIcSt11char_traitsIcESaIcEEEE9constructIS6_JS6_EEEvPT_DpOT0_ called 45 returned 100% blocks executed 100%
       45:  160:	construct(_Up* __p, _Args&&... __args)
        -:  161:	noexcept(std::is_nothrow_constructible<_Up, _Args...>::value)
       45:  162:	{ ::new((void *)__p) _Up(std::forward<_Args>(__args)...); }
       45:  162-block  0
call    0 returned 45
call    1 returned 45
call    2 returned 45
------------------
_ZN9__gnu_cxx13new_allocatorINSt7__cxx1112basic_stringIcSt11char_traitsIcESaIcEEEE9constructIS6_JRKS6_EEEvPT_DpOT0_:
function _ZN9__gnu_cxx13new_allocatorINSt7__cxx1112basic_stringIcSt11char_traitsIcESaIcEEEE9constructIS6_JRKS6_EEEvPT_DpOT0_ called 11 returned 100% blocks executed 83%
       11:  160:	construct(_Up* __p, _Args&&... __args)
        -:  161:	noexcept(std::is_nothrow_constructible<_Up, _Args...>::value)
       11:  162:	{ ::new((void *)__p) _Up(std::forward<_Args>(__args)...); }
       11:  162-block  0
call    0 returned 11
call    1 returned 11
call    2 returned 11
branch  3 taken 11 (fallthrough)
branch  4 taken 0 (throw)
       11:  162-block  1
    $$$$$:  162-block  2
call    5 never executed
------------------
_ZN9__gnu_cxx13new_allocatorISt6vectorINSt7__cxx1112basic_stringIcSt11char_traitsIcESaIcEEESaIS7_EEE9constructIS9_JRKS9_EEEvPT_DpOT0_:
function _ZN9__gnu_cxx13new_allocatorISt6vectorINSt7__cxx1112basic_stringIcSt11char_traitsIcESaIcEEESaIS7_EEE9constructIS9_JRKS9_EEEvPT_DpOT0_ called 0 returned 0% blocks executed 0%
    #####:  160:	construct(_Up* __p, _Args&&... __args)
        -:  161:	noexcept(std::is_nothrow_constructible<_Up, _Args...>::value)
    #####:  162:	{ ::new((void *)__p) _Up(std::forward<_Args>(__args)...); }
    %%%%%:  162-block  0
call    0 never executed
call    1 never executed
call    2 never executed
branch  3 never executed
branch  4 never executed
    %%%%%:  162-block  1
    $$$$$:  162-block  2
call    5 never executed
------------------
_ZN9__gnu_cxx13new_allocatorIP4NodeE9constructIS2_JRKS2_EEEvPT_DpOT0_:
function _ZN9__gnu_cxx13new_allocatorIP4NodeE9constructIS2_JRKS2_EEEvPT_DpOT0_ called 76 returned 100% blocks executed 100%
       76:  160:	construct(_Up* __p, _Args&&... __args)
        -:  161:	noexcept(std::is_nothrow_constructible<_Up, _Args...>::value)
       76:  162:	{ ::new((void *)__p) _Up(std::forward<_Args>(__args)...); }
       76:  162-block  0
call    0 returned 76
call    1 returned 76
------------------
        -:  163:
        -:  164:      template<typename _Up>
        -:  165:	void
      58*:  166:	destroy(_Up* __p)
        -:  167:	noexcept(std::is_nothrow_destructible<_Up>::value)
      58*:  168:	{ __p->~_Up(); }
------------------
_ZN9__gnu_cxx13new_allocatorINSt8__detail10_Hash_nodeISt4pairIKNSt7__cxx1112basic_stringIcSt11char_traitsIcESaIcEEEiELb1EEEE7destroyISB_EEvPT_:
function _ZN9__gnu_cxx13new_allocatorINSt8__detail10_Hash_nodeISt4pairIKNSt7__cxx1112basic_stringIcSt11char_traitsIcESaIcEEEiELb1EEEE7destroyISB_EEvPT_ called 11 returned 100% blocks executed 100%
       11:  166:	destroy(_Up* __p)
        -:  167:	noexcept(std::is_nothrow_destructible<_Up>::value)
       11:  168:	{ __p->~_Up(); }
       11:  168-block  0
call    0 returned 11
------------------
_ZN9__gnu_cxx13new_allocatorINSt7__cxx1112basic_stringIcSt11char_traitsIcESaIcEEEE7destroyIS6_EEvPT_:
function _ZN9__gnu_cxx13new_allocatorINSt7__cxx1112basic_stringIcSt11char_traitsIcESaIcEEEE7destroyIS6_EEvPT_ called 25 returned 100% blocks executed 100%
       25:  166:	destroy(_Up* __p)
        -:  167:	noexcept(std::is_nothrow_destructible<_Up>::value)
       25:  168:	{ __p->~_Up(); }
       25:  168-block  0
call    0 returned 25
------------------
_ZN9__gnu_cxx13new_allocatorISt6vectorINSt7__cxx1112basic_stringIcSt11char_traitsIcESaIcEEESaIS7_EEE7destroyIS9_EEvPT_:
function _ZN9__gnu_cxx13new_allocatorISt6vectorINSt7__cxx1112basic_stringIcSt11char_traitsIcESaIcEEESaIS7_EEE7destroyIS9_EEvPT_ called 0 returned 0% blocks executed 0%
    #####:  166:	destroy(_Up* __p)
        -:  167:	noexcept(std::is_nothrow_destructible<_Up>::value)
    #####:  168:	{ __p->~_Up(); }
    %%%%%:  168-block  0
call    0 never executed
------------------
_ZN9__gnu_cxx13new_allocatorIP4NodeE7destroyIS2_EEvPT_:
function _ZN9__gnu_cxx13new_allocatorIP4NodeE7destroyIS2_EEvPT_ called 22 returned 100% blocks executed 100%
       22:  166:	destroy(_Up* __p)
        -:  167:	noexcept(std::is_nothrow_destructible<_Up>::value)
       22:  168:	{ __p->~_Up(); }
------------------
        -:  169:#else
        -:  170:      // _GLIBCXX_RESOLVE_LIB_DEFECTS
        -:  171:      // 402. wrong new expression in [some_] allocator::construct
        -:  172:      void
        -:  173:      construct(pointer __p, const _Tp& __val)
        -:  174:      { ::new((void *)__p) _Tp(__val); }
        -:  175:
        -:  176:      void
        -:  177:      destroy(pointer __p) { __p->~_Tp(); }
        -:  178:#endif
        -:  179:#endif // ! C++20
        -:  180:
        -:  181:      template<typename _Up>
        -:  182:	friend _GLIBCXX20_CONSTEXPR bool
        -:  183:	operator==(const new_allocator&, const new_allocator<_Up>&)
        -:  184:	_GLIBCXX_NOTHROW
        -:  185:	{ return true; }
        -:  186:
        -:  187:#if __cpp_impl_three_way_comparison < 201907L
        -:  188:      template<typename _Up>
        -:  189:	friend _GLIBCXX20_CONSTEXPR bool
        -:  190:	operator!=(const new_allocator&, const new_allocator<_Up>&)
        -:  191:	_GLIBCXX_NOTHROW
        -:  192:	{ return false; }
        -:  193:#endif
        -:  194:
        -:  195:    private:
        -:  196:      _GLIBCXX_CONSTEXPR size_type
     227*:  197:      _M_max_size() const _GLIBCXX_USE_NOEXCEPT
        -:  198:      {
        -:  199:#if __PTRDIFF_MAX__ < __SIZE_MAX__
     227*:  200:	return std::size_t(__PTRDIFF_MAX__) / sizeof(_Tp);
        -:  201:#else
        -:  202:	return std::size_t(-1) / sizeof(_Tp);
        -:  203:#endif
        -:  204:      }
        -:  205:    };
        -:  206:
        -:  207:_GLIBCXX_END_NAMESPACE_VERSION
        -:  208:} // namespace
        -:  209:
        -:  210:#endif
