        -:    0:Source:D:/BUAA_Files/Learning_Files/Senior_Three_2/BUAA_SE/Pair_Project/2023_Pair/lib/googletest/src/gtest-death-test.cc
        -:    0:Graph:D:\BUAA_Files\Learning_Files\Senior_Three_2\BUAA_SE\Pair_Project\2023_Pair\cmake-build-debug-coverage\lib\googletest\CMakeFiles\gtest.dir\src\gtest-all.cc.gcno
        -:    0:Data:D:\BUAA_Files\Learning_Files\Senior_Three_2\BUAA_SE\Pair_Project\2023_Pair\cmake-build-debug-coverage\lib\googletest\CMakeFiles\gtest.dir\src\gtest-all.cc.gcda
        -:    0:Runs:1
        -:    1:// Copyright 2005, Google Inc.
        -:    2:// All rights reserved.
        -:    3://
        -:    4:// Redistribution and use in source and binary forms, with or without
        -:    5:// modification, are permitted provided that the following conditions are
        -:    6:// met:
        -:    7://
        -:    8://     * Redistributions of source code must retain the above copyright
        -:    9:// notice, this list of conditions and the following disclaimer.
        -:   10://     * Redistributions in binary form must reproduce the above
        -:   11:// copyright notice, this list of conditions and the following disclaimer
        -:   12:// in the documentation and/or other materials provided with the
        -:   13:// distribution.
        -:   14://     * Neither the name of Google Inc. nor the names of its
        -:   15:// contributors may be used to endorse or promote products derived from
        -:   16:// this software without specific prior written permission.
        -:   17://
        -:   18:// THIS SOFTWARE IS PROVIDED BY THE COPYRIGHT HOLDERS AND CONTRIBUTORS
        -:   19:// "AS IS" AND ANY EXPRESS OR IMPLIED WARRANTIES, INCLUDING, BUT NOT
        -:   20:// LIMITED TO, THE IMPLIED WARRANTIES OF MERCHANTABILITY AND FITNESS FOR
        -:   21:// A PARTICULAR PURPOSE ARE DISCLAIMED. IN NO EVENT SHALL THE COPYRIGHT
        -:   22:// OWNER OR CONTRIBUTORS BE LIABLE FOR ANY DIRECT, INDIRECT, INCIDENTAL,
        -:   23:// SPECIAL, EXEMPLARY, OR CONSEQUENTIAL DAMAGES (INCLUDING, BUT NOT
        -:   24:// LIMITED TO, PROCUREMENT OF SUBSTITUTE GOODS OR SERVICES; LOSS OF USE,
        -:   25:// DATA, OR PROFITS; OR BUSINESS INTERRUPTION) HOWEVER CAUSED AND ON ANY
        -:   26:// THEORY OF LIABILITY, WHETHER IN CONTRACT, STRICT LIABILITY, OR TORT
        -:   27:// (INCLUDING NEGLIGENCE OR OTHERWISE) ARISING IN ANY WAY OUT OF THE USE
        -:   28:// OF THIS SOFTWARE, EVEN IF ADVISED OF THE POSSIBILITY OF SUCH DAMAGE.
        -:   29:
        -:   30://
        -:   31:// This file implements death test.
        -:   32:
        -:   33:#include "gtest/gtest-death-test.h"
        -:   34:
        -:   35:#include <functional>
        -:   36:#include <memory>
        -:   37:#include <utility>
        -:   38:#include <vector>
        -:   39:
        -:   40:#include "gtest/internal/custom/gtest.h"
        -:   41:#include "gtest/internal/gtest-port.h"
        -:   42:
        -:   43:#ifdef GTEST_HAS_DEATH_TEST
        -:   44:
        -:   45:#ifdef GTEST_OS_MAC
        -:   46:#include <crt_externs.h>
        -:   47:#endif  // GTEST_OS_MAC
        -:   48:
        -:   49:#include <errno.h>
        -:   50:#include <fcntl.h>
        -:   51:#include <limits.h>
        -:   52:
        -:   53:#ifdef GTEST_OS_LINUX
        -:   54:#include <signal.h>
        -:   55:#endif  // GTEST_OS_LINUX
        -:   56:
        -:   57:#include <stdarg.h>
        -:   58:
        -:   59:#ifdef GTEST_OS_WINDOWS
        -:   60:#include <windows.h>
        -:   61:#else
        -:   62:#include <sys/mman.h>
        -:   63:#include <sys/wait.h>
        -:   64:#endif  // GTEST_OS_WINDOWS
        -:   65:
        -:   66:#ifdef GTEST_OS_QNX
        -:   67:#include <spawn.h>
        -:   68:#endif  // GTEST_OS_QNX
        -:   69:
        -:   70:#ifdef GTEST_OS_FUCHSIA
        -:   71:#include <lib/fdio/fd.h>
        -:   72:#include <lib/fdio/io.h>
        -:   73:#include <lib/fdio/spawn.h>
        -:   74:#include <lib/zx/channel.h>
        -:   75:#include <lib/zx/port.h>
        -:   76:#include <lib/zx/process.h>
        -:   77:#include <lib/zx/socket.h>
        -:   78:#include <zircon/processargs.h>
        -:   79:#include <zircon/syscalls.h>
        -:   80:#include <zircon/syscalls/policy.h>
        -:   81:#include <zircon/syscalls/port.h>
        -:   82:#endif  // GTEST_OS_FUCHSIA
        -:   83:
        -:   84:#endif  // GTEST_HAS_DEATH_TEST
        -:   85:
        -:   86:#include "gtest/gtest-message.h"
        -:   87:#include "gtest/internal/gtest-string.h"
        -:   88:#include "src/gtest-internal-inl.h"
        -:   89:
        -:   90:namespace testing {
        -:   91:
        -:   92:// Constants.
        -:   93:
        -:   94:// The default death test style.
        -:   95://
        -:   96:// This is defined in internal/gtest-port.h as "fast", but can be overridden by
        -:   97:// a definition in internal/custom/gtest-port.h. The recommended value, which is
        -:   98:// used internally at Google, is "threadsafe".
        -:   99:static const char kDefaultDeathTestStyle[] = GTEST_DEFAULT_DEATH_TEST_STYLE;
        -:  100:
        -:  101:}  // namespace testing
        -:  102:
        -:  103:GTEST_DEFINE_string_(
        -:  104:    death_test_style,
        -:  105:    testing::internal::StringFromGTestEnv("death_test_style",
        -:  106:                                          testing::kDefaultDeathTestStyle),
        -:  107:    "Indicates how to run a death test in a forked child process: "
        -:  108:    "\"threadsafe\" (child process re-executes the test binary "
        -:  109:    "from the beginning, running only the specific death test) or "
        -:  110:    "\"fast\" (child process runs the death test immediately "
        -:  111:    "after forking).");
        -:  112:
        -:  113:GTEST_DEFINE_bool_(
        -:  114:    death_test_use_fork,
        -:  115:    testing::internal::BoolFromGTestEnv("death_test_use_fork", false),
        -:  116:    "Instructs to use fork()/_exit() instead of clone() in death test. "
        -:  117:    "Ignored and always uses fork() on POSIX systems where clone() is not "
        -:  118:    "implemented. Useful when running under valgrind or similar tools if "
        -:  119:    "those do not support clone(). Valgrind 3.3.1 will just fail if "
        -:  120:    "it sees an unsupported combination of clone() flags. "
        -:  121:    "It is not recommended to use this flag w/o valgrind though it will "
        -:  122:    "work in 99% of the cases. Once valgrind is fixed, this flag will "
        -:  123:    "most likely be removed.");
        -:  124:
        -:  125:GTEST_DEFINE_string_(
        -:  126:    internal_run_death_test, "",
        -:  127:    "Indicates the file, line number, temporal index of "
        -:  128:    "the single death test to run, and a file descriptor to "
        -:  129:    "which a success code may be sent, all separated by "
        -:  130:    "the '|' characters.  This flag is specified if and only if the "
        -:  131:    "current process is a sub-process launched for running a thread-safe "
        -:  132:    "death test.  FOR INTERNAL USE ONLY.");
        -:  133:
        -:  134:namespace testing {
        -:  135:
        -:  136:#ifdef GTEST_HAS_DEATH_TEST
        -:  137:
        -:  138:namespace internal {
        -:  139:
        -:  140:// Valid only for fast death test. Indicates the code is running in the
        -:  141:// child process of a fast style death test.
        -:  142:#if !defined(GTEST_OS_WINDOWS) && !defined(GTEST_OS_FUCHSIA)
        -:  143:static bool g_in_fast_death_test_child = false;
        -:  144:#endif
        -:  145:
        -:  146:// Returns a Boolean value indicating whether the caller is currently
        -:  147:// executing in the context of the death test child process.  Tools such as
        -:  148:// Valgrind heap checkers may need this to modify their behavior in death
        -:  149:// test.  IMPORTANT: This is an internal utility.  Using it may break the
        -:  150:// implementation of death test.  User code MUST NOT use it.
function _ZN7testing8internal16InDeathTestChildEv called 0 returned 0% blocks executed 0%
    #####:  151:bool InDeathTestChild() {
        -:  152:#if defined(GTEST_OS_WINDOWS) || defined(GTEST_OS_FUCHSIA)
        -:  153:
        -:  154:  // On Windows and Fuchsia, death test are thread-safe regardless of the value
        -:  155:  // of the death_test_style flag.
    #####:  156:  return !GTEST_FLAG_GET(internal_run_death_test).empty();
    %%%%%:  156-block  0
call    0 never executed
        -:  157:
        -:  158:#else
        -:  159:
        -:  160:  if (GTEST_FLAG_GET(death_test_style) == "threadsafe")
        -:  161:    return !GTEST_FLAG_GET(internal_run_death_test).empty();
        -:  162:  else
        -:  163:    return g_in_fast_death_test_child;
        -:  164:#endif
        -:  165:}
        -:  166:
        -:  167:}  // namespace internal
        -:  168:
        -:  169:// ExitedWithCode constructor.
function _ZN7testing14ExitedWithCodeC2Ei called 0 returned 0% blocks executed 0%
    #####:  170:ExitedWithCode::ExitedWithCode(int exit_code) : exit_code_(exit_code) {}
        -:  171:
        -:  172:// ExitedWithCode function-call operator.
function _ZNK7testing14ExitedWithCodeclEi called 0 returned 0% blocks executed 0%
    #####:  173:bool ExitedWithCode::operator()(int exit_status) const {
        -:  174:#if defined(GTEST_OS_WINDOWS) || defined(GTEST_OS_FUCHSIA)
        -:  175:
    #####:  176:  return exit_status == exit_code_;
    %%%%%:  176-block  0
        -:  177:
        -:  178:#else
        -:  179:
        -:  180:  return WIFEXITED(exit_status) && WEXITSTATUS(exit_status) == exit_code_;
        -:  181:
        -:  182:#endif  // GTEST_OS_WINDOWS || GTEST_OS_FUCHSIA
        -:  183:}
        -:  184:
        -:  185:#if !defined(GTEST_OS_WINDOWS) && !defined(GTEST_OS_FUCHSIA)
        -:  186:// KilledBySignal constructor.
        -:  187:KilledBySignal::KilledBySignal(int signum) : signum_(signum) {}
        -:  188:
        -:  189:// KilledBySignal function-call operator.
        -:  190:bool KilledBySignal::operator()(int exit_status) const {
        -:  191:#if defined(GTEST_KILLED_BY_SIGNAL_OVERRIDE_)
        -:  192:  {
        -:  193:    bool result;
        -:  194:    if (GTEST_KILLED_BY_SIGNAL_OVERRIDE_(signum_, exit_status, &result)) {
        -:  195:      return result;
        -:  196:    }
        -:  197:  }
        -:  198:#endif  // defined(GTEST_KILLED_BY_SIGNAL_OVERRIDE_)
        -:  199:  return WIFSIGNALED(exit_status) && WTERMSIG(exit_status) == signum_;
        -:  200:}
        -:  201:#endif  // !GTEST_OS_WINDOWS && !GTEST_OS_FUCHSIA
        -:  202:
        -:  203:namespace internal {
        -:  204:
        -:  205:// Utilities needed for death test.
        -:  206:
        -:  207:// Generates a textual description of a given exit code, in the format
        -:  208:// specified by wait(2).
function _ZN7testing8internalL11ExitSummaryEi called 0 returned 0% blocks executed 0%
    #####:  209:static std::string ExitSummary(int exit_code) {
    #####:  210:  Message m;
    %%%%%:  210-block  0
call    0 never executed
branch  1 never executed
branch  2 never executed
        -:  211:
        -:  212:#if defined(GTEST_OS_WINDOWS) || defined(GTEST_OS_FUCHSIA)
        -:  213:
    #####:  214:  m << "Exited with exit status " << exit_code;
    %%%%%:  214-block  0
call    0 never executed
branch  1 never executed
branch  2 never executed
    %%%%%:  214-block  1
call    3 never executed
branch  4 never executed
branch  5 never executed
        -:  215:
        -:  216:#else
        -:  217:
        -:  218:  if (WIFEXITED(exit_code)) {
        -:  219:    m << "Exited with exit status " << WEXITSTATUS(exit_code);
        -:  220:  } else if (WIFSIGNALED(exit_code)) {
        -:  221:    m << "Terminated by signal " << WTERMSIG(exit_code);
        -:  222:  }
        -:  223:#ifdef WCOREDUMP
        -:  224:  if (WCOREDUMP(exit_code)) {
        -:  225:    m << " (core dumped)";
        -:  226:  }
        -:  227:#endif
        -:  228:#endif  // GTEST_OS_WINDOWS || GTEST_OS_FUCHSIA
        -:  229:
    #####:  230:  return m.GetString();
    %%%%%:  230-block  0
call    0 never executed
branch  1 never executed
branch  2 never executed
    %%%%%:  230-block  1
    #####:  231:}
    %%%%%:  231-block  0
call    0 never executed
    $$$$$:  231-block  1
call    1 never executed
        -:  232:
        -:  233:// Returns true if exit_status describes a process that was terminated
        -:  234:// by a signal, or exited normally with a nonzero exit code.
function _ZN7testing8internal20ExitedUnsuccessfullyEi called 0 returned 0% blocks executed 0%
    #####:  235:bool ExitedUnsuccessfully(int exit_status) {
    #####:  236:  return !ExitedWithCode(0)(exit_status);
    %%%%%:  236-block  0
call    0 never executed
call    1 never executed
        -:  237:}
        -:  238:
        -:  239:#if !defined(GTEST_OS_WINDOWS) && !defined(GTEST_OS_FUCHSIA)
        -:  240:// Generates a textual failure message when a death test finds more than
        -:  241:// one thread running, or cannot determine the number of threads, prior
        -:  242:// to executing the given statement.  It is the responsibility of the
        -:  243:// caller not to pass a thread_count of 1.
        -:  244:static std::string DeathTestThreadWarning(size_t thread_count) {
        -:  245:  Message msg;
        -:  246:  msg << "Death test use fork(), which is unsafe particularly"
        -:  247:      << " in a threaded context. For this test, " << GTEST_NAME_ << " ";
        -:  248:  if (thread_count == 0) {
        -:  249:    msg << "couldn't detect the number of threads.";
        -:  250:  } else {
        -:  251:    msg << "detected " << thread_count << " threads.";
        -:  252:  }
        -:  253:  msg << " See "
        -:  254:         "https://github.com/google/googletest/blob/main/docs/"
        -:  255:         "advanced.md#death-test-and-threads"
        -:  256:      << " for more explanation and suggested solutions, especially if"
        -:  257:      << " this is the last message you see before your test times out.";
        -:  258:  return msg.GetString();
        -:  259:}
        -:  260:#endif  // !GTEST_OS_WINDOWS && !GTEST_OS_FUCHSIA
        -:  261:
        -:  262:// Flag characters for reporting a death test that did not die.
        -:  263:static const char kDeathTestLived = 'L';
        -:  264:static const char kDeathTestReturned = 'R';
        -:  265:static const char kDeathTestThrew = 'T';
        -:  266:static const char kDeathTestInternalError = 'I';
        -:  267:
        -:  268:#ifdef GTEST_OS_FUCHSIA
        -:  269:
        -:  270:// File descriptor used for the pipe in the child process.
        -:  271:static const int kFuchsiaReadPipeFd = 3;
        -:  272:
        -:  273:#endif
        -:  274:
        -:  275:// An enumeration describing all of the possible ways that a death test can
        -:  276:// conclude.  DIED means that the process died while executing the test
        -:  277:// code; LIVED means that process lived beyond the end of the test code;
        -:  278:// RETURNED means that the test statement attempted to execute a return
        -:  279:// statement, which is not allowed; THREW means that the test statement
        -:  280:// returned control by throwing an exception.  IN_PROGRESS means the test
        -:  281:// has not yet concluded.
        -:  282:enum DeathTestOutcome { IN_PROGRESS, DIED, LIVED, RETURNED, THREW };
        -:  283:
        -:  284:// Routine for aborting the program which is safe to call from an
        -:  285:// exec-style death test child process, in which case the error
        -:  286:// message is propagated back to the parent process.  Otherwise, the
        -:  287:// message is simply printed to stderr.  In either case, the program
        -:  288:// then exits with status 1.
function _ZN7testing8internalL14DeathTestAbortERKNSt7__cxx1112basic_stringIcSt11char_traitsIcESaIcEEE called 0 returned 0% blocks executed 0%
    #####:  289:[[noreturn]] static void DeathTestAbort(const std::string& message) {
        -:  290:  // On a POSIX system, this function may be called from a threadsafe-style
        -:  291:  // death test child process, which operates on a very small stack.  Use
        -:  292:  // the heap for any additional non-minuscule memory requirements.
        -:  293:  const InternalRunDeathTestFlag* const flag =
    #####:  294:      GetUnitTestImpl()->internal_run_death_test_flag();
    %%%%%:  294-block  0
call    0 never executed
call    1 never executed
    #####:  295:  if (flag != nullptr) {
branch  0 never executed
branch  1 never executed
    #####:  296:    FILE* parent = posix::FDOpen(flag->write_fd(), "w");
    %%%%%:  296-block  0
call    0 never executed
call    1 never executed
    #####:  297:    fputc(kDeathTestInternalError, parent);
call    0 never executed
    #####:  298:    fprintf(parent, "%s", message.c_str());
call    0 never executed
call    1 never executed
    #####:  299:    fflush(parent);
call    0 never executed
    #####:  300:    _exit(1);
call    0 never executed
        -:  301:  } else {
    #####:  302:    fprintf(stderr, "%s", message.c_str());
    %%%%%:  302-block  0
call    0 never executed
call    1 never executed
call    2 never executed
    #####:  303:    fflush(stderr);
call    0 never executed
call    1 never executed
    #####:  304:    posix::Abort();
        -:  305:  }
        -:  306:}
        -:  307:
        -:  308:// A replacement for CHECK that calls DeathTestAbort if the assertion
        -:  309:// fails.
        -:  310:#define GTEST_DEATH_TEST_CHECK_(expression)                              \
        -:  311:  do {                                                                   \
        -:  312:    if (!::testing::internal::IsTrue(expression)) {                      \
        -:  313:      DeathTestAbort(::std::string("CHECK failed: File ") + __FILE__ +   \
        -:  314:                     ", line " +                                         \
        -:  315:                     ::testing::internal::StreamableToString(__LINE__) + \
        -:  316:                     ": " + #expression);                                \
        -:  317:    }                                                                    \
        -:  318:  } while (::testing::internal::AlwaysFalse())
        -:  319:
        -:  320:// This macro is similar to GTEST_DEATH_TEST_CHECK_, but it is meant for
        -:  321:// evaluating any system call that fulfills two conditions: it must return
        -:  322:// -1 on failure, and set errno to EINTR when it is interrupted and
        -:  323:// should be tried again.  The macro expands to a loop that repeatedly
        -:  324:// evaluates the expression as long as it evaluates to -1 and sets
        -:  325:// errno to EINTR.  If the expression evaluates to -1 but errno is
        -:  326:// something other than EINTR, DeathTestAbort is called.
        -:  327:#define GTEST_DEATH_TEST_CHECK_SYSCALL_(expression)                      \
        -:  328:  do {                                                                   \
        -:  329:    int gtest_retval;                                                    \
        -:  330:    do {                                                                 \
        -:  331:      gtest_retval = (expression);                                       \
        -:  332:    } while (gtest_retval == -1 && errno == EINTR);                      \
        -:  333:    if (gtest_retval == -1) {                                            \
        -:  334:      DeathTestAbort(::std::string("CHECK failed: File ") + __FILE__ +   \
        -:  335:                     ", line " +                                         \
        -:  336:                     ::testing::internal::StreamableToString(__LINE__) + \
        -:  337:                     ": " + #expression + " != -1");                     \
        -:  338:    }                                                                    \
        -:  339:  } while (::testing::internal::AlwaysFalse())
        -:  340:
        -:  341:// Returns the message describing the last system error in errno.
function _ZN7testing8internal23GetLastErrnoDescriptionB5cxx11Ev called 0 returned 0% blocks executed 0%
    #####:  342:std::string GetLastErrnoDescription() {
    #####:  343:  return errno == 0 ? "" : posix::StrError(errno);
    %%%%%:  343-block  0
call    0 never executed
call    1 never executed
branch  2 never executed
branch  3 never executed
    %%%%%:  343-block  1
branch  4 never executed
branch  5 never executed
    %%%%%:  343-block  2
call    6 never executed
branch  7 never executed
branch  8 never executed
    %%%%%:  343-block  3
call    9 never executed
branch 10 never executed
branch 11 never executed
    %%%%%:  343-block  4
    %%%%%:  343-block  5
    %%%%%:  343-block  6
call   12 never executed
branch 13 never executed
branch 14 never executed
    %%%%%:  343-block  7
call   15 never executed
    %%%%%:  343-block  8
    $$$$$:  343-block  9
call   16 never executed
        -:  344:}
        -:  345:
        -:  346:// This is called from a death test parent process to read a failure
        -:  347:// message from the death test child process and log it with the FATAL
        -:  348:// severity. On Windows, the message is read from a pipe handle. On other
        -:  349:// platforms, it is read from a file descriptor.
function _ZN7testing8internalL21FailFromInternalErrorEi called 0 returned 0% blocks executed 0%
    #####:  350:static void FailFromInternalError(int fd) {
    #####:  351:  Message error;
    %%%%%:  351-block  0
call    0 never executed
branch  1 never executed
branch  2 never executed
        -:  352:  char buffer[256];
        -:  353:  int num_read;
        -:  354:
        -:  355:  do {
    #####:  356:    while ((num_read = posix::Read(fd, buffer, 255)) > 0) {
    %%%%%:  356-block  0
    %%%%%:  356-block  1
call    0 never executed
branch  1 never executed
branch  2 never executed
    %%%%%:  356-block  2
branch  3 never executed
branch  4 never executed
    #####:  357:      buffer[num_read] = '\0';
    #####:  358:      error << buffer;
    %%%%%:  358-block  0
call    0 never executed
branch  1 never executed
branch  2 never executed
        -:  359:    }
    #####:  360:  } while (num_read == -1 && errno == EINTR);
    %%%%%:  360-block  0
branch  0 never executed
branch  1 never executed
    %%%%%:  360-block  1
call    2 never executed
branch  3 never executed
branch  4 never executed
    %%%%%:  360-block  2
branch  5 never executed
branch  6 never executed
    %%%%%:  360-block  3
    %%%%%:  360-block  4
    %%%%%:  360-block  5
branch  7 never executed
branch  8 never executed
        -:  361:
    #####:  362:  if (num_read == 0) {
    %%%%%:  362-block  0
branch  0 never executed
branch  1 never executed
    #####:  363:    GTEST_LOG_(FATAL) << error.GetString();
    %%%%%:  363-block  0
call    0 never executed
branch  1 never executed
branch  2 never executed
    %%%%%:  363-block  1
call    3 never executed
call    4 never executed
branch  5 never executed
branch  6 never executed
    %%%%%:  363-block  2
call    7 never executed
branch  8 never executed
branch  9 never executed
    %%%%%:  363-block  3
call   10 never executed
call   11 never executed
    $$$$$:  363-block  4
call   12 never executed
    $$$$$:  363-block  5
    $$$$$:  363-block  6
call   13 never executed
    $$$$$:  363-block  7
        -:  364:  } else {
    #####:  365:    const int last_error = errno;
    %%%%%:  365-block  0
call    0 never executed
branch  1 never executed
branch  2 never executed
    #####:  366:    GTEST_LOG_(FATAL) << "Error while reading death test internal: "
    %%%%%:  366-block  0
call    0 never executed
branch  1 never executed
branch  2 never executed
    %%%%%:  366-block  1
call    3 never executed
    $$$$$:  366-block  2
call    4 never executed
    $$$$$:  366-block  3
    #####:  367:                      << GetLastErrnoDescription() << " [" << last_error << "]";
call    0 never executed
branch  1 never executed
branch  2 never executed
    %%%%%:  367-block  0
call    3 never executed
branch  4 never executed
branch  5 never executed
    %%%%%:  367-block  1
call    6 never executed
branch  7 never executed
branch  8 never executed
    %%%%%:  367-block  2
call    9 never executed
branch 10 never executed
branch 11 never executed
    %%%%%:  367-block  3
call   12 never executed
branch 13 never executed
branch 14 never executed
    %%%%%:  367-block  4
call   15 never executed
branch 16 never executed
branch 17 never executed
    %%%%%:  367-block  5
call   18 never executed
call   19 never executed
    $$$$$:  367-block  6
call   20 never executed
    $$$$$:  367-block  7
        -:  368:  }
    #####:  369:}
    %%%%%:  369-block  0
call    0 never executed
    $$$$$:  369-block  1
call    1 never executed
        -:  370:
        -:  371:// Death test constructor.  Increments the running death test count
        -:  372:// for the current test.
function _ZN7testing8internal9DeathTestC2Ev called 0 returned 0% blocks executed 0%
    #####:  373:DeathTest::DeathTest() {
    #####:  374:  TestInfo* const info = GetUnitTestImpl()->current_test_info();
    %%%%%:  374-block  0
call    0 never executed
call    1 never executed
    #####:  375:  if (info == nullptr) {
branch  0 never executed
branch  1 never executed
    #####:  376:    DeathTestAbort(
    %%%%%:  376-block  0
call    0 never executed
call    1 never executed
branch  2 never executed
branch  3 never executed
    %%%%%:  376-block  1
call    4 never executed
    $$$$$:  376-block  2
call    5 never executed
    $$$$$:  376-block  3
    $$$$$:  376-block  4
call    6 never executed
        -:  377:        "Cannot run a death test outside of a TEST or "
        -:  378:        "TEST_F construct");
        -:  379:  }
    #####:  380:}
    %%%%%:  380-block  0
        -:  381:
        -:  382:// Creates and returns a death test by dispatching to the current
        -:  383:// death test factory.
function _ZN7testing8internal9DeathTest6CreateEPKcNS_7MatcherIRKNSt7__cxx1112basic_stringIcSt11char_traitsIcESaIcEEEEES3_iPPS1_ called 0 returned 0% blocks executed 0%
    #####:  384:bool DeathTest::Create(const char* statement,
        -:  385:                       Matcher<const std::string&> matcher, const char* file,
        -:  386:                       int line, DeathTest** test) {
    #####:  387:  return GetUnitTestImpl()->death_test_factory()->Create(
    %%%%%:  387-block  0
call    0 never executed
call    1 never executed
call    2 never executed
call    3 never executed
branch  4 never executed
branch  5 never executed
    %%%%%:  387-block  1
call    6 never executed
    $$$$$:  387-block  2
call    7 never executed
    #####:  388:      statement, std::move(matcher), file, line, test);
call    0 never executed
    %%%%%:  388-block  0
    %%%%%:  388-block  1
        -:  389:}
        -:  390:
function _ZN7testing8internal9DeathTest11LastMessageEv called 0 returned 0% blocks executed 0%
    #####:  391:const char* DeathTest::LastMessage() {
    #####:  392:  return last_death_test_message_.c_str();
    %%%%%:  392-block  0
call    0 never executed
        -:  393:}
        -:  394:
function _ZN7testing8internal9DeathTest27set_last_death_test_messageERKNSt7__cxx1112basic_stringIcSt11char_traitsIcESaIcEEE called 0 returned 0% blocks executed 0%
    #####:  395:void DeathTest::set_last_death_test_message(const std::string& message) {
    #####:  396:  last_death_test_message_ = message;
    %%%%%:  396-block  0
call    0 never executed
    #####:  397:}
        -:  398:
        -:  399:std::string DeathTest::last_death_test_message_;
        -:  400:
        -:  401:// Provides cross platform implementation for some death functionality.
        -:  402:class DeathTestImpl : public DeathTest {
        -:  403: protected:
function _ZN7testing8internal13DeathTestImplC2EPKcNS_7MatcherIRKNSt7__cxx1112basic_stringIcSt11char_traitsIcESaIcEEEEE called 0 returned 0% blocks executed 0%
    #####:  404:  DeathTestImpl(const char* a_statement, Matcher<const std::string&> matcher)
    #####:  405:      : statement_(a_statement),
    #####:  406:        matcher_(std::move(matcher)),
call    0 never executed
branch  1 never executed
branch  2 never executed
    #####:  407:        spawned_(false),
    #####:  408:        status_(-1),
    #####:  409:        outcome_(IN_PROGRESS),
    #####:  410:        read_fd_(-1),
    #####:  411:        write_fd_(-1) {}
    %%%%%:  411-block  0
call    0 never executed
call    1 never executed
    %%%%%:  411-block  1
    $$$$$:  411-block  2
call    2 never executed
        -:  412:
        -:  413:  // read_fd_ is expected to be closed and cleared by a derived class.
function _ZN7testing8internal13DeathTestImplD2Ev called 0 returned 0% blocks executed 0%
    #####:  414:  ~DeathTestImpl() override { GTEST_DEATH_TEST_CHECK_(read_fd_ == -1); }
    %%%%%:  414-block  0
    %%%%%:  414-block  1
call    0 never executed
branch  1 never executed
branch  2 never executed
    %%%%%:  414-block  2
call    3 never executed
call    4 never executed
call    5 never executed
call    6 never executed
call    7 never executed
call    8 never executed
call    9 never executed
call   10 never executed
call   11 never executed
    %%%%%:  414-block  3
call   12 never executed
branch 13 never executed
branch 14 never executed
    %%%%%:  414-block  4
call   15 never executed
call   16 never executed
        -:  415:
        -:  416:  void Abort(AbortReason reason) override;
        -:  417:  bool Passed(bool status_ok) override;
        -:  418:
function _ZNK7testing8internal13DeathTestImpl9statementEv called 0 returned 0% blocks executed 0%
    #####:  419:  const char* statement() const { return statement_; }
    %%%%%:  419-block  0
function _ZNK7testing8internal13DeathTestImpl7spawnedEv called 0 returned 0% blocks executed 0%
    #####:  420:  bool spawned() const { return spawned_; }
    %%%%%:  420-block  0
function _ZN7testing8internal13DeathTestImpl11set_spawnedEb called 0 returned 0% blocks executed 0%
    #####:  421:  void set_spawned(bool is_spawned) { spawned_ = is_spawned; }
function _ZNK7testing8internal13DeathTestImpl6statusEv called 0 returned 0% blocks executed 0%
    #####:  422:  int status() const { return status_; }
    %%%%%:  422-block  0
function _ZN7testing8internal13DeathTestImpl10set_statusEi called 0 returned 0% blocks executed 0%
    #####:  423:  void set_status(int a_status) { status_ = a_status; }
function _ZNK7testing8internal13DeathTestImpl7outcomeEv called 0 returned 0% blocks executed 0%
    #####:  424:  DeathTestOutcome outcome() const { return outcome_; }
    %%%%%:  424-block  0
function _ZN7testing8internal13DeathTestImpl11set_outcomeENS0_16DeathTestOutcomeE called 0 returned 0% blocks executed 0%
    #####:  425:  void set_outcome(DeathTestOutcome an_outcome) { outcome_ = an_outcome; }
function _ZNK7testing8internal13DeathTestImpl7read_fdEv called 0 returned 0% blocks executed 0%
    #####:  426:  int read_fd() const { return read_fd_; }
    %%%%%:  426-block  0
function _ZN7testing8internal13DeathTestImpl11set_read_fdEi called 0 returned 0% blocks executed 0%
    #####:  427:  void set_read_fd(int fd) { read_fd_ = fd; }
function _ZNK7testing8internal13DeathTestImpl8write_fdEv called 0 returned 0% blocks executed 0%
    #####:  428:  int write_fd() const { return write_fd_; }
    %%%%%:  428-block  0
function _ZN7testing8internal13DeathTestImpl12set_write_fdEi called 0 returned 0% blocks executed 0%
    #####:  429:  void set_write_fd(int fd) { write_fd_ = fd; }
        -:  430:
        -:  431:  // Called in the parent process only. Reads the result code of the death
        -:  432:  // test child process via a pipe, interprets it to set the outcome_
        -:  433:  // member, and closes read_fd_.  Outputs diagnostics and terminates in
        -:  434:  // case of unexpected codes.
        -:  435:  void ReadAndInterpretStatusByte();
        -:  436:
        -:  437:  // Returns stderr output from the child process.
        -:  438:  virtual std::string GetErrorLogs();
        -:  439:
        -:  440: private:
        -:  441:  // The textual content of the code this object is testing.  This class
        -:  442:  // doesn't own this string and should not attempt to delete it.
        -:  443:  const char* const statement_;
        -:  444:  // A matcher that's expected to match the stderr output by the child process.
        -:  445:  Matcher<const std::string&> matcher_;
        -:  446:  // True if the death test child process has been successfully spawned.
        -:  447:  bool spawned_;
        -:  448:  // The exit status of the child process.
        -:  449:  int status_;
        -:  450:  // How the death test concluded.
        -:  451:  DeathTestOutcome outcome_;
        -:  452:  // Descriptor to the read end of the pipe to the child process.  It is
        -:  453:  // always -1 in the child process.  The child keeps its write end of the
        -:  454:  // pipe in write_fd_.
        -:  455:  int read_fd_;
        -:  456:  // Descriptor to the child's write end of the pipe to the parent process.
        -:  457:  // It is always -1 in the parent process.  The parent keeps its end of the
        -:  458:  // pipe in read_fd_.
        -:  459:  int write_fd_;
        -:  460:};
        -:  461:
        -:  462:// Called in the parent process only. Reads the result code of the death
        -:  463:// test child process via a pipe, interprets it to set the outcome_
        -:  464:// member, and closes read_fd_.  Outputs diagnostics and terminates in
        -:  465:// case of unexpected codes.
function _ZN7testing8internal13DeathTestImpl26ReadAndInterpretStatusByteEv called 0 returned 0% blocks executed 0%
    #####:  466:void DeathTestImpl::ReadAndInterpretStatusByte() {
        -:  467:  char flag;
        -:  468:  int bytes_read;
        -:  469:
        -:  470:  // The read() here blocks until data is available (signifying the
        -:  471:  // failure of the death test) or until the pipe is closed (signifying
        -:  472:  // its success), so it's okay to call this in the parent before
        -:  473:  // the child process has exited.
        -:  474:  do {
    #####:  475:    bytes_read = posix::Read(read_fd(), &flag, 1);
    %%%%%:  475-block  0
call    0 never executed
call    1 never executed
branch  2 never executed
branch  3 never executed
    #####:  476:  } while (bytes_read == -1 && errno == EINTR);
    %%%%%:  476-block  0
branch  0 never executed
branch  1 never executed
    %%%%%:  476-block  1
call    2 never executed
branch  3 never executed
branch  4 never executed
    %%%%%:  476-block  2
branch  5 never executed
branch  6 never executed
    %%%%%:  476-block  3
    %%%%%:  476-block  4
    %%%%%:  476-block  5
branch  7 never executed
branch  8 never executed
        -:  477:
    #####:  478:  if (bytes_read == 0) {
    %%%%%:  478-block  0
branch  0 never executed
branch  1 never executed
    #####:  479:    set_outcome(DIED);
    %%%%%:  479-block  0
call    0 never executed
    #####:  480:  } else if (bytes_read == 1) {
    %%%%%:  480-block  0
branch  0 never executed
branch  1 never executed
    #####:  481:    switch (flag) {
    %%%%%:  481-block  0
branch  0 never executed
branch  1 never executed
branch  2 never executed
branch  3 never executed
branch  4 never executed
    #####:  482:      case kDeathTestReturned:
    #####:  483:        set_outcome(RETURNED);
    %%%%%:  483-block  0
call    0 never executed
    #####:  484:        break;
    #####:  485:      case kDeathTestThrew:
    #####:  486:        set_outcome(THREW);
    %%%%%:  486-block  0
call    0 never executed
    #####:  487:        break;
    #####:  488:      case kDeathTestLived:
    #####:  489:        set_outcome(LIVED);
    %%%%%:  489-block  0
call    0 never executed
    #####:  490:        break;
    #####:  491:      case kDeathTestInternalError:
    #####:  492:        FailFromInternalError(read_fd());  // Does not return.
    %%%%%:  492-block  0
call    0 never executed
call    1 never executed
branch  2 never executed
branch  3 never executed
    #####:  493:        break;
    %%%%%:  493-block  0
    #####:  494:      default:
    #####:  495:        GTEST_LOG_(FATAL) << "Death test child process reported "
    %%%%%:  495-block  0
call    0 never executed
branch  1 never executed
branch  2 never executed
    %%%%%:  495-block  1
call    3 never executed
    %%%%%:  495-block  2
call    4 never executed
    $$$$$:  495-block  3
call    5 never executed
    $$$$$:  495-block  4
    #####:  496:                          << "unexpected status byte ("
call    0 never executed
branch  1 never executed
branch  2 never executed
    %%%%%:  496-block  0
call    3 never executed
branch  4 never executed
branch  5 never executed
    #####:  497:                          << static_cast<unsigned int>(flag) << ")";
    %%%%%:  497-block  0
call    0 never executed
branch  1 never executed
branch  2 never executed
    %%%%%:  497-block  1
call    3 never executed
branch  4 never executed
branch  5 never executed
        -:  498:    }
        -:  499:  } else {
    #####:  500:    GTEST_LOG_(FATAL) << "Read from death test child process failed: "
    %%%%%:  500-block  0
call    0 never executed
branch  1 never executed
branch  2 never executed
    %%%%%:  500-block  1
call    3 never executed
    $$$$$:  500-block  2
call    4 never executed
    $$$$$:  500-block  3
    #####:  501:                      << GetLastErrnoDescription();
call    0 never executed
branch  1 never executed
branch  2 never executed
    %%%%%:  501-block  0
call    3 never executed
branch  4 never executed
branch  5 never executed
    %%%%%:  501-block  1
call    6 never executed
branch  7 never executed
branch  8 never executed
    %%%%%:  501-block  2
call    9 never executed
call   10 never executed
    $$$$$:  501-block  3
call   11 never executed
    $$$$$:  501-block  4
        -:  502:  }
    #####:  503:  GTEST_DEATH_TEST_CHECK_SYSCALL_(posix::Close(read_fd()));
    %%%%%:  503-block  0
call    0 never executed
call    1 never executed
branch  2 never executed
branch  3 never executed
    %%%%%:  503-block  1
branch  4 never executed
branch  5 never executed
    %%%%%:  503-block  2
call    6 never executed
branch  7 never executed
branch  8 never executed
    %%%%%:  503-block  3
branch  9 never executed
branch 10 never executed
    %%%%%:  503-block  4
    %%%%%:  503-block  5
    %%%%%:  503-block  6
branch 11 never executed
branch 12 never executed
    %%%%%:  503-block  7
branch 13 never executed
branch 14 never executed
    %%%%%:  503-block  8
call   15 never executed
branch 16 never executed
branch 17 never executed
    %%%%%:  503-block  9
call   18 never executed
call   19 never executed
branch 20 never executed
branch 21 never executed
    %%%%%:  503-block 10
call   22 never executed
branch 23 never executed
branch 24 never executed
    %%%%%:  503-block 11
call   25 never executed
branch 26 never executed
branch 27 never executed
    %%%%%:  503-block 12
call   28 never executed
branch 29 never executed
branch 30 never executed
    %%%%%:  503-block 13
call   31 never executed
branch 32 never executed
branch 33 never executed
    %%%%%:  503-block 14
call   34 never executed
branch 35 never executed
branch 36 never executed
    %%%%%:  503-block 15
call   37 never executed
branch 38 never executed
branch 39 never executed
    %%%%%:  503-block 16
call   40 never executed
    %%%%%:  503-block 17
call   41 never executed
branch 42 never executed
branch 43 never executed
    %%%%%:  503-block 18
branch 44 never executed
branch 45 never executed
    $$$$$:  503-block 19
call   46 never executed
    $$$$$:  503-block 20
    $$$$$:  503-block 21
call   47 never executed
    $$$$$:  503-block 22
    $$$$$:  503-block 23
call   48 never executed
    $$$$$:  503-block 24
    $$$$$:  503-block 25
call   49 never executed
    $$$$$:  503-block 26
    $$$$$:  503-block 27
call   50 never executed
    $$$$$:  503-block 28
    $$$$$:  503-block 29
call   51 never executed
    $$$$$:  503-block 30
    $$$$$:  503-block 31
call   52 never executed
    $$$$$:  503-block 32
    $$$$$:  503-block 33
call   53 never executed
    $$$$$:  503-block 34
    $$$$$:  503-block 35
call   54 never executed
    $$$$$:  503-block 36
    $$$$$:  503-block 37
    #####:  504:  set_read_fd(-1);
    %%%%%:  504-block  0
call    0 never executed
    #####:  505:}
        -:  506:
function _ZN7testing8internal13DeathTestImpl12GetErrorLogsB5cxx11Ev called 0 returned 0% blocks executed 0%
    #####:  507:std::string DeathTestImpl::GetErrorLogs() { return GetCapturedStderr(); }
    %%%%%:  507-block  0
call    0 never executed
        -:  508:
        -:  509:// Signals that the death test code which should have exited, didn't.
        -:  510:// Should be called only in a death test child process.
        -:  511:// Writes a status byte to the child's status file descriptor, then
        -:  512:// calls _exit(1).
function _ZN7testing8internal13DeathTestImpl5AbortENS0_9DeathTest11AbortReasonE called 0 returned 0% blocks executed 0%
    #####:  513:void DeathTestImpl::Abort(AbortReason reason) {
        -:  514:  // The parent process considers the death test to be a failure if
        -:  515:  // it finds any data in our pipe.  So, here we write a single flag byte
        -:  516:  // to the pipe, then exit.
    #####:  517:  const char status_ch = reason == TEST_DID_NOT_DIE       ? kDeathTestLived
    %%%%%:  517-block  0
branch  0 never executed
branch  1 never executed
    %%%%%:  517-block  1
branch  2 never executed
branch  3 never executed
    %%%%%:  517-block  2
    %%%%%:  517-block  3
    %%%%%:  517-block  4
    %%%%%:  517-block  5
    %%%%%:  517-block  6
        -:  518:                         : reason == TEST_THREW_EXCEPTION ? kDeathTestThrew
        -:  519:                                                          : kDeathTestReturned;
        -:  520:
    #####:  521:  GTEST_DEATH_TEST_CHECK_SYSCALL_(posix::Write(write_fd(), &status_ch, 1));
    %%%%%:  521-block  0
call    0 never executed
call    1 never executed
branch  2 never executed
branch  3 never executed
    %%%%%:  521-block  1
branch  4 never executed
branch  5 never executed
    %%%%%:  521-block  2
call    6 never executed
branch  7 never executed
branch  8 never executed
    %%%%%:  521-block  3
branch  9 never executed
branch 10 never executed
    %%%%%:  521-block  4
    %%%%%:  521-block  5
    %%%%%:  521-block  6
branch 11 never executed
branch 12 never executed
    %%%%%:  521-block  7
branch 13 never executed
branch 14 never executed
    %%%%%:  521-block  8
call   15 never executed
branch 16 never executed
branch 17 never executed
    %%%%%:  521-block  9
call   18 never executed
call   19 never executed
branch 20 never executed
branch 21 never executed
    %%%%%:  521-block 10
call   22 never executed
branch 23 never executed
branch 24 never executed
    %%%%%:  521-block 11
call   25 never executed
branch 26 never executed
branch 27 never executed
    %%%%%:  521-block 12
call   28 never executed
branch 29 never executed
branch 30 never executed
    %%%%%:  521-block 13
call   31 never executed
branch 32 never executed
branch 33 never executed
    %%%%%:  521-block 14
call   34 never executed
branch 35 never executed
branch 36 never executed
    %%%%%:  521-block 15
call   37 never executed
branch 38 never executed
branch 39 never executed
    %%%%%:  521-block 16
call   40 never executed
    %%%%%:  521-block 17
call   41 never executed
branch 42 never executed
branch 43 never executed
    %%%%%:  521-block 18
branch 44 never executed
branch 45 never executed
    $$$$$:  521-block 19
call   46 never executed
    $$$$$:  521-block 20
    $$$$$:  521-block 21
call   47 never executed
    $$$$$:  521-block 22
    $$$$$:  521-block 23
call   48 never executed
    $$$$$:  521-block 24
    $$$$$:  521-block 25
call   49 never executed
    $$$$$:  521-block 26
    $$$$$:  521-block 27
call   50 never executed
    $$$$$:  521-block 28
    $$$$$:  521-block 29
call   51 never executed
    $$$$$:  521-block 30
    $$$$$:  521-block 31
call   52 never executed
    $$$$$:  521-block 32
    $$$$$:  521-block 33
call   53 never executed
    $$$$$:  521-block 34
    $$$$$:  521-block 35
call   54 never executed
    $$$$$:  521-block 36
    $$$$$:  521-block 37
        -:  522:  // We are leaking the descriptor here because on some platforms (i.e.,
        -:  523:  // when built as Windows DLL), destructors of global objects will still
        -:  524:  // run after calling _exit(). On such systems, write_fd_ will be
        -:  525:  // indirectly closed from the destructor of UnitTestImpl, causing double
        -:  526:  // close if it is also closed here. On debug configurations, double close
        -:  527:  // may assert. As there are no in-process buffers to flush here, we are
        -:  528:  // relying on the OS to close the descriptor after the process terminates
        -:  529:  // when the destructors are not run.
    #####:  530:  _exit(1);  // Exits w/o any normal exit hooks (we were supposed to crash)
    %%%%%:  530-block  0
call    0 never executed
        -:  531:}
        -:  532:
        -:  533:// Returns an indented copy of stderr output for a death test.
        -:  534:// This makes distinguishing death test output lines from regular log lines
        -:  535:// much easier.
function _ZN7testing8internalL21FormatDeathTestOutputERKNSt7__cxx1112basic_stringIcSt11char_traitsIcESaIcEEE called 0 returned 0% blocks executed 0%
    #####:  536:static ::std::string FormatDeathTestOutput(const ::std::string& output) {
    #####:  537:  ::std::string ret;
    %%%%%:  537-block  0
call    0 never executed
    #####:  538:  for (size_t at = 0;;) {
    #####:  539:    const size_t line_end = output.find('\n', at);
    %%%%%:  539-block  0
call    0 never executed
    #####:  540:    ret += "[  DEATH   ] ";
call    0 never executed
branch  1 never executed
branch  2 never executed
    #####:  541:    if (line_end == ::std::string::npos) {
    %%%%%:  541-block  0
branch  0 never executed
branch  1 never executed
    #####:  542:      ret += output.substr(at);
    %%%%%:  542-block  0
call    0 never executed
branch  1 never executed
branch  2 never executed
    %%%%%:  542-block  1
call    3 never executed
branch  4 never executed
branch  5 never executed
    %%%%%:  542-block  2
call    6 never executed
    $$$$$:  542-block  3
call    7 never executed
    $$$$$:  542-block  4
    #####:  543:      break;
        -:  544:    }
    #####:  545:    ret += output.substr(at, line_end + 1 - at);
    %%%%%:  545-block  0
call    0 never executed
branch  1 never executed
branch  2 never executed
    %%%%%:  545-block  1
call    3 never executed
branch  4 never executed
branch  5 never executed
    %%%%%:  545-block  2
call    6 never executed
    $$$$$:  545-block  3
call    7 never executed
    $$$$$:  545-block  4
    #####:  546:    at = line_end + 1;
    #####:  547:  }
    #####:  548:  return ret;
    %%%%%:  548-block  0
    %%%%%:  548-block  1
    =====:  549:}
    $$$$$:  549-block  0
call    0 never executed
        -:  550:
        -:  551:// Assesses the success or failure of a death test, using both private
        -:  552:// members which have previously been set, and one argument:
        -:  553://
        -:  554:// Private data members:
        -:  555://   outcome:  An enumeration describing how the death test
        -:  556://             concluded: DIED, LIVED, THREW, or RETURNED.  The death test
        -:  557://             fails in the latter three cases.
        -:  558://   status:   The exit status of the child process. On *nix, it is in the
        -:  559://             in the format specified by wait(2). On Windows, this is the
        -:  560://             value supplied to the ExitProcess() API or a numeric code
        -:  561://             of the exception that terminated the program.
        -:  562://   matcher_: A matcher that's expected to match the stderr output by the child
        -:  563://             process.
        -:  564://
        -:  565:// Argument:
        -:  566://   status_ok: true if exit_status is acceptable in the context of
        -:  567://              this particular death test, which fails if it is false
        -:  568://
        -:  569:// Returns true if and only if all of the above conditions are met.  Otherwise,
        -:  570:// the first failing condition, in the order given above, is the one that is
        -:  571:// reported. Also sets the last death test message string.
function _ZN7testing8internal13DeathTestImpl6PassedEb called 0 returned 0% blocks executed 0%
    #####:  572:bool DeathTestImpl::Passed(bool status_ok) {
    #####:  573:  if (!spawned()) return false;
    %%%%%:  573-block  0
call    0 never executed
branch  1 never executed
branch  2 never executed
    %%%%%:  573-block  1
        -:  574:
    #####:  575:  const std::string error_message = GetErrorLogs();
    %%%%%:  575-block  0
call    0 never executed
branch  1 never executed
branch  2 never executed
        -:  576:
    #####:  577:  bool success = false;
    #####:  578:  Message buffer;
    %%%%%:  578-block  0
call    0 never executed
branch  1 never executed
branch  2 never executed
        -:  579:
    #####:  580:  buffer << "Death test: " << statement() << "\n";
    %%%%%:  580-block  0
call    0 never executed
branch  1 never executed
branch  2 never executed
    %%%%%:  580-block  1
call    3 never executed
call    4 never executed
branch  5 never executed
branch  6 never executed
    %%%%%:  580-block  2
call    7 never executed
branch  8 never executed
branch  9 never executed
    $$$$$:  580-block  3
    #####:  581:  switch (outcome()) {
    %%%%%:  581-block  0
call    0 never executed
branch  1 never executed
branch  2 never executed
branch  3 never executed
branch  4 never executed
branch  5 never executed
    #####:  582:    case LIVED:
    #####:  583:      buffer << "    Result: failed to die.\n"
    %%%%%:  583-block  0
call    0 never executed
branch  1 never executed
branch  2 never executed
    #####:  584:             << " Error msg:\n"
    %%%%%:  584-block  0
call    0 never executed
branch  1 never executed
branch  2 never executed
    #####:  585:             << FormatDeathTestOutput(error_message);
    %%%%%:  585-block  0
call    0 never executed
branch  1 never executed
branch  2 never executed
    %%%%%:  585-block  1
call    3 never executed
branch  4 never executed
branch  5 never executed
    %%%%%:  585-block  2
call    6 never executed
    $$$$$:  585-block  3
call    7 never executed
    $$$$$:  585-block  4
    #####:  586:      break;
    #####:  587:    case THREW:
    #####:  588:      buffer << "    Result: threw an exception.\n"
    %%%%%:  588-block  0
call    0 never executed
branch  1 never executed
branch  2 never executed
    #####:  589:             << " Error msg:\n"
    %%%%%:  589-block  0
call    0 never executed
branch  1 never executed
branch  2 never executed
    #####:  590:             << FormatDeathTestOutput(error_message);
    %%%%%:  590-block  0
call    0 never executed
branch  1 never executed
branch  2 never executed
    %%%%%:  590-block  1
call    3 never executed
branch  4 never executed
branch  5 never executed
    %%%%%:  590-block  2
call    6 never executed
    $$$$$:  590-block  3
call    7 never executed
    $$$$$:  590-block  4
    #####:  591:      break;
    #####:  592:    case RETURNED:
    #####:  593:      buffer << "    Result: illegal return in test statement.\n"
    %%%%%:  593-block  0
call    0 never executed
branch  1 never executed
branch  2 never executed
    #####:  594:             << " Error msg:\n"
    %%%%%:  594-block  0
call    0 never executed
branch  1 never executed
branch  2 never executed
    #####:  595:             << FormatDeathTestOutput(error_message);
    %%%%%:  595-block  0
call    0 never executed
branch  1 never executed
branch  2 never executed
    %%%%%:  595-block  1
call    3 never executed
branch  4 never executed
branch  5 never executed
    %%%%%:  595-block  2
call    6 never executed
    $$$$$:  595-block  3
call    7 never executed
    $$$$$:  595-block  4
    #####:  596:      break;
    #####:  597:    case DIED:
    #####:  598:      if (status_ok) {
    %%%%%:  598-block  0
branch  0 never executed
branch  1 never executed
    #####:  599:        if (matcher_.Matches(error_message)) {
    %%%%%:  599-block  0
call    0 never executed
branch  1 never executed
branch  2 never executed
    %%%%%:  599-block  1
branch  3 never executed
branch  4 never executed
    #####:  600:          success = true;
    %%%%%:  600-block  0
        -:  601:        } else {
    #####:  602:          std::ostringstream stream;
    %%%%%:  602-block  0
call    0 never executed
branch  1 never executed
branch  2 never executed
    #####:  603:          matcher_.DescribeTo(&stream);
    %%%%%:  603-block  0
call    0 never executed
branch  1 never executed
branch  2 never executed
    #####:  604:          buffer << "    Result: died but not with expected error.\n"
    %%%%%:  604-block  0
call    0 never executed
branch  1 never executed
branch  2 never executed
    #####:  605:                 << "  Expected: " << stream.str() << "\n"
    %%%%%:  605-block  0
call    0 never executed
branch  1 never executed
branch  2 never executed
    %%%%%:  605-block  1
call    3 never executed
branch  4 never executed
branch  5 never executed
    %%%%%:  605-block  2
call    6 never executed
branch  7 never executed
branch  8 never executed
    %%%%%:  605-block  3
call    9 never executed
branch 10 never executed
branch 11 never executed
    $$$$$:  605-block  4
call   12 never executed
    $$$$$:  605-block  5
    #####:  606:                 << "Actual msg:\n"
    %%%%%:  606-block  0
call    0 never executed
branch  1 never executed
branch  2 never executed
    #####:  607:                 << FormatDeathTestOutput(error_message);
    %%%%%:  607-block  0
call    0 never executed
branch  1 never executed
branch  2 never executed
    %%%%%:  607-block  1
call    3 never executed
branch  4 never executed
branch  5 never executed
    %%%%%:  607-block  2
call    6 never executed
call    7 never executed
    $$$$$:  607-block  3
call    8 never executed
    $$$$$:  607-block  4
    #####:  608:        }
call    0 never executed
    $$$$$:  608-block  0
call    1 never executed
        -:  609:      } else {
    #####:  610:        buffer << "    Result: died but not with expected exit code:\n"
    %%%%%:  610-block  0
call    0 never executed
branch  1 never executed
branch  2 never executed
    #####:  611:               << "            " << ExitSummary(status()) << "\n"
    %%%%%:  611-block  0
call    0 never executed
branch  1 never executed
branch  2 never executed
    %%%%%:  611-block  1
call    3 never executed
call    4 never executed
branch  5 never executed
branch  6 never executed
    %%%%%:  611-block  2
call    7 never executed
branch  8 never executed
branch  9 never executed
    %%%%%:  611-block  3
call   10 never executed
branch 11 never executed
branch 12 never executed
    $$$$$:  611-block  4
call   13 never executed
    $$$$$:  611-block  5
    #####:  612:               << "Actual msg:\n"
    %%%%%:  612-block  0
call    0 never executed
branch  1 never executed
branch  2 never executed
    #####:  613:               << FormatDeathTestOutput(error_message);
    %%%%%:  613-block  0
call    0 never executed
branch  1 never executed
branch  2 never executed
    %%%%%:  613-block  1
call    3 never executed
branch  4 never executed
branch  5 never executed
    %%%%%:  613-block  2
call    6 never executed
call    7 never executed
    $$$$$:  613-block  3
call    8 never executed
    $$$$$:  613-block  4
        -:  614:      }
    #####:  615:      break;
    %%%%%:  615-block  0
    #####:  616:    case IN_PROGRESS:
        -:  617:    default:
    #####:  618:      GTEST_LOG_(FATAL)
    %%%%%:  618-block  0
call    0 never executed
branch  1 never executed
branch  2 never executed
    %%%%%:  618-block  1
call    3 never executed
    %%%%%:  618-block  2
call    4 never executed
    $$$$$:  618-block  3
call    5 never executed
    $$$$$:  618-block  4
    #####:  619:          << "DeathTest::Passed somehow called before conclusion of test";
call    0 never executed
branch  1 never executed
branch  2 never executed
        -:  620:  }
        -:  621:
    #####:  622:  DeathTest::set_last_death_test_message(buffer.GetString());
    %%%%%:  622-block  0
call    0 never executed
branch  1 never executed
branch  2 never executed
    %%%%%:  622-block  1
call    3 never executed
branch  4 never executed
branch  5 never executed
    %%%%%:  622-block  2
call    6 never executed
    $$$$$:  622-block  3
call    7 never executed
    $$$$$:  622-block  4
    #####:  623:  return success;
    #####:  624:}
call    0 never executed
call    1 never executed
    $$$$$:  624-block  0
call    2 never executed
    $$$$$:  624-block  1
call    3 never executed
        -:  625:
        -:  626:// Note: The return value points into args, so the return value's lifetime is
        -:  627:// bound to that of args.
function _ZN7testing8internal18CreateArgvFromArgsERSt6vectorINSt7__cxx1112basic_stringIcSt11char_traitsIcESaIcEEESaIS7_EE called 0 returned 0% blocks executed 0%
    #####:  628:std::unique_ptr<char*[]> CreateArgvFromArgs(std::vector<std::string>& args) {
    #####:  629:  auto result = std::make_unique<char*[]>(args.size() + 1);
    %%%%%:  629-block  0
call    0 never executed
call    1 never executed
    #####:  630:  for (size_t i = 0; i < args.size(); ++i) {
    %%%%%:  630-block  0
call    0 never executed
branch  1 never executed
branch  2 never executed
    #####:  631:    result[i] = &args[i][0];
    %%%%%:  631-block  0
call    0 never executed
call    1 never executed
call    2 never executed
branch  3 never executed
branch  4 never executed
    %%%%%:  631-block  1
        -:  632:  }
    #####:  633:  result[args.size()] = nullptr;  // extra null terminator
    %%%%%:  633-block  0
call    0 never executed
call    1 never executed
    #####:  634:  return result;
    %%%%%:  634-block  0
    =====:  635:}
    $$$$$:  635-block  0
call    0 never executed
        -:  636:
        -:  637:#ifdef GTEST_OS_WINDOWS
        -:  638:// WindowsDeathTest implements death test on Windows. Due to the
        -:  639:// specifics of starting new processes on Windows, death test there are
        -:  640:// always threadsafe, and Google Test considers the
        -:  641:// --gtest_death_test_style=fast setting to be equivalent to
        -:  642:// --gtest_death_test_style=threadsafe there.
        -:  643://
        -:  644:// A few implementation notes:  Like the Linux version, the Windows
        -:  645:// implementation uses pipes for child-to-parent communication. But due to
        -:  646:// the specifics of pipes on Windows, some extra steps are required:
        -:  647://
        -:  648:// 1. The parent creates a communication pipe and stores handles to both
        -:  649://    ends of it.
        -:  650:// 2. The parent starts the child and provides it with the information
        -:  651://    necessary to acquire the handle to the write end of the pipe.
        -:  652:// 3. The child acquires the write end of the pipe and signals the parent
        -:  653://    using a Windows event.
        -:  654:// 4. Now the parent can release the write end of the pipe on its side. If
        -:  655://    this is done before step 3, the object's reference count goes down to
        -:  656://    0 and it is destroyed, preventing the child from acquiring it. The
        -:  657://    parent now has to release it, or read operations on the read end of
        -:  658://    the pipe will not return when the child terminates.
        -:  659:// 5. The parent reads child's output through the pipe (outcome code and
        -:  660://    any possible error messages) from the pipe, and its stderr and then
        -:  661://    determines whether to fail the test.
        -:  662://
        -:  663:// Note: to distinguish Win32 API calls from the local method and function
        -:  664:// calls, the former are explicitly resolved in the global namespace.
        -:  665://
        -:  666:class WindowsDeathTest : public DeathTestImpl {
        -:  667: public:
function _ZN7testing8internal16WindowsDeathTestC1EPKcNS_7MatcherIRKNSt7__cxx1112basic_stringIcSt11char_traitsIcESaIcEEEEES3_i called 0 returned 0% blocks executed 0%
    #####:  668:  WindowsDeathTest(const char* a_statement, Matcher<const std::string&> matcher,
        -:  669:                   const char* file, int line)
    #####:  670:      : DeathTestImpl(a_statement, std::move(matcher)),
    #####:  671:        file_(file),
    #####:  672:        line_(line) {}
    %%%%%:  672-block  0
call    0 never executed
call    1 never executed
call    2 never executed
branch  3 never executed
branch  4 never executed
    %%%%%:  672-block  1
call    5 never executed
call    6 never executed
call    7 never executed
call    8 never executed
    $$$$$:  672-block  2
call    9 never executed
        -:  673:
        -:  674:  // All of these virtual functions are inherited from DeathTest.
        -:  675:  virtual int Wait();
        -:  676:  virtual TestRole AssumeRole();
        -:  677:
        -:  678: private:
        -:  679:  // The name of the file in which the death test is located.
        -:  680:  const char* const file_;
        -:  681:  // The line number on which the death test is located.
        -:  682:  const int line_;
        -:  683:  // Handle to the write end of the pipe to the child process.
        -:  684:  AutoHandle write_handle_;
        -:  685:  // Child process handle.
        -:  686:  AutoHandle child_handle_;
        -:  687:  // Event the child process uses to signal the parent that it has
        -:  688:  // acquired the handle to the write end of the pipe. After seeing this
        -:  689:  // event the parent can release its own handles to make sure its
        -:  690:  // ReadFile() calls return when the child terminates.
        -:  691:  AutoHandle event_handle_;
        -:  692:};
        -:  693:
        -:  694:// Waits for the child in a death test to exit, returning its exit
        -:  695:// status, or 0 if no child process exists.  As a side effect, sets the
        -:  696:// outcome data member.
function _ZN7testing8internal16WindowsDeathTest4WaitEv called 0 returned 0% blocks executed 0%
    #####:  697:int WindowsDeathTest::Wait() {
    #####:  698:  if (!spawned()) return 0;
    %%%%%:  698-block  0
call    0 never executed
branch  1 never executed
branch  2 never executed
    %%%%%:  698-block  1
        -:  699:
        -:  700:  // Wait until the child either signals that it has acquired the write end
        -:  701:  // of the pipe or it dies.
    #####:  702:  const HANDLE wait_handles[2] = {child_handle_.Get(), event_handle_.Get()};
    %%%%%:  702-block  0
call    0 never executed
call    1 never executed
    #####:  703:  switch (::WaitForMultipleObjects(2, wait_handles,
call    0 never executed
branch  1 never executed
branch  2 never executed
    %%%%%:  703-block  0
branch  3 never executed
branch  4 never executed
        -:  704:                                   FALSE,  // Waits for any of the handles.
        -:  705:                                   INFINITE)) {
    #####:  706:    case WAIT_OBJECT_0:
        -:  707:    case WAIT_OBJECT_0 + 1:
    #####:  708:      break;
    %%%%%:  708-block  0
    #####:  709:    default:
    %%%%%:  709-block  0
    #####:  710:      GTEST_DEATH_TEST_CHECK_(false);  // Should not get here.
    %%%%%:  710-block  0
call    0 never executed
branch  1 never executed
branch  2 never executed
    %%%%%:  710-block  1
call    3 never executed
branch  4 never executed
branch  5 never executed
    %%%%%:  710-block  2
call    6 never executed
call    7 never executed
branch  8 never executed
branch  9 never executed
    %%%%%:  710-block  3
call   10 never executed
branch 11 never executed
branch 12 never executed
    %%%%%:  710-block  4
call   13 never executed
branch 14 never executed
branch 15 never executed
    %%%%%:  710-block  5
call   16 never executed
branch 17 never executed
branch 18 never executed
    %%%%%:  710-block  6
call   19 never executed
branch 20 never executed
branch 21 never executed
    %%%%%:  710-block  7
call   22 never executed
branch 23 never executed
branch 24 never executed
    %%%%%:  710-block  8
call   25 never executed
    %%%%%:  710-block  9
call   26 never executed
branch 27 never executed
branch 28 never executed
    %%%%%:  710-block 10
branch 29 never executed
branch 30 never executed
    $$$$$:  710-block 11
call   31 never executed
    $$$$$:  710-block 12
    $$$$$:  710-block 13
call   32 never executed
    $$$$$:  710-block 14
    $$$$$:  710-block 15
call   33 never executed
    $$$$$:  710-block 16
    $$$$$:  710-block 17
call   34 never executed
    $$$$$:  710-block 18
    $$$$$:  710-block 19
call   35 never executed
    $$$$$:  710-block 20
    $$$$$:  710-block 21
call   36 never executed
    $$$$$:  710-block 22
    $$$$$:  710-block 23
call   37 never executed
    $$$$$:  710-block 24
    $$$$$:  710-block 25
call   38 never executed
    $$$$$:  710-block 26
    $$$$$:  710-block 27
        -:  711:  }
        -:  712:
        -:  713:  // The child has acquired the write end of the pipe or exited.
        -:  714:  // We release the handle on our side and continue.
    #####:  715:  write_handle_.Reset();
    %%%%%:  715-block  0
call    0 never executed
branch  1 never executed
branch  2 never executed
    #####:  716:  event_handle_.Reset();
    %%%%%:  716-block  0
call    0 never executed
branch  1 never executed
branch  2 never executed
        -:  717:
    #####:  718:  ReadAndInterpretStatusByte();
    %%%%%:  718-block  0
call    0 never executed
branch  1 never executed
branch  2 never executed
        -:  719:
        -:  720:  // Waits for the child process to exit if it haven't already. This
        -:  721:  // returns immediately if the child has already exited, regardless of
        -:  722:  // whether previous calls to WaitForMultipleObjects synchronized on this
        -:  723:  // handle or not.
    #####:  724:  GTEST_DEATH_TEST_CHECK_(WAIT_OBJECT_0 ==
    %%%%%:  724-block  0
call    0 never executed
call    1 never executed
branch  2 never executed
branch  3 never executed
    %%%%%:  724-block  1
call    4 never executed
branch  5 never executed
branch  6 never executed
    %%%%%:  724-block  2
call    7 never executed
branch  8 never executed
branch  9 never executed
    %%%%%:  724-block  3
call   10 never executed
call   11 never executed
branch 12 never executed
branch 13 never executed
    %%%%%:  724-block  4
call   14 never executed
branch 15 never executed
branch 16 never executed
    %%%%%:  724-block  5
call   17 never executed
branch 18 never executed
branch 19 never executed
    %%%%%:  724-block  6
call   20 never executed
branch 21 never executed
branch 22 never executed
    %%%%%:  724-block  7
call   23 never executed
branch 24 never executed
branch 25 never executed
    %%%%%:  724-block  8
call   26 never executed
branch 27 never executed
branch 28 never executed
    %%%%%:  724-block  9
call   29 never executed
    %%%%%:  724-block 10
call   30 never executed
branch 31 never executed
branch 32 never executed
    %%%%%:  724-block 11
branch 33 never executed
branch 34 never executed
    $$$$$:  724-block 12
call   35 never executed
    $$$$$:  724-block 13
    $$$$$:  724-block 14
call   36 never executed
    $$$$$:  724-block 15
    $$$$$:  724-block 16
call   37 never executed
    $$$$$:  724-block 17
    $$$$$:  724-block 18
call   38 never executed
    $$$$$:  724-block 19
    $$$$$:  724-block 20
call   39 never executed
    $$$$$:  724-block 21
    $$$$$:  724-block 22
call   40 never executed
    $$$$$:  724-block 23
    $$$$$:  724-block 24
call   41 never executed
    $$$$$:  724-block 25
    $$$$$:  724-block 26
call   42 never executed
    $$$$$:  724-block 27
    $$$$$:  724-block 28
        -:  725:                          ::WaitForSingleObject(child_handle_.Get(), INFINITE));
        -:  726:  DWORD status_code;
    #####:  727:  GTEST_DEATH_TEST_CHECK_(
    %%%%%:  727-block  0
call    0 never executed
call    1 never executed
branch  2 never executed
branch  3 never executed
    %%%%%:  727-block  1
call    4 never executed
branch  5 never executed
branch  6 never executed
    %%%%%:  727-block  2
call    7 never executed
branch  8 never executed
branch  9 never executed
    %%%%%:  727-block  3
call   10 never executed
call   11 never executed
branch 12 never executed
branch 13 never executed
    %%%%%:  727-block  4
call   14 never executed
branch 15 never executed
branch 16 never executed
    %%%%%:  727-block  5
call   17 never executed
branch 18 never executed
branch 19 never executed
    %%%%%:  727-block  6
call   20 never executed
branch 21 never executed
branch 22 never executed
    %%%%%:  727-block  7
call   23 never executed
branch 24 never executed
branch 25 never executed
    %%%%%:  727-block  8
call   26 never executed
branch 27 never executed
branch 28 never executed
    %%%%%:  727-block  9
call   29 never executed
    %%%%%:  727-block 10
call   30 never executed
branch 31 never executed
branch 32 never executed
    %%%%%:  727-block 11
branch 33 never executed
branch 34 never executed
    $$$$$:  727-block 12
call   35 never executed
    $$$$$:  727-block 13
    $$$$$:  727-block 14
call   36 never executed
    $$$$$:  727-block 15
    $$$$$:  727-block 16
call   37 never executed
    $$$$$:  727-block 17
    $$$$$:  727-block 18
call   38 never executed
    $$$$$:  727-block 19
    $$$$$:  727-block 20
call   39 never executed
    $$$$$:  727-block 21
    $$$$$:  727-block 22
call   40 never executed
    $$$$$:  727-block 23
    $$$$$:  727-block 24
call   41 never executed
    $$$$$:  727-block 25
    $$$$$:  727-block 26
call   42 never executed
    $$$$$:  727-block 27
    $$$$$:  727-block 28
        -:  728:      ::GetExitCodeProcess(child_handle_.Get(), &status_code) != FALSE);
    #####:  729:  child_handle_.Reset();
    %%%%%:  729-block  0
call    0 never executed
branch  1 never executed
branch  2 never executed
    #####:  730:  set_status(static_cast<int>(status_code));
    %%%%%:  730-block  0
call    0 never executed
    #####:  731:  return status();
call    0 never executed
        -:  732:}
        -:  733:
        -:  734:// The AssumeRole process for a Windows death test.  It creates a child
        -:  735:// process with the same executable as the current process to run the
        -:  736:// death test.  The child process is given the --gtest_filter and
        -:  737:// --gtest_internal_run_death_test flags such that it knows to run the
        -:  738:// current death test only.
function _ZN7testing8internal16WindowsDeathTest10AssumeRoleEv called 0 returned 0% blocks executed 0%
    #####:  739:DeathTest::TestRole WindowsDeathTest::AssumeRole() {
    #####:  740:  const UnitTestImpl* const impl = GetUnitTestImpl();
    %%%%%:  740-block  0
call    0 never executed
branch  1 never executed
branch  2 never executed
        -:  741:  const InternalRunDeathTestFlag* const flag =
    #####:  742:      impl->internal_run_death_test_flag();
    %%%%%:  742-block  0
call    0 never executed
    #####:  743:  const TestInfo* const info = impl->current_test_info();
call    0 never executed
    #####:  744:  const int death_test_index = info->result()->death_test_count();
call    0 never executed
call    1 never executed
        -:  745:
    #####:  746:  if (flag != nullptr) {
branch  0 never executed
branch  1 never executed
        -:  747:    // ParseInternalRunDeathTestFlag() has performed all the necessary
        -:  748:    // processing.
    #####:  749:    set_write_fd(flag->write_fd());
    %%%%%:  749-block  0
call    0 never executed
call    1 never executed
    #####:  750:    return EXECUTE_TEST;
        -:  751:  }
        -:  752:
        -:  753:  // WindowsDeathTest uses an anonymous pipe to communicate results of
        -:  754:  // a death test.
    #####:  755:  SECURITY_ATTRIBUTES handles_are_inheritable = {sizeof(SECURITY_ATTRIBUTES),
    %%%%%:  755-block  0
        -:  756:                                                 nullptr, TRUE};
        -:  757:  HANDLE read_handle, write_handle;
    #####:  758:  GTEST_DEATH_TEST_CHECK_(::CreatePipe(&read_handle, &write_handle,
    %%%%%:  758-block  0
call    0 never executed
branch  1 never executed
branch  2 never executed
    %%%%%:  758-block  1
call    3 never executed
branch  4 never executed
branch  5 never executed
    %%%%%:  758-block  2
call    6 never executed
branch  7 never executed
branch  8 never executed
    %%%%%:  758-block  3
call    9 never executed
call   10 never executed
branch 11 never executed
branch 12 never executed
    %%%%%:  758-block  4
call   13 never executed
branch 14 never executed
branch 15 never executed
    %%%%%:  758-block  5
call   16 never executed
branch 17 never executed
branch 18 never executed
    %%%%%:  758-block  6
call   19 never executed
branch 20 never executed
branch 21 never executed
    %%%%%:  758-block  7
call   22 never executed
branch 23 never executed
branch 24 never executed
    %%%%%:  758-block  8
call   25 never executed
branch 26 never executed
branch 27 never executed
    %%%%%:  758-block  9
call   28 never executed
    %%%%%:  758-block 10
call   29 never executed
branch 30 never executed
branch 31 never executed
    %%%%%:  758-block 11
branch 32 never executed
branch 33 never executed
    $$$$$:  758-block 12
call   34 never executed
    $$$$$:  758-block 13
    $$$$$:  758-block 14
call   35 never executed
    $$$$$:  758-block 15
    $$$$$:  758-block 16
call   36 never executed
    $$$$$:  758-block 17
    $$$$$:  758-block 18
call   37 never executed
    $$$$$:  758-block 19
    $$$$$:  758-block 20
call   38 never executed
    $$$$$:  758-block 21
    $$$$$:  758-block 22
call   39 never executed
    $$$$$:  758-block 23
    $$$$$:  758-block 24
call   40 never executed
    $$$$$:  758-block 25
    $$$$$:  758-block 26
call   41 never executed
    $$$$$:  758-block 27
    $$$$$:  758-block 28
        -:  759:                                       &handles_are_inheritable,
        -:  760:                                       0)  // Default buffer size.
        -:  761:                          != FALSE);
    #####:  762:  set_read_fd(
    %%%%%:  762-block  0
call    0 never executed
branch  1 never executed
branch  2 never executed
    %%%%%:  762-block  1
call    3 never executed
        -:  763:      ::_open_osfhandle(reinterpret_cast<intptr_t>(read_handle), O_RDONLY));
    #####:  764:  write_handle_.Reset(write_handle);
call    0 never executed
branch  1 never executed
branch  2 never executed
    #####:  765:  event_handle_.Reset(::CreateEvent(
    %%%%%:  765-block  0
call    0 never executed
branch  1 never executed
branch  2 never executed
    %%%%%:  765-block  1
call    3 never executed
branch  4 never executed
branch  5 never executed
        -:  766:      &handles_are_inheritable,
        -:  767:      TRUE,       // The event will automatically reset to non-signaled state.
        -:  768:      FALSE,      // The initial state is non-signalled.
        -:  769:      nullptr));  // The even is unnamed.
    #####:  770:  GTEST_DEATH_TEST_CHECK_(event_handle_.Get() != nullptr);
    %%%%%:  770-block  0
call    0 never executed
call    1 never executed
branch  2 never executed
branch  3 never executed
    %%%%%:  770-block  1
call    4 never executed
branch  5 never executed
branch  6 never executed
    %%%%%:  770-block  2
call    7 never executed
call    8 never executed
branch  9 never executed
branch 10 never executed
    %%%%%:  770-block  3
call   11 never executed
branch 12 never executed
branch 13 never executed
    %%%%%:  770-block  4
call   14 never executed
branch 15 never executed
branch 16 never executed
    %%%%%:  770-block  5
call   17 never executed
branch 18 never executed
branch 19 never executed
    %%%%%:  770-block  6
call   20 never executed
branch 21 never executed
branch 22 never executed
    %%%%%:  770-block  7
call   23 never executed
branch 24 never executed
branch 25 never executed
    %%%%%:  770-block  8
call   26 never executed
    %%%%%:  770-block  9
call   27 never executed
branch 28 never executed
branch 29 never executed
    %%%%%:  770-block 10
branch 30 never executed
branch 31 never executed
    $$$$$:  770-block 11
call   32 never executed
    $$$$$:  770-block 12
    $$$$$:  770-block 13
call   33 never executed
    $$$$$:  770-block 14
    $$$$$:  770-block 15
call   34 never executed
    $$$$$:  770-block 16
    $$$$$:  770-block 17
call   35 never executed
    $$$$$:  770-block 18
    $$$$$:  770-block 19
call   36 never executed
    $$$$$:  770-block 20
    $$$$$:  770-block 21
call   37 never executed
    $$$$$:  770-block 22
    $$$$$:  770-block 23
call   38 never executed
    $$$$$:  770-block 24
    $$$$$:  770-block 25
call   39 never executed
    $$$$$:  770-block 26
    $$$$$:  770-block 27
    #####:  771:  const std::string filter_flag = std::string("--") + GTEST_FLAG_PREFIX_ +
call    0 never executed
call    1 never executed
branch  2 never executed
branch  3 never executed
    %%%%%:  771-block  0
call    4 never executed
branch  5 never executed
branch  6 never executed
    %%%%%:  771-block  1
call    7 never executed
branch  8 never executed
branch  9 never executed
call   10 never executed
call   11 never executed
call   12 never executed
    $$$$$:  771-block  2
    $$$$$:  771-block  3
    $$$$$:  771-block  4
    $$$$$:  771-block  5
    #####:  772:                                  "filter=" + info->test_suite_name() + "." +
call    0 never executed
    %%%%%:  772-block  0
call    1 never executed
branch  2 never executed
branch  3 never executed
    %%%%%:  772-block  1
call    4 never executed
branch  5 never executed
branch  6 never executed
call    7 never executed
call    8 never executed
    $$$$$:  772-block  2
    $$$$$:  772-block  3
    #####:  773:                                  info->name();
    %%%%%:  773-block  0
call    0 never executed
    %%%%%:  773-block  1
call    1 never executed
branch  2 never executed
branch  3 never executed
        -:  774:  const std::string internal_flag =
    #####:  775:      std::string("--") + GTEST_FLAG_PREFIX_ +
call    0 never executed
branch  1 never executed
branch  2 never executed
    %%%%%:  775-block  0
call    3 never executed
branch  4 never executed
branch  5 never executed
    %%%%%:  775-block  1
call    6 never executed
branch  7 never executed
branch  8 never executed
call    9 never executed
call   10 never executed
call   11 never executed
call   12 never executed
    $$$$$:  775-block  2
[...]
    #####: 1405:  UnitTestImpl* const impl = GetUnitTestImpl();
    %%%%%: 1405-block  0
call    0 never executed
branch  1 never executed
branch  2 never executed
        -: 1406:  const InternalRunDeathTestFlag* const flag =
    #####: 1407:      impl->internal_run_death_test_flag();
    %%%%%: 1407-block  0
call    0 never executed
        -: 1408:  const int death_test_index =
    #####: 1409:      impl->current_test_info()->increment_death_test_count();
call    0 never executed
call    1 never executed
        -: 1410:
    #####: 1411:  if (flag != nullptr) {
branch  0 never executed
branch  1 never executed
    #####: 1412:    if (death_test_index > flag->index()) {
    %%%%%: 1412-block  0
call    0 never executed
branch  1 never executed
branch  2 never executed
    #####: 1413:      DeathTest::set_last_death_test_message(
    %%%%%: 1413-block  0
call    0 never executed
branch  1 never executed
branch  2 never executed
    #####: 1414:          "Death test count (" + StreamableToString(death_test_index) +
    %%%%%: 1414-block  0
call    0 never executed
branch  1 never executed
branch  2 never executed
    %%%%%: 1414-block  1
call    3 never executed
branch  4 never executed
branch  5 never executed
    %%%%%: 1414-block  2
call    6 never executed
branch  7 never executed
branch  8 never executed
call    9 never executed
call   10 never executed
    $$$$$: 1414-block  3
call   11 never executed
    $$$$$: 1414-block  4
    $$$$$: 1414-block  5
call   12 never executed
    $$$$$: 1414-block  6
    $$$$$: 1414-block  7
call   13 never executed
    $$$$$: 1414-block  8
    #####: 1415:          ") somehow exceeded expected maximum (" +
    %%%%%: 1415-block  0
call    0 never executed
branch  1 never executed
branch  2 never executed
call    3 never executed
    $$$$$: 1415-block  1
call    4 never executed
    $$$$$: 1415-block  2
    #####: 1416:          StreamableToString(flag->index()) + ")");
    %%%%%: 1416-block  0
call    0 never executed
call    1 never executed
branch  2 never executed
branch  3 never executed
    %%%%%: 1416-block  1
call    4 never executed
branch  5 never executed
branch  6 never executed
    %%%%%: 1416-block  2
call    7 never executed
call    8 never executed
call    9 never executed
    $$$$$: 1416-block  3
call   10 never executed
    $$$$$: 1416-block  4
    $$$$$: 1416-block  5
call   11 never executed
    $$$$$: 1416-block  6
    $$$$$: 1416-block  7
    #####: 1417:      return false;
        -: 1418:    }
        -: 1419:
    #####: 1420:    if (!(flag->file() == file && flag->line() == line &&
    %%%%%: 1420-block  0
call    0 never executed
call    1 never executed
branch  2 never executed
branch  3 never executed
    %%%%%: 1420-block  1
call    4 never executed
branch  5 never executed
branch  6 never executed
    %%%%%: 1420-block  2
    %%%%%: 1420-block  3
    %%%%%: 1420-block  4
branch  7 never executed
branch  8 never executed
    #####: 1421:          flag->index() == death_test_index)) {
    %%%%%: 1421-block  0
call    0 never executed
branch  1 never executed
branch  2 never executed
    #####: 1422:      *test = nullptr;
    #####: 1423:      return true;
    %%%%%: 1423-block  0
        -: 1424:    }
        -: 1425:  }
        -: 1426:
        -: 1427:#ifdef GTEST_OS_WINDOWS
        -: 1428:
    #####: 1429:  if (GTEST_FLAG_GET(death_test_style) == "threadsafe" ||
    %%%%%: 1429-block  0
call    0 never executed
branch  1 never executed
branch  2 never executed
branch  3 never executed
branch  4 never executed
    %%%%%: 1429-block  1
    %%%%%: 1429-block  2
    %%%%%: 1429-block  3
branch  5 never executed
branch  6 never executed
    #####: 1430:      GTEST_FLAG_GET(death_test_style) == "fast") {
    %%%%%: 1430-block  0
call    0 never executed
    #####: 1431:    *test = new WindowsDeathTest(statement, std::move(matcher), file, line);
    %%%%%: 1431-block  0
call    0 never executed
call    1 never executed
branch  2 never executed
branch  3 never executed
    %%%%%: 1431-block  1
call    4 never executed
branch  5 never executed
branch  6 never executed
    %%%%%: 1431-block  2
call    7 never executed
branch  8 never executed
branch  9 never executed
    %%%%%: 1431-block  3
call   10 never executed
    $$$$$: 1431-block  4
call   11 never executed
    $$$$$: 1431-block  5
call   12 never executed
    $$$$$: 1431-block  6
        -: 1432:  }
        -: 1433:
        -: 1434:#elif defined(GTEST_OS_FUCHSIA)
        -: 1435:
        -: 1436:  if (GTEST_FLAG_GET(death_test_style) == "threadsafe" ||
        -: 1437:      GTEST_FLAG_GET(death_test_style) == "fast") {
        -: 1438:    *test = new FuchsiaDeathTest(statement, std::move(matcher), file, line);
        -: 1439:  }
        -: 1440:
        -: 1441:#else
        -: 1442:
        -: 1443:  if (GTEST_FLAG_GET(death_test_style) == "threadsafe") {
        -: 1444:    *test = new ExecDeathTest(statement, std::move(matcher), file, line);
        -: 1445:  } else if (GTEST_FLAG_GET(death_test_style) == "fast") {
        -: 1446:    *test = new NoExecDeathTest(statement, std::move(matcher));
        -: 1447:  }
        -: 1448:
        -: 1449:#endif  // GTEST_OS_WINDOWS
        -: 1450:
        -: 1451:  else {  // NOLINT - this is more readable than unbalanced brackets inside #if.
    #####: 1452:    DeathTest::set_last_death_test_message("Unknown death test style \"" +
    %%%%%: 1452-block  0
call    0 never executed
branch  1 never executed
branch  2 never executed
    %%%%%: 1452-block  1
call    3 never executed
branch  4 never executed
branch  5 never executed
    $$$$$: 1452-block  2
call    6 never executed
    $$$$$: 1452-block  3
    #####: 1453:                                           GTEST_FLAG_GET(death_test_style) +
    %%%%%: 1453-block  0
call    0 never executed
branch  1 never executed
branch  2 never executed
    %%%%%: 1453-block  1
call    3 never executed
call    4 never executed
    $$$$$: 1453-block  2
call    5 never executed
    $$$$$: 1453-block  3
        -: 1454:                                           "\" encountered");
    #####: 1455:    return false;
        -: 1456:  }
        -: 1457:
    #####: 1458:  return true;
    %%%%%: 1458-block  0
        -: 1459:}
        -: 1460:
        -: 1461:#ifdef GTEST_OS_WINDOWS
        -: 1462:// Recreates the pipe and event handles from the provided parameters,
        -: 1463:// signals the event, and returns a file descriptor wrapped around the pipe
        -: 1464:// handle. This function is called in the child process only.
function _ZN7testing8internalL23GetStatusFileDescriptorEjyy called 0 returned 0% blocks executed 0%
    #####: 1465:static int GetStatusFileDescriptor(unsigned int parent_process_id,
        -: 1466:                                   size_t write_handle_as_size_t,
        -: 1467:                                   size_t event_handle_as_size_t) {
        -: 1468:  AutoHandle parent_process_handle(::OpenProcess(PROCESS_DUP_HANDLE,
        -: 1469:                                                 FALSE,  // Non-inheritable.
    #####: 1470:                                                 parent_process_id));
    %%%%%: 1470-block  0
call    0 never executed
branch  1 never executed
branch  2 never executed
    %%%%%: 1470-block  1
call    3 never executed
    #####: 1471:  if (parent_process_handle.Get() == INVALID_HANDLE_VALUE) {
call    0 never executed
branch  1 never executed
branch  2 never executed
    #####: 1472:    DeathTestAbort("Unable to open parent process " +
    %%%%%: 1472-block  0
call    0 never executed
branch  1 never executed
branch  2 never executed
    %%%%%: 1472-block  1
call    3 never executed
    $$$$$: 1472-block  2
call    4 never executed
    $$$$$: 1472-block  3
    #####: 1473:                   StreamableToString(parent_process_id));
    %%%%%: 1473-block  0
call    0 never executed
branch  1 never executed
branch  2 never executed
    $$$$$: 1473-block  1
call    3 never executed
    $$$$$: 1473-block  2
        -: 1474:  }
        -: 1475:
    #####: 1476:  GTEST_CHECK_(sizeof(HANDLE) <= sizeof(size_t));
    %%%%%: 1476-block  0
call    0 never executed
branch  1 never executed
branch  2 never executed
    %%%%%: 1476-block  1
call    3 never executed
branch  4 never executed
branch  5 never executed
    %%%%%: 1476-block  2
call    6 never executed
call    7 never executed
branch  8 never executed
branch  9 never executed
    %%%%%: 1476-block  3
call   10 never executed
    $$$$$: 1476-block  4
call   11 never executed
    $$$$$: 1476-block  5
        -: 1477:
    #####: 1478:  const HANDLE write_handle = reinterpret_cast<HANDLE>(write_handle_as_size_t);
        -: 1479:  HANDLE dup_write_handle;
        -: 1480:
        -: 1481:  // The newly initialized handle is accessible only in the parent
        -: 1482:  // process. To obtain one accessible within the child, we need to use
        -: 1483:  // DuplicateHandle.
    #####: 1484:  if (!::DuplicateHandle(parent_process_handle.Get(), write_handle,
    %%%%%: 1484-block  0
call    0 never executed
branch  1 never executed
branch  2 never executed
    %%%%%: 1484-block  1
call    3 never executed
call    4 never executed
branch  5 never executed
branch  6 never executed
    %%%%%: 1484-block  2
branch  7 never executed
branch  8 never executed
        -: 1485:                         ::GetCurrentProcess(), &dup_write_handle,
        -: 1486:                         0x0,    // Requested privileges ignored since
        -: 1487:                                 // DUPLICATE_SAME_ACCESS is used.
        -: 1488:                         FALSE,  // Request non-inheritable handler.
        -: 1489:                         DUPLICATE_SAME_ACCESS)) {
    #####: 1490:    DeathTestAbort("Unable to duplicate the pipe handle " +
    %%%%%: 1490-block  0
call    0 never executed
branch  1 never executed
branch  2 never executed
    %%%%%: 1490-block  1
call    3 never executed
    $$$$$: 1490-block  2
call    4 never executed
    $$$$$: 1490-block  3
    #####: 1491:                   StreamableToString(write_handle_as_size_t) +
    %%%%%: 1491-block  0
call    0 never executed
branch  1 never executed
branch  2 never executed
    %%%%%: 1491-block  1
call    3 never executed
branch  4 never executed
branch  5 never executed
    $$$$$: 1491-block  2
call    6 never executed
    $$$$$: 1491-block  3
    $$$$$: 1491-block  4
call    7 never executed
    $$$$$: 1491-block  5
    #####: 1492:                   " from the parent process " +
    %%%%%: 1492-block  0
call    0 never executed
branch  1 never executed
branch  2 never executed
    $$$$$: 1492-block  1
call    3 never executed
    $$$$$: 1492-block  2
    #####: 1493:                   StreamableToString(parent_process_id));
    %%%%%: 1493-block  0
call    0 never executed
branch  1 never executed
branch  2 never executed
    $$$$$: 1493-block  1
call    3 never executed
    $$$$$: 1493-block  2
        -: 1494:  }
        -: 1495:
    #####: 1496:  const HANDLE event_handle = reinterpret_cast<HANDLE>(event_handle_as_size_t);
        -: 1497:  HANDLE dup_event_handle;
        -: 1498:
    #####: 1499:  if (!::DuplicateHandle(parent_process_handle.Get(), event_handle,
    %%%%%: 1499-block  0
call    0 never executed
branch  1 never executed
branch  2 never executed
    %%%%%: 1499-block  1
call    3 never executed
call    4 never executed
branch  5 never executed
branch  6 never executed
    %%%%%: 1499-block  2
branch  7 never executed
branch  8 never executed
        -: 1500:                         ::GetCurrentProcess(), &dup_event_handle, 0x0, FALSE,
        -: 1501:                         DUPLICATE_SAME_ACCESS)) {
    #####: 1502:    DeathTestAbort("Unable to duplicate the event handle " +
    %%%%%: 1502-block  0
call    0 never executed
branch  1 never executed
branch  2 never executed
    %%%%%: 1502-block  1
call    3 never executed
    $$$$$: 1502-block  2
call    4 never executed
    $$$$$: 1502-block  3
    #####: 1503:                   StreamableToString(event_handle_as_size_t) +
    %%%%%: 1503-block  0
call    0 never executed
branch  1 never executed
branch  2 never executed
    %%%%%: 1503-block  1
call    3 never executed
branch  4 never executed
branch  5 never executed
    $$$$$: 1503-block  2
call    6 never executed
    $$$$$: 1503-block  3
    $$$$$: 1503-block  4
call    7 never executed
    $$$$$: 1503-block  5
    #####: 1504:                   " from the parent process " +
    %%%%%: 1504-block  0
call    0 never executed
branch  1 never executed
branch  2 never executed
    $$$$$: 1504-block  1
call    3 never executed
    $$$$$: 1504-block  2
    #####: 1505:                   StreamableToString(parent_process_id));
    %%%%%: 1505-block  0
call    0 never executed
branch  1 never executed
branch  2 never executed
    $$$$$: 1505-block  1
call    3 never executed
    $$$$$: 1505-block  2
        -: 1506:  }
        -: 1507:
        -: 1508:  const int write_fd =
    #####: 1509:      ::_open_osfhandle(reinterpret_cast<intptr_t>(dup_write_handle), O_APPEND);
    %%%%%: 1509-block  0
call    0 never executed
branch  1 never executed
branch  2 never executed
    #####: 1510:  if (write_fd == -1) {
    %%%%%: 1510-block  0
branch  0 never executed
branch  1 never executed
    #####: 1511:    DeathTestAbort("Unable to convert pipe handle " +
    %%%%%: 1511-block  0
call    0 never executed
branch  1 never executed
branch  2 never executed
    %%%%%: 1511-block  1
call    3 never executed
    $$$$$: 1511-block  2
call    4 never executed
    $$$$$: 1511-block  3
    #####: 1512:                   StreamableToString(write_handle_as_size_t) +
    %%%%%: 1512-block  0
call    0 never executed
branch  1 never executed
branch  2 never executed
    %%%%%: 1512-block  1
call    3 never executed
branch  4 never executed
branch  5 never executed
    $$$$$: 1512-block  2
call    6 never executed
    $$$$$: 1512-block  3
    $$$$$: 1512-block  4
call    7 never executed
    $$$$$: 1512-block  5
        -: 1513:                   " to a file descriptor");
        -: 1514:  }
        -: 1515:
        -: 1516:  // Signals the parent that the write end of the pipe has been acquired
        -: 1517:  // so the parent can release its own write end.
    #####: 1518:  ::SetEvent(dup_event_handle);
    %%%%%: 1518-block  0
call    0 never executed
branch  1 never executed
branch  2 never executed
        -: 1519:
    #####: 1520:  return write_fd;
    %%%%%: 1520-block  0
    #####: 1521:}
    %%%%%: 1521-block  0
call    0 never executed
    $$$$$: 1521-block  1
call    1 never executed
        -: 1522:#endif  // GTEST_OS_WINDOWS
        -: 1523:
        -: 1524:// Returns a newly created InternalRunDeathTestFlag object with fields
        -: 1525:// initialized from the GTEST_FLAG(internal_run_death_test) flag if
        -: 1526:// the flag is specified; otherwise returns NULL.
function _ZN7testing8internal29ParseInternalRunDeathTestFlagEv called 1 returned 100% blocks executed 14%
        1: 1527:InternalRunDeathTestFlag* ParseInternalRunDeathTestFlag() {
        1: 1528:  if (GTEST_FLAG_GET(internal_run_death_test) == "") return nullptr;
        1: 1528-block  0
call    0 returned 1
branch  1 taken 1 (fallthrough)
branch  2 taken 0
        1: 1528-block  1
        -: 1529:
        -: 1530:  // GTEST_HAS_DEATH_TEST implies that we have ::std::string, so we
        -: 1531:  // can use it here.
    #####: 1532:  int line = -1;
    #####: 1533:  int index = -1;
    #####: 1534:  ::std::vector< ::std::string> fields;
    %%%%%: 1534-block  0
call    0 never executed
    #####: 1535:  SplitString(GTEST_FLAG_GET(internal_run_death_test), '|', &fields);
call    0 never executed
branch  1 never executed
branch  2 never executed
    #####: 1536:  int write_fd = -1;
        -: 1537:
        -: 1538:#ifdef GTEST_OS_WINDOWS
        -: 1539:
    #####: 1540:  unsigned int parent_process_id = 0;
    #####: 1541:  size_t write_handle_as_size_t = 0;
    #####: 1542:  size_t event_handle_as_size_t = 0;
        -: 1543:
    #####: 1544:  if (fields.size() != 6 || !ParseNaturalNumber(fields[1], &line) ||
    %%%%%: 1544-block  0
call    0 never executed
    %%%%%: 1544-block  1
call    1 never executed
call    2 never executed
branch  3 never executed
branch  4 never executed
    %%%%%: 1544-block  2
branch  5 never executed
branch  6 never executed
    #####: 1545:      !ParseNaturalNumber(fields[2], &index) ||
    %%%%%: 1545-block  0
call    0 never executed
call    1 never executed
branch  2 never executed
branch  3 never executed
    %%%%%: 1545-block  1
branch  4 never executed
branch  5 never executed
    #####: 1546:      !ParseNaturalNumber(fields[3], &parent_process_id) ||
    %%%%%: 1546-block  0
call    0 never executed
call    1 never executed
branch  2 never executed
branch  3 never executed
    %%%%%: 1546-block  1
branch  4 never executed
branch  5 never executed
    #####: 1547:      !ParseNaturalNumber(fields[4], &write_handle_as_size_t) ||
branch  0 never executed
branch  1 never executed
    %%%%%: 1547-block  0
call    2 never executed
call    3 never executed
branch  4 never executed
branch  5 never executed
    %%%%%: 1547-block  1
branch  6 never executed
branch  7 never executed
    %%%%%: 1547-block  2
    %%%%%: 1547-block  3
    %%%%%: 1547-block  4
branch  8 never executed
branch  9 never executed
    #####: 1548:      !ParseNaturalNumber(fields[5], &event_handle_as_size_t)) {
    %%%%%: 1548-block  0
call    0 never executed
call    1 never executed
branch  2 never executed
branch  3 never executed
    %%%%%: 1548-block  1
branch  4 never executed
branch  5 never executed
    #####: 1549:    DeathTestAbort("Bad --gtest_internal_run_death_test flag: " +
    %%%%%: 1549-block  0
call    0 never executed
branch  1 never executed
branch  2 never executed
    %%%%%: 1549-block  1
call    3 never executed
    $$$$$: 1549-block  2
call    4 never executed
    $$$$$: 1549-block  3
        -: 1550:                   GTEST_FLAG_GET(internal_run_death_test));
        -: 1551:  }
    #####: 1552:  write_fd = GetStatusFileDescriptor(parent_process_id, write_handle_as_size_t,
    %%%%%: 1552-block  0
call    0 never executed
branch  1 never executed
branch  2 never executed
        -: 1553:                                     event_handle_as_size_t);
        -: 1554:
        -: 1555:#elif defined(GTEST_OS_FUCHSIA)
        -: 1556:
        -: 1557:  if (fields.size() != 3 || !ParseNaturalNumber(fields[1], &line) ||
        -: 1558:      !ParseNaturalNumber(fields[2], &index)) {
        -: 1559:    DeathTestAbort("Bad --gtest_internal_run_death_test flag: " +
        -: 1560:                   GTEST_FLAG_GET(internal_run_death_test));
        -: 1561:  }
        -: 1562:
        -: 1563:#else
        -: 1564:
        -: 1565:  if (fields.size() != 4 || !ParseNaturalNumber(fields[1], &line) ||
        -: 1566:      !ParseNaturalNumber(fields[2], &index) ||
        -: 1567:      !ParseNaturalNumber(fields[3], &write_fd)) {
        -: 1568:    DeathTestAbort("Bad --gtest_internal_run_death_test flag: " +
        -: 1569:                   GTEST_FLAG_GET(internal_run_death_test));
        -: 1570:  }
        -: 1571:
        -: 1572:#endif  // GTEST_OS_WINDOWS
        -: 1573:
    #####: 1574:  return new InternalRunDeathTestFlag(fields[0], line, index, write_fd);
    %%%%%: 1574-block  0
call    0 never executed
call    1 never executed
branch  2 never executed
branch  3 never executed
    %%%%%: 1574-block  1
call    4 never executed
branch  5 never executed
branch  6 never executed
    $$$$$: 1574-block  2
call    7 never executed
    #####: 1575:}
    %%%%%: 1575-block  0
call    0 never executed
    $$$$$: 1575-block  1
call    1 never executed
        -: 1576:
        -: 1577:}  // namespace internal
        -: 1578:
        -: 1579:#endif  // GTEST_HAS_DEATH_TEST
        -: 1580:
        -: 1581:}  // namespace testing
