        -:    0:Source:D:/BUAA_Files/Learning_Files/Senior_Three_2/BUAA_SE/Pair_Project/2023_Pair/lib/googletest/include/gtest/gtest-printers.h
        -:    0:Graph:D:\BUAA_Files\Learning_Files\Senior_Three_2\BUAA_SE\Pair_Project\2023_Pair\cmake-build-debug-coverage\lib\googletest\CMakeFiles\gtest.dir\src\gtest-all.cc.gcno
        -:    0:Data:D:\BUAA_Files\Learning_Files\Senior_Three_2\BUAA_SE\Pair_Project\2023_Pair\cmake-build-debug-coverage\lib\googletest\CMakeFiles\gtest.dir\src\gtest-all.cc.gcda
        -:    0:Runs:1
        -:    1:// Copyright 2007, Google Inc.
        -:    2:// All rights reserved.
        -:    3://
        -:    4:// Redistribution and use in source and binary forms, with or without
        -:    5:// modification, are permitted provided that the following conditions are
        -:    6:// met:
        -:    7://
        -:    8://     * Redistributions of source code must retain the above copyright
        -:    9:// notice, this list of conditions and the following disclaimer.
        -:   10://     * Redistributions in binary form must reproduce the above
        -:   11:// copyright notice, this list of conditions and the following disclaimer
        -:   12:// in the documentation and/or other materials provided with the
        -:   13:// distribution.
        -:   14://     * Neither the name of Google Inc. nor the names of its
        -:   15:// contributors may be used to endorse or promote products derived from
        -:   16:// this software without specific prior written permission.
        -:   17://
        -:   18:// THIS SOFTWARE IS PROVIDED BY THE COPYRIGHT HOLDERS AND CONTRIBUTORS
        -:   19:// "AS IS" AND ANY EXPRESS OR IMPLIED WARRANTIES, INCLUDING, BUT NOT
        -:   20:// LIMITED TO, THE IMPLIED WARRANTIES OF MERCHANTABILITY AND FITNESS FOR
        -:   21:// A PARTICULAR PURPOSE ARE DISCLAIMED. IN NO EVENT SHALL THE COPYRIGHT
        -:   22:// OWNER OR CONTRIBUTORS BE LIABLE FOR ANY DIRECT, INDIRECT, INCIDENTAL,
        -:   23:// SPECIAL, EXEMPLARY, OR CONSEQUENTIAL DAMAGES (INCLUDING, BUT NOT
        -:   24:// LIMITED TO, PROCUREMENT OF SUBSTITUTE GOODS OR SERVICES; LOSS OF USE,
        -:   25:// DATA, OR PROFITS; OR BUSINESS INTERRUPTION) HOWEVER CAUSED AND ON ANY
        -:   26:// THEORY OF LIABILITY, WHETHER IN CONTRACT, STRICT LIABILITY, OR TORT
        -:   27:// (INCLUDING NEGLIGENCE OR OTHERWISE) ARISING IN ANY WAY OUT OF THE USE
        -:   28:// OF THIS SOFTWARE, EVEN IF ADVISED OF THE POSSIBILITY OF SUCH DAMAGE.
        -:   29:
        -:   30:// Google Test - The Google C++ Testing and Mocking Framework
        -:   31://
        -:   32:// This file implements a universal value printer that can print a
        -:   33:// value of any type T:
        -:   34://
        -:   35://   void ::testing::internal::UniversalPrinter<T>::Print(value, ostream_ptr);
        -:   36://
        -:   37:// A user can teach this function how to print a class type T by
        -:   38:// defining either operator<<() or PrintTo() in the namespace that
        -:   39:// defines T.  More specifically, the FIRST defined function in the
        -:   40:// following list will be used (assuming T is defined in namespace
        -:   41:// foo):
        -:   42://
        -:   43://   1. foo::PrintTo(const T&, ostream*)
        -:   44://   2. operator<<(ostream&, const T&) defined in either foo or the
        -:   45://      global namespace.
        -:   46://
        -:   47:// However if T is an STL-style container then it is printed element-wise
        -:   48:// unless foo::PrintTo(const T&, ostream*) is defined. Note that
        -:   49:// operator<<() is ignored for container types.
        -:   50://
        -:   51:// If none of the above is defined, it will print the debug string of
        -:   52:// the value if it is a protocol buffer, or print the raw bytes in the
        -:   53:// value otherwise.
        -:   54://
        -:   55:// To aid debugging: when T is a reference type, the address of the
        -:   56:// value is also printed; when T is a (const) char pointer, both the
        -:   57:// pointer value and the NUL-terminated string it points to are
        -:   58:// printed.
        -:   59://
        -:   60:// We also provide some convenient wrappers:
        -:   61://
        -:   62://   // Prints a value to a string.  For a (const or not) char
        -:   63://   // pointer, the NUL-terminated string (but not the pointer) is
        -:   64://   // printed.
        -:   65://   std::string ::testing::PrintToString(const T& value);
        -:   66://
        -:   67://   // Prints a value tersely: for a reference type, the referenced
        -:   68://   // value (but not the address) is printed; for a (const or not) char
        -:   69://   // pointer, the NUL-terminated string (but not the pointer) is
        -:   70://   // printed.
        -:   71://   void ::testing::internal::UniversalTersePrint(const T& value, ostream*);
        -:   72://
        -:   73://   // Prints value using the type inferred by the compiler.  The difference
        -:   74://   // from UniversalTersePrint() is that this function prints both the
        -:   75://   // pointer and the NUL-terminated string for a (const or not) char pointer.
        -:   76://   void ::testing::internal::UniversalPrint(const T& value, ostream*);
        -:   77://
        -:   78://   // Prints the fields of a tuple tersely to a string vector, one
        -:   79://   // element for each field. Tuple support must be enabled in
        -:   80://   // gtest-port.h.
        -:   81://   std::vector<string> UniversalTersePrintTupleFieldsToStrings(
        -:   82://       const Tuple& value);
        -:   83://
        -:   84:// Known limitation:
        -:   85://
        -:   86:// The print primitives print the elements of an STL-style container
        -:   87:// using the compiler-inferred type of *iter where iter is a
        -:   88:// const_iterator of the container.  When const_iterator is an input
        -:   89:// iterator but not a forward iterator, this inferred type may not
        -:   90:// match value_type, and the print output may be incorrect.  In
        -:   91:// practice, this is rarely a problem as for most containers
        -:   92:// const_iterator is a forward iterator.  We'll fix this if there's an
        -:   93:// actual need for it.  Note that this fix cannot rely on value_type
        -:   94:// being defined as many user-defined container types don't have
        -:   95:// value_type.
        -:   96:
        -:   97:// IWYU pragma: private, include "gtest/gtest.h"
        -:   98:// IWYU pragma: friend gtest/.*
        -:   99:// IWYU pragma: friend gmock/.*
        -:  100:
        -:  101:#ifndef GOOGLETEST_INCLUDE_GTEST_GTEST_PRINTERS_H_
        -:  102:#define GOOGLETEST_INCLUDE_GTEST_GTEST_PRINTERS_H_
        -:  103:
        -:  104:#include <functional>
        -:  105:#include <memory>
        -:  106:#include <ostream>  // NOLINT
        -:  107:#include <sstream>
        -:  108:#include <string>
        -:  109:#include <tuple>
        -:  110:#include <type_traits>
        -:  111:#include <typeinfo>
        -:  112:#include <utility>
        -:  113:#include <vector>
        -:  114:
        -:  115:#include "gtest/internal/gtest-internal.h"
        -:  116:#include "gtest/internal/gtest-port.h"
        -:  117:
        -:  118:namespace testing {
        -:  119:
        -:  120:// Definitions in the internal* namespaces are subject to change without notice.
        -:  121:// DO NOT USE THEM IN USER CODE!
        -:  122:namespace internal {
        -:  123:
        -:  124:template <typename T>
        -:  125:void UniversalPrint(const T& value, ::std::ostream* os);
        -:  126:
        -:  127:// Used to print an STL-style container when the user doesn't define
        -:  128:// a PrintTo() for it.
        -:  129:struct ContainerPrinter {
        -:  130:  template <typename T,
        -:  131:            typename = typename std::enable_if<
        -:  132:                (sizeof(IsContainerTest<T>(0)) == sizeof(IsContainer)) &&
        -:  133:                !IsRecursiveContainer<T>::value>::type>
        -:  134:  static void PrintValue(const T& container, std::ostream* os) {
        -:  135:    const size_t kMaxCount = 32;  // The maximum number of elements to print.
        -:  136:    *os << '{';
        -:  137:    size_t count = 0;
        -:  138:    for (auto&& elem : container) {
        -:  139:      if (count > 0) {
        -:  140:        *os << ',';
        -:  141:        if (count == kMaxCount) {  // Enough has been printed.
        -:  142:          *os << " ...";
        -:  143:          break;
        -:  144:        }
        -:  145:      }
        -:  146:      *os << ' ';
        -:  147:      // We cannot call PrintTo(elem, os) here as PrintTo() doesn't
        -:  148:      // handle `elem` being a native array.
        -:  149:      internal::UniversalPrint(elem, os);
        -:  150:      ++count;
        -:  151:    }
        -:  152:
        -:  153:    if (count > 0) {
        -:  154:      *os << ' ';
        -:  155:    }
        -:  156:    *os << '}';
        -:  157:  }
        -:  158:};
        -:  159:
        -:  160:// Used to print a pointer that is neither a char pointer nor a member
        -:  161:// pointer, when the user doesn't define PrintTo() for it.  (A member
        -:  162:// variable pointer or member function pointer doesn't really point to
        -:  163:// a location in the address space.  Their representation is
        -:  164:// implementation-defined.  Therefore they will be printed as raw
        -:  165:// bytes.)
        -:  166:struct FunctionPointerPrinter {
        -:  167:  template <typename T, typename = typename std::enable_if<
        -:  168:                            std::is_function<T>::value>::type>
        -:  169:  static void PrintValue(T* p, ::std::ostream* os) {
        -:  170:    if (p == nullptr) {
        -:  171:      *os << "NULL";
        -:  172:    } else {
        -:  173:      // T is a function type, so '*os << p' doesn't do what we want
        -:  174:      // (it just prints p as bool).  We want to print p as a const
        -:  175:      // void*.
        -:  176:      *os << reinterpret_cast<const void*>(p);
        -:  177:    }
        -:  178:  }
        -:  179:};
        -:  180:
        -:  181:struct PointerPrinter {
        -:  182:  template <typename T>
        -:  183:  static void PrintValue(T* p, ::std::ostream* os) {
        -:  184:    if (p == nullptr) {
        -:  185:      *os << "NULL";
        -:  186:    } else {
        -:  187:      // T is not a function type.  We just call << to print p,
        -:  188:      // relying on ADL to pick up user-defined << for their pointer
        -:  189:      // types, if any.
        -:  190:      *os << p;
        -:  191:    }
        -:  192:  }
        -:  193:};
        -:  194:
        -:  195:namespace internal_stream_operator_without_lexical_name_lookup {
        -:  196:
        -:  197:// The presence of an operator<< here will terminate lexical scope lookup
        -:  198:// straight away (even though it cannot be a match because of its argument
        -:  199:// types). Thus, the two operator<< calls in StreamPrinter will find only ADL
        -:  200:// candidates.
        -:  201:struct LookupBlocker {};
        -:  202:void operator<<(LookupBlocker, LookupBlocker);
        -:  203:
        -:  204:struct StreamPrinter {
        -:  205:  template <typename T,
        -:  206:            // Don't accept member pointers here. We'd print them via implicit
        -:  207:            // conversion to bool, which isn't useful.
        -:  208:            typename = typename std::enable_if<
        -:  209:                !std::is_member_pointer<T>::value>::type,
        -:  210:            // Only accept types for which we can find a streaming operator via
        -:  211:            // ADL (possibly involving implicit conversions).
        -:  212:            typename = decltype(std::declval<std::ostream&>()
        -:  213:                                << std::declval<const T&>())>
        -:  214:  static void PrintValue(const T& value, ::std::ostream* os) {
        -:  215:    // Call streaming operator found by ADL, possibly with implicit conversions
        -:  216:    // of the arguments.
        -:  217:    *os << value;
        -:  218:  }
        -:  219:};
        -:  220:
        -:  221:}  // namespace internal_stream_operator_without_lexical_name_lookup
        -:  222:
        -:  223:struct ProtobufPrinter {
        -:  224:  // We print a protobuf using its ShortDebugString() when the string
        -:  225:  // doesn't exceed this many characters; otherwise we print it using
        -:  226:  // DebugString() for better readability.
        -:  227:  static const size_t kProtobufOneLinerMaxLength = 50;
        -:  228:
        -:  229:  template <typename T,
        -:  230:            typename = typename std::enable_if<
        -:  231:                internal::HasDebugStringAndShortDebugString<T>::value>::type>
        -:  232:  static void PrintValue(const T& value, ::std::ostream* os) {
        -:  233:    std::string pretty_str = value.ShortDebugString();
        -:  234:    if (pretty_str.length() > kProtobufOneLinerMaxLength) {
        -:  235:      pretty_str = "\n" + value.DebugString();
        -:  236:    }
        -:  237:    *os << ("<" + pretty_str + ">");
        -:  238:  }
        -:  239:};
        -:  240:
        -:  241:struct ConvertibleToIntegerPrinter {
        -:  242:  // Since T has no << operator or PrintTo() but can be implicitly
        -:  243:  // converted to BiggestInt, we print it as a BiggestInt.
        -:  244:  //
        -:  245:  // Most likely T is an enum type (either named or unnamed), in which
        -:  246:  // case printing it as an integer is the desired behavior.  In case
        -:  247:  // T is not an enum, printing it as an integer is the best we can do
        -:  248:  // given that it has no user-defined printer.
        -:  249:  static void PrintValue(internal::BiggestInt value, ::std::ostream* os) {
        -:  250:    *os << value;
        -:  251:  }
        -:  252:};
        -:  253:
        -:  254:struct ConvertibleToStringViewPrinter {
        -:  255:#if GTEST_INTERNAL_HAS_STRING_VIEW
        -:  256:  static void PrintValue(internal::StringView value, ::std::ostream* os) {
        -:  257:    internal::UniversalPrint(value, os);
        -:  258:  }
        -:  259:#endif
        -:  260:};
        -:  261:
        -:  262:// Prints the given number of bytes in the given object to the given
        -:  263:// ostream.
        -:  264:GTEST_API_ void PrintBytesInObjectTo(const unsigned char* obj_bytes,
        -:  265:                                     size_t count, ::std::ostream* os);
        -:  266:struct RawBytesPrinter {
        -:  267:  // SFINAE on `sizeof` to make sure we have a complete type.
        -:  268:  template <typename T, size_t = sizeof(T)>
        -:  269:  static void PrintValue(const T& value, ::std::ostream* os) {
        -:  270:    PrintBytesInObjectTo(
        -:  271:        static_cast<const unsigned char*>(
        -:  272:            // Load bearing cast to void* to support iOS
        -:  273:            reinterpret_cast<const void*>(std::addressof(value))),
        -:  274:        sizeof(value), os);
        -:  275:  }
        -:  276:};
        -:  277:
        -:  278:struct FallbackPrinter {
        -:  279:  template <typename T>
        -:  280:  static void PrintValue(const T&, ::std::ostream* os) {
        -:  281:    *os << "(incomplete type)";
        -:  282:  }
        -:  283:};
        -:  284:
        -:  285:// Try every printer in order and return the first one that works.
        -:  286:template <typename T, typename E, typename Printer, typename... Printers>
        -:  287:struct FindFirstPrinter : FindFirstPrinter<T, E, Printers...> {};
        -:  288:
        -:  289:template <typename T, typename Printer, typename... Printers>
        -:  290:struct FindFirstPrinter<
        -:  291:    T, decltype(Printer::PrintValue(std::declval<const T&>(), nullptr)),
        -:  292:    Printer, Printers...> {
        -:  293:  using type = Printer;
        -:  294:};
        -:  295:
        -:  296:// Select the best printer in the following order:
        -:  297://  - Print containers (they have begin/end/etc).
        -:  298://  - Print function pointers.
        -:  299://  - Print object pointers.
        -:  300://  - Use the stream operator, if available.
        -:  301://  - Print protocol buffers.
        -:  302://  - Print types convertible to BiggestInt.
        -:  303://  - Print types convertible to StringView, if available.
        -:  304://  - Fallback to printing the raw bytes of the object.
        -:  305:template <typename T>
        -:  306:void PrintWithFallback(const T& value, ::std::ostream* os) {
        -:  307:  using Printer = typename FindFirstPrinter<
        -:  308:      T, void, ContainerPrinter, FunctionPointerPrinter, PointerPrinter,
        -:  309:      ProtobufPrinter,
        -:  310:      internal_stream_operator_without_lexical_name_lookup::StreamPrinter,
        -:  311:      ConvertibleToIntegerPrinter, ConvertibleToStringViewPrinter,
        -:  312:      RawBytesPrinter, FallbackPrinter>::type;
        -:  313:  Printer::PrintValue(value, os);
        -:  314:}
        -:  315:
        -:  316:// FormatForComparison<ToPrint, OtherOperand>::Format(value) formats a
        -:  317:// value of type ToPrint that is an operand of a comparison assertion
        -:  318:// (e.g. ASSERT_EQ).  OtherOperand is the type of the other operand in
        -:  319:// the comparison, and is used to help determine the best way to
        -:  320:// format the value.  In particular, when the value is a C string
        -:  321:// (char pointer) and the other operand is an STL string object, we
        -:  322:// want to format the C string as a string, since we know it is
        -:  323:// compared by value with the string object.  If the value is a char
        -:  324:// pointer but the other operand is not an STL string object, we don't
        -:  325:// know whether the pointer is supposed to point to a NUL-terminated
        -:  326:// string, and thus want to print it as a pointer to be safe.
        -:  327://
        -:  328:// INTERNAL IMPLEMENTATION - DO NOT USE IN A USER PROGRAM.
        -:  329:
        -:  330:// The default case.
        -:  331:template <typename ToPrint, typename OtherOperand>
        -:  332:class FormatForComparison {
        -:  333: public:
        -:  334:  static ::std::string Format(const ToPrint& value) {
        -:  335:    return ::testing::PrintToString(value);
        -:  336:  }
        -:  337:};
        -:  338:
        -:  339:// Array.
        -:  340:template <typename ToPrint, size_t N, typename OtherOperand>
        -:  341:class FormatForComparison<ToPrint[N], OtherOperand> {
        -:  342: public:
        -:  343:  static ::std::string Format(const ToPrint* value) {
        -:  344:    return FormatForComparison<const ToPrint*, OtherOperand>::Format(value);
        -:  345:  }
        -:  346:};
        -:  347:
        -:  348:// By default, print C string as pointers to be safe, as we don't know
        -:  349:// whether they actually point to a NUL-terminated string.
        -:  350:
        -:  351:#define GTEST_IMPL_FORMAT_C_STRING_AS_POINTER_(CharType)                \
        -:  352:  template <typename OtherOperand>                                      \
        -:  353:  class FormatForComparison<CharType*, OtherOperand> {                  \
        -:  354:   public:                                                              \
        -:  355:    static ::std::string Format(CharType* value) {                      \
        -:  356:      return ::testing::PrintToString(static_cast<const void*>(value)); \
        -:  357:    }                                                                   \
        -:  358:  }
        -:  359:
        -:  360:GTEST_IMPL_FORMAT_C_STRING_AS_POINTER_(char);
        -:  361:GTEST_IMPL_FORMAT_C_STRING_AS_POINTER_(const char);
        -:  362:GTEST_IMPL_FORMAT_C_STRING_AS_POINTER_(wchar_t);
        -:  363:GTEST_IMPL_FORMAT_C_STRING_AS_POINTER_(const wchar_t);
        -:  364:#ifdef __cpp_lib_char8_t
        -:  365:GTEST_IMPL_FORMAT_C_STRING_AS_POINTER_(char8_t);
        -:  366:GTEST_IMPL_FORMAT_C_STRING_AS_POINTER_(const char8_t);
        -:  367:#endif
        -:  368:GTEST_IMPL_FORMAT_C_STRING_AS_POINTER_(char16_t);
        -:  369:GTEST_IMPL_FORMAT_C_STRING_AS_POINTER_(const char16_t);
        -:  370:GTEST_IMPL_FORMAT_C_STRING_AS_POINTER_(char32_t);
        -:  371:GTEST_IMPL_FORMAT_C_STRING_AS_POINTER_(const char32_t);
        -:  372:
        -:  373:#undef GTEST_IMPL_FORMAT_C_STRING_AS_POINTER_
        -:  374:
        -:  375:// If a C string is compared with an STL string object, we know it's meant
        -:  376:// to point to a NUL-terminated string, and thus can print it as a string.
        -:  377:
        -:  378:#define GTEST_IMPL_FORMAT_C_STRING_AS_STRING_(CharType, OtherStringType) \
        -:  379:  template <>                                                            \
        -:  380:  class FormatForComparison<CharType*, OtherStringType> {                \
        -:  381:   public:                                                               \
        -:  382:    static ::std::string Format(CharType* value) {                       \
        -:  383:      return ::testing::PrintToString(value);                            \
        -:  384:    }                                                                    \
        -:  385:  }
        -:  386:
        -:  387:GTEST_IMPL_FORMAT_C_STRING_AS_STRING_(char, ::std::string);
        -:  388:GTEST_IMPL_FORMAT_C_STRING_AS_STRING_(const char, ::std::string);
        -:  389:#ifdef __cpp_lib_char8_t
        -:  390:GTEST_IMPL_FORMAT_C_STRING_AS_STRING_(char8_t, ::std::u8string);
        -:  391:GTEST_IMPL_FORMAT_C_STRING_AS_STRING_(const char8_t, ::std::u8string);
        -:  392:#endif
        -:  393:GTEST_IMPL_FORMAT_C_STRING_AS_STRING_(char16_t, ::std::u16string);
        -:  394:GTEST_IMPL_FORMAT_C_STRING_AS_STRING_(const char16_t, ::std::u16string);
        -:  395:GTEST_IMPL_FORMAT_C_STRING_AS_STRING_(char32_t, ::std::u32string);
        -:  396:GTEST_IMPL_FORMAT_C_STRING_AS_STRING_(const char32_t, ::std::u32string);
        -:  397:
        -:  398:#if GTEST_HAS_STD_WSTRING
        -:  399:GTEST_IMPL_FORMAT_C_STRING_AS_STRING_(wchar_t, ::std::wstring);
        -:  400:GTEST_IMPL_FORMAT_C_STRING_AS_STRING_(const wchar_t, ::std::wstring);
        -:  401:#endif
        -:  402:
        -:  403:#undef GTEST_IMPL_FORMAT_C_STRING_AS_STRING_
        -:  404:
        -:  405:// Formats a comparison assertion (e.g. ASSERT_EQ, EXPECT_LT, and etc)
        -:  406:// operand to be used in a failure message.  The type (but not value)
        -:  407:// of the other operand may affect the format.  This allows us to
        -:  408:// print a char* as a raw pointer when it is compared against another
        -:  409:// char* or void*, and print it as a C string when it is compared
        -:  410:// against an std::string object, for example.
        -:  411://
        -:  412:// INTERNAL IMPLEMENTATION - DO NOT USE IN A USER PROGRAM.
        -:  413:template <typename T1, typename T2>
        -:  414:std::string FormatForComparisonFailureMessage(const T1& value,
        -:  415:                                              const T2& /* other_operand */) {
        -:  416:  return FormatForComparison<T1, T2>::Format(value);
        -:  417:}
        -:  418:
        -:  419:// UniversalPrinter<T>::Print(value, ostream_ptr) prints the given
        -:  420:// value to the given ostream.  The caller must ensure that
        -:  421:// 'ostream_ptr' is not NULL, or the behavior is undefined.
        -:  422://
        -:  423:// We define UniversalPrinter as a class template (as opposed to a
        -:  424:// function template), as we need to partially specialize it for
        -:  425:// reference types, which cannot be done with function templates.
        -:  426:template <typename T>
        -:  427:class UniversalPrinter;
        -:  428:
        -:  429:// Prints the given value using the << operator if it has one;
        -:  430:// otherwise prints the bytes in it.  This is what
        -:  431:// UniversalPrinter<T>::Print() does when PrintTo() is not specialized
        -:  432:// or overloaded for type T.
        -:  433://
        -:  434:// A user can override this behavior for a class type Foo by defining
        -:  435:// an overload of PrintTo() in the namespace where Foo is defined.  We
        -:  436:// give the user this option as sometimes defining a << operator for
        -:  437:// Foo is not desirable (e.g. the coding style may prevent doing it,
        -:  438:// or there is already a << operator but it doesn't do what the user
        -:  439:// wants).
        -:  440:template <typename T>
        -:  441:void PrintTo(const T& value, ::std::ostream* os) {
        -:  442:  internal::PrintWithFallback(value, os);
        -:  443:}
        -:  444:
        -:  445:// The following list of PrintTo() overloads tells
        -:  446:// UniversalPrinter<T>::Print() how to print standard types (built-in
        -:  447:// types, strings, plain arrays, and pointers).
        -:  448:
        -:  449:// Overloads for various char types.
        -:  450:GTEST_API_ void PrintTo(unsigned char c, ::std::ostream* os);
        -:  451:GTEST_API_ void PrintTo(signed char c, ::std::ostream* os);
        -:  452:inline void PrintTo(char c, ::std::ostream* os) {
        -:  453:  // When printing a plain char, we always treat it as unsigned.  This
        -:  454:  // way, the output won't be affected by whether the compiler thinks
        -:  455:  // char is signed or not.
        -:  456:  PrintTo(static_cast<unsigned char>(c), os);
        -:  457:}
        -:  458:
        -:  459:// Overloads for other simple built-in types.
        -:  460:inline void PrintTo(bool x, ::std::ostream* os) {
        -:  461:  *os << (x ? "true" : "false");
        -:  462:}
        -:  463:
        -:  464:// Overload for wchar_t type.
        -:  465:// Prints a wchar_t as a symbol if it is printable or as its internal
        -:  466:// code otherwise and also as its decimal code (except for L'\0').
        -:  467:// The L'\0' char is printed as "L'\\0'". The decimal code is printed
        -:  468:// as signed integer when wchar_t is implemented by the compiler
        -:  469:// as a signed type and is printed as an unsigned integer when wchar_t
        -:  470:// is implemented as an unsigned type.
        -:  471:GTEST_API_ void PrintTo(wchar_t wc, ::std::ostream* os);
        -:  472:
        -:  473:GTEST_API_ void PrintTo(char32_t c, ::std::ostream* os);
        -:  474:inline void PrintTo(char16_t c, ::std::ostream* os) {
        -:  475:  PrintTo(ImplicitCast_<char32_t>(c), os);
        -:  476:}
        -:  477:#ifdef __cpp_char8_t
        -:  478:inline void PrintTo(char8_t c, ::std::ostream* os) {
        -:  479:  PrintTo(ImplicitCast_<char32_t>(c), os);
        -:  480:}
        -:  481:#endif
        -:  482:
        -:  483:// gcc/clang __{u,}int128_t
        -:  484:#if defined(__SIZEOF_INT128__)
        -:  485:GTEST_API_ void PrintTo(__uint128_t v, ::std::ostream* os);
        -:  486:GTEST_API_ void PrintTo(__int128_t v, ::std::ostream* os);
        -:  487:#endif  // __SIZEOF_INT128__
        -:  488:
        -:  489:// The default resolution used to print floating-point values uses only
        -:  490:// 6 digits, which can be confusing if a test compares two values whose
        -:  491:// difference lies in the 7th digit.  So we'd like to print out numbers
        -:  492:// in full precision.
        -:  493:// However if the value is something simple like 1.1, full will print a
        -:  494:// long string like 1.100000001 due to floating-point numbers not using
        -:  495:// a base of 10.  This routiune returns an appropriate resolution for a
        -:  496:// given floating-point number, that is, 6 if it will be accurate, or a
        -:  497:// max_digits10 value (full precision) if it won't,  for values between
        -:  498:// 0.0001 and one million.
        -:  499:// It does this by computing what those digits would be (by multiplying
        -:  500:// by an appropriate power of 10), then dividing by that power again to
        -:  501:// see if gets the original value back.
        -:  502:// A similar algorithm applies for values larger than one million; note
        -:  503:// that for those values, we must divide to get a six-digit number, and
        -:  504:// then multiply to possibly get the original value again.
        -:  505:template <typename FloatType>
        -:  506:int AppropriateResolution(FloatType val) {
        -:  507:  int full = std::numeric_limits<FloatType>::max_digits10;
        -:  508:  if (val < 0) val = -val;
        -:  509:
        -:  510:  if (val < 1000000) {
        -:  511:    FloatType mulfor6 = 1e10;
        -:  512:    if (val >= 100000.0) {  // 100,000 to 999,999
        -:  513:      mulfor6 = 1.0;
        -:  514:    } else if (val >= 10000.0) {
        -:  515:      mulfor6 = 1e1;
        -:  516:    } else if (val >= 1000.0) {
        -:  517:      mulfor6 = 1e2;
        -:  518:    } else if (val >= 100.0) {
        -:  519:      mulfor6 = 1e3;
        -:  520:    } else if (val >= 10.0) {
        -:  521:      mulfor6 = 1e4;
        -:  522:    } else if (val >= 1.0) {
        -:  523:      mulfor6 = 1e5;
        -:  524:    } else if (val >= 0.1) {
        -:  525:      mulfor6 = 1e6;
        -:  526:    } else if (val >= 0.01) {
        -:  527:      mulfor6 = 1e7;
        -:  528:    } else if (val >= 0.001) {
        -:  529:      mulfor6 = 1e8;
        -:  530:    } else if (val >= 0.0001) {
        -:  531:      mulfor6 = 1e9;
        -:  532:    }
        -:  533:    if (static_cast<float>(static_cast<int32_t>(val * mulfor6 + 0.5)) /
        -:  534:            mulfor6 ==
        -:  535:        val)
        -:  536:      return 6;
        -:  537:  } else if (val < 1e10) {
        -:  538:    FloatType divfor6 = 1.0;
        -:  539:    if (val >= 1e9) {  // 1,000,000,000 to 9,999,999,999
        -:  540:      divfor6 = 10000;
        -:  541:    } else if (val >= 1e8) {  // 100,000,000 to 999,999,999
        -:  542:      divfor6 = 1000;
        -:  543:    } else if (val >= 1e7) {  // 10,000,000 to 99,999,999
        -:  544:      divfor6 = 100;
        -:  545:    } else if (val >= 1e6) {  // 1,000,000 to 9,999,999
        -:  546:      divfor6 = 10;
        -:  547:    }
        -:  548:    if (static_cast<float>(static_cast<int32_t>(val / divfor6 + 0.5)) *
        -:  549:            divfor6 ==
        -:  550:        val)
        -:  551:      return 6;
        -:  552:  }
        -:  553:  return full;
        -:  554:}
        -:  555:
        -:  556:inline void PrintTo(float f, ::std::ostream* os) {
        -:  557:  auto old_precision = os->precision();
        -:  558:  os->precision(AppropriateResolution(f));
        -:  559:  *os << f;
        -:  560:  os->precision(old_precision);
        -:  561:}
        -:  562:
        -:  563:inline void PrintTo(double d, ::std::ostream* os) {
        -:  564:  auto old_precision = os->precision();
        -:  565:  os->precision(AppropriateResolution(d));
        -:  566:  *os << d;
        -:  567:  os->precision(old_precision);
        -:  568:}
        -:  569:
        -:  570:// Overloads for C strings.
        -:  571:GTEST_API_ void PrintTo(const char* s, ::std::ostream* os);
        -:  572:inline void PrintTo(char* s, ::std::ostream* os) {
        -:  573:  PrintTo(ImplicitCast_<const char*>(s), os);
        -:  574:}
        -:  575:
        -:  576:// signed/unsigned char is often used for representing binary data, so
        -:  577:// we print pointers to it as void* to be safe.
        -:  578:inline void PrintTo(const signed char* s, ::std::ostream* os) {
        -:  579:  PrintTo(ImplicitCast_<const void*>(s), os);
        -:  580:}
        -:  581:inline void PrintTo(signed char* s, ::std::ostream* os) {
        -:  582:  PrintTo(ImplicitCast_<const void*>(s), os);
        -:  583:}
        -:  584:inline void PrintTo(const unsigned char* s, ::std::ostream* os) {
        -:  585:  PrintTo(ImplicitCast_<const void*>(s), os);
        -:  586:}
        -:  587:inline void PrintTo(unsigned char* s, ::std::ostream* os) {
        -:  588:  PrintTo(ImplicitCast_<const void*>(s), os);
        -:  589:}
        -:  590:#ifdef __cpp_char8_t
        -:  591:// Overloads for u8 strings.
        -:  592:GTEST_API_ void PrintTo(const char8_t* s, ::std::ostream* os);
        -:  593:inline void PrintTo(char8_t* s, ::std::ostream* os) {
        -:  594:  PrintTo(ImplicitCast_<const char8_t*>(s), os);
        -:  595:}
        -:  596:#endif
        -:  597:// Overloads for u16 strings.
        -:  598:GTEST_API_ void PrintTo(const char16_t* s, ::std::ostream* os);
        -:  599:inline void PrintTo(char16_t* s, ::std::ostream* os) {
        -:  600:  PrintTo(ImplicitCast_<const char16_t*>(s), os);
        -:  601:}
        -:  602:// Overloads for u32 strings.
        -:  603:GTEST_API_ void PrintTo(const char32_t* s, ::std::ostream* os);
        -:  604:inline void PrintTo(char32_t* s, ::std::ostream* os) {
        -:  605:  PrintTo(ImplicitCast_<const char32_t*>(s), os);
        -:  606:}
        -:  607:
        -:  608:// MSVC can be configured to define wchar_t as a typedef of unsigned
        -:  609:// short.  It defines _NATIVE_WCHAR_T_DEFINED when wchar_t is a native
        -:  610:// type.  When wchar_t is a typedef, defining an overload for const
        -:  611:// wchar_t* would cause unsigned short* be printed as a wide string,
        -:  612:// possibly causing invalid memory accesses.
        -:  613:#if !defined(_MSC_VER) || defined(_NATIVE_WCHAR_T_DEFINED)
        -:  614:// Overloads for wide C strings
        -:  615:GTEST_API_ void PrintTo(const wchar_t* s, ::std::ostream* os);
        -:  616:inline void PrintTo(wchar_t* s, ::std::ostream* os) {
        -:  617:  PrintTo(ImplicitCast_<const wchar_t*>(s), os);
        -:  618:}
        -:  619:#endif
        -:  620:
        -:  621:// Overload for C arrays.  Multi-dimensional arrays are printed
        -:  622:// properly.
        -:  623:
        -:  624:// Prints the given number of elements in an array, without printing
        -:  625:// the curly braces.
        -:  626:template <typename T>
        -:  627:void PrintRawArrayTo(const T a[], size_t count, ::std::ostream* os) {
        -:  628:  UniversalPrint(a[0], os);
        -:  629:  for (size_t i = 1; i != count; i++) {
        -:  630:    *os << ", ";
        -:  631:    UniversalPrint(a[i], os);
        -:  632:  }
        -:  633:}
        -:  634:
        -:  635:// Overloads for ::std::string.
        -:  636:GTEST_API_ void PrintStringTo(const ::std::string& s, ::std::ostream* os);
function _ZN7testing8internal7PrintToERKNSt7__cxx1112basic_stringIcSt11char_traitsIcESaIcEEEPSo called 0 returned 0% blocks executed 0%
    #####:  637:inline void PrintTo(const ::std::string& s, ::std::ostream* os) {
    #####:  638:  PrintStringTo(s, os);
    %%%%%:  638-block  0
call    0 never executed
    #####:  639:}
        -:  640:
        -:  641:// Overloads for ::std::u8string
        -:  642:#ifdef __cpp_lib_char8_t
        -:  643:GTEST_API_ void PrintU8StringTo(const ::std::u8string& s, ::std::ostream* os);
        -:  644:inline void PrintTo(const ::std::u8string& s, ::std::ostream* os) {
        -:  645:  PrintU8StringTo(s, os);
        -:  646:}
        -:  647:#endif
        -:  648:
        -:  649:// Overloads for ::std::u16string
        -:  650:GTEST_API_ void PrintU16StringTo(const ::std::u16string& s, ::std::ostream* os);
        -:  651:inline void PrintTo(const ::std::u16string& s, ::std::ostream* os) {
        -:  652:  PrintU16StringTo(s, os);
        -:  653:}
        -:  654:
        -:  655:// Overloads for ::std::u32string
        -:  656:GTEST_API_ void PrintU32StringTo(const ::std::u32string& s, ::std::ostream* os);
        -:  657:inline void PrintTo(const ::std::u32string& s, ::std::ostream* os) {
        -:  658:  PrintU32StringTo(s, os);
        -:  659:}
        -:  660:
        -:  661:// Overloads for ::std::wstring.
        -:  662:#if GTEST_HAS_STD_WSTRING
        -:  663:GTEST_API_ void PrintWideStringTo(const ::std::wstring& s, ::std::ostream* os);
function _ZN7testing8internal7PrintToERKNSt7__cxx1112basic_stringIwSt11char_traitsIwESaIwEEEPSo called 0 returned 0% blocks executed 0%
    #####:  664:inline void PrintTo(const ::std::wstring& s, ::std::ostream* os) {
    #####:  665:  PrintWideStringTo(s, os);
    %%%%%:  665-block  0
call    0 never executed
    #####:  666:}
        -:  667:#endif  // GTEST_HAS_STD_WSTRING
        -:  668:
        -:  669:#if GTEST_INTERNAL_HAS_STRING_VIEW
        -:  670:// Overload for internal::StringView.
        -:  671:inline void PrintTo(internal::StringView sp, ::std::ostream* os) {
        -:  672:  PrintTo(::std::string(sp), os);
        -:  673:}
        -:  674:#endif  // GTEST_INTERNAL_HAS_STRING_VIEW
        -:  675:
        -:  676:inline void PrintTo(std::nullptr_t, ::std::ostream* os) { *os << "(nullptr)"; }
        -:  677:
        -:  678:#if GTEST_HAS_RTTI
        -:  679:inline void PrintTo(const std::type_info& info, std::ostream* os) {
        -:  680:  *os << internal::GetTypeName(info);
        -:  681:}
        -:  682:#endif  // GTEST_HAS_RTTI
        -:  683:
        -:  684:template <typename T>
        -:  685:void PrintTo(std::reference_wrapper<T> ref, ::std::ostream* os) {
        -:  686:  UniversalPrinter<T&>::Print(ref.get(), os);
        -:  687:}
        -:  688:
        -:  689:inline const void* VoidifyPointer(const void* p) { return p; }
        -:  690:inline const void* VoidifyPointer(volatile const void* p) {
        -:  691:  return const_cast<const void*>(p);
        -:  692:}
        -:  693:
        -:  694:template <typename T, typename Ptr>
        -:  695:void PrintSmartPointer(const Ptr& ptr, std::ostream* os, char) {
        -:  696:  if (ptr == nullptr) {
        -:  697:    *os << "(nullptr)";
        -:  698:  } else {
        -:  699:    // We can't print the value. Just print the pointer..
        -:  700:    *os << "(" << (VoidifyPointer)(ptr.get()) << ")";
        -:  701:  }
        -:  702:}
        -:  703:template <typename T, typename Ptr,
        -:  704:          typename = typename std::enable_if<!std::is_void<T>::value &&
        -:  705:                                             !std::is_array<T>::value>::type>
        -:  706:void PrintSmartPointer(const Ptr& ptr, std::ostream* os, int) {
        -:  707:  if (ptr == nullptr) {
        -:  708:    *os << "(nullptr)";
        -:  709:  } else {
        -:  710:    *os << "(ptr = " << (VoidifyPointer)(ptr.get()) << ", value = ";
        -:  711:    UniversalPrinter<T>::Print(*ptr, os);
        -:  712:    *os << ")";
        -:  713:  }
        -:  714:}
        -:  715:
        -:  716:template <typename T, typename D>
        -:  717:void PrintTo(const std::unique_ptr<T, D>& ptr, std::ostream* os) {
        -:  718:  (PrintSmartPointer<T>)(ptr, os, 0);
        -:  719:}
        -:  720:
        -:  721:template <typename T>
        -:  722:void PrintTo(const std::shared_ptr<T>& ptr, std::ostream* os) {
        -:  723:  (PrintSmartPointer<T>)(ptr, os, 0);
        -:  724:}
        -:  725:
        -:  726:// Helper function for printing a tuple.  T must be instantiated with
        -:  727:// a tuple type.
        -:  728:template <typename T>
        -:  729:void PrintTupleTo(const T&, std::integral_constant<size_t, 0>,
        -:  730:                  ::std::ostream*) {}
        -:  731:
        -:  732:template <typename T, size_t I>
        -:  733:void PrintTupleTo(const T& t, std::integral_constant<size_t, I>,
        -:  734:                  ::std::ostream* os) {
        -:  735:  PrintTupleTo(t, std::integral_constant<size_t, I - 1>(), os);
        -:  736:  GTEST_INTENTIONAL_CONST_COND_PUSH_()
        -:  737:  if (I > 1) {
        -:  738:    GTEST_INTENTIONAL_CONST_COND_POP_()
        -:  739:    *os << ", ";
        -:  740:  }
        -:  741:  UniversalPrinter<typename std::tuple_element<I - 1, T>::type>::Print(
        -:  742:      std::get<I - 1>(t), os);
        -:  743:}
        -:  744:
        -:  745:template <typename... Types>
        -:  746:void PrintTo(const ::std::tuple<Types...>& t, ::std::ostream* os) {
        -:  747:  *os << "(";
        -:  748:  PrintTupleTo(t, std::integral_constant<size_t, sizeof...(Types)>(), os);
        -:  749:  *os << ")";
        -:  750:}
        -:  751:
        -:  752:// Overload for std::pair.
        -:  753:template <typename T1, typename T2>
        -:  754:void PrintTo(const ::std::pair<T1, T2>& value, ::std::ostream* os) {
        -:  755:  *os << '(';
        -:  756:  // We cannot use UniversalPrint(value.first, os) here, as T1 may be
        -:  757:  // a reference type.  The same for printing value.second.
        -:  758:  UniversalPrinter<T1>::Print(value.first, os);
        -:  759:  *os << ", ";
        -:  760:  UniversalPrinter<T2>::Print(value.second, os);
        -:  761:  *os << ')';
        -:  762:}
        -:  763:
        -:  764:// Implements printing a non-reference type T by letting the compiler
        -:  765:// pick the right overload of PrintTo() for T.
        -:  766:template <typename T>
        -:  767:class UniversalPrinter {
        -:  768: public:
        -:  769:  // MSVC warns about adding const to a function type, so we want to
        -:  770:  // disable the warning.
        -:  771:  GTEST_DISABLE_MSC_WARNINGS_PUSH_(4180)
        -:  772:
        -:  773:  // Note: we deliberately don't call this PrintTo(), as that name
        -:  774:  // conflicts with ::testing::internal::PrintTo in the body of the
        -:  775:  // function.
    #####:  776:  static void Print(const T& value, ::std::ostream* os) {
        -:  777:    // By default, ::testing::internal::PrintTo() is used for printing
        -:  778:    // the value.
        -:  779:    //
        -:  780:    // Thanks to Koenig look-up, if T is a class and has its own
        -:  781:    // PrintTo() function defined in its namespace, that function will
        -:  782:    // be visible here.  Since it is more specific than the generic ones
        -:  783:    // in ::testing::internal, it will be picked by the compiler in the
        -:  784:    // following statement - exactly what we want.
    #####:  785:    PrintTo(value, os);
    #####:  786:  }
------------------
_ZN7testing8internal16UniversalPrinterINSt7__cxx1112basic_stringIwSt11char_traitsIwESaIwEEEE5PrintERKS7_PSo:
function _ZN7testing8internal16UniversalPrinterINSt7__cxx1112basic_stringIwSt11char_traitsIwESaIwEEEE5PrintERKS7_PSo called 0 returned 0% blocks executed 0%
    #####:  776:  static void Print(const T& value, ::std::ostream* os) {
        -:  777:    // By default, ::testing::internal::PrintTo() is used for printing
        -:  778:    // the value.
        -:  779:    //
        -:  780:    // Thanks to Koenig look-up, if T is a class and has its own
        -:  781:    // PrintTo() function defined in its namespace, that function will
        -:  782:    // be visible here.  Since it is more specific than the generic ones
        -:  783:    // in ::testing::internal, it will be picked by the compiler in the
        -:  784:    // following statement - exactly what we want.
    #####:  785:    PrintTo(value, os);
    %%%%%:  785-block  0
call    0 never executed
    #####:  786:  }
------------------
_ZN7testing8internal16UniversalPrinterINSt7__cxx1112basic_stringIcSt11char_traitsIcESaIcEEEE5PrintERKS7_PSo:
function _ZN7testing8internal16UniversalPrinterINSt7__cxx1112basic_stringIcSt11char_traitsIcESaIcEEEE5PrintERKS7_PSo called 0 returned 0% blocks executed 0%
    #####:  776:  static void Print(const T& value, ::std::ostream* os) {
        -:  777:    // By default, ::testing::internal::PrintTo() is used for printing
        -:  778:    // the value.
        -:  779:    //
        -:  780:    // Thanks to Koenig look-up, if T is a class and has its own
        -:  781:    // PrintTo() function defined in its namespace, that function will
        -:  782:    // be visible here.  Since it is more specific than the generic ones
        -:  783:    // in ::testing::internal, it will be picked by the compiler in the
        -:  784:    // following statement - exactly what we want.
    #####:  785:    PrintTo(value, os);
    %%%%%:  785-block  0
call    0 never executed
    #####:  786:  }
------------------
        -:  787:
        -:  788:  GTEST_DISABLE_MSC_WARNINGS_POP_()
        -:  789:};
        -:  790:
        -:  791:// Remove any const-qualifiers before passing a type to UniversalPrinter.
        -:  792:template <typename T>
        -:  793:class UniversalPrinter<const T> : public UniversalPrinter<T> {};
        -:  794:
        -:  795:#if GTEST_INTERNAL_HAS_ANY
        -:  796:
        -:  797:// Printer for std::any / absl::any
        -:  798:
        -:  799:template <>
        -:  800:class UniversalPrinter<Any> {
        -:  801: public:
        -:  802:  static void Print(const Any& value, ::std::ostream* os) {
        -:  803:    if (value.has_value()) {
        -:  804:      *os << "value of type " << GetTypeName(value);
        -:  805:    } else {
        -:  806:      *os << "no value";
        -:  807:    }
        -:  808:  }
        -:  809:
        -:  810: private:
        -:  811:  static std::string GetTypeName(const Any& value) {
        -:  812:#if GTEST_HAS_RTTI
        -:  813:    return internal::GetTypeName(value.type());
        -:  814:#else
        -:  815:    static_cast<void>(value);  // possibly unused
        -:  816:    return "<unknown_type>";
        -:  817:#endif  // GTEST_HAS_RTTI
        -:  818:  }
        -:  819:};
        -:  820:
        -:  821:#endif  // GTEST_INTERNAL_HAS_ANY
        -:  822:
        -:  823:#if GTEST_INTERNAL_HAS_OPTIONAL
        -:  824:
        -:  825:// Printer for std::optional / absl::optional
        -:  826:
        -:  827:template <typename T>
        -:  828:class UniversalPrinter<Optional<T>> {
        -:  829: public:
        -:  830:  static void Print(const Optional<T>& value, ::std::ostream* os) {
        -:  831:    *os << '(';
        -:  832:    if (!value) {
        -:  833:      *os << "nullopt";
        -:  834:    } else {
        -:  835:      UniversalPrint(*value, os);
        -:  836:    }
        -:  837:    *os << ')';
        -:  838:  }
        -:  839:};
        -:  840:
        -:  841:template <>
        -:  842:class UniversalPrinter<decltype(Nullopt())> {
        -:  843: public:
        -:  844:  static void Print(decltype(Nullopt()), ::std::ostream* os) {
        -:  845:    *os << "(nullopt)";
        -:  846:  }
        -:  847:};
        -:  848:
        -:  849:#endif  // GTEST_INTERNAL_HAS_OPTIONAL
        -:  850:
        -:  851:#if GTEST_INTERNAL_HAS_VARIANT
        -:  852:
        -:  853:// Printer for std::variant / absl::variant
        -:  854:
        -:  855:template <typename... T>
        -:  856:class UniversalPrinter<Variant<T...>> {
        -:  857: public:
        -:  858:  static void Print(const Variant<T...>& value, ::std::ostream* os) {
        -:  859:    *os << '(';
        -:  860:#ifdef GTEST_HAS_ABSL
        -:  861:    absl::visit(Visitor{os, value.index()}, value);
        -:  862:#else
        -:  863:    std::visit(Visitor{os, value.index()}, value);
        -:  864:#endif  // GTEST_HAS_ABSL
        -:  865:    *os << ')';
        -:  866:  }
        -:  867:
        -:  868: private:
        -:  869:  struct Visitor {
        -:  870:    template <typename U>
        -:  871:    void operator()(const U& u) const {
        -:  872:      *os << "'" << GetTypeName<U>() << "(index = " << index
        -:  873:          << ")' with value ";
        -:  874:      UniversalPrint(u, os);
        -:  875:    }
        -:  876:    ::std::ostream* os;
        -:  877:    std::size_t index;
        -:  878:  };
        -:  879:};
        -:  880:
        -:  881:#endif  // GTEST_INTERNAL_HAS_VARIANT
        -:  882:
        -:  883:// UniversalPrintArray(begin, len, os) prints an array of 'len'
        -:  884:// elements, starting at address 'begin'.
        -:  885:template <typename T>
        -:  886:void UniversalPrintArray(const T* begin, size_t len, ::std::ostream* os) {
        -:  887:  if (len == 0) {
        -:  888:    *os << "{}";
        -:  889:  } else {
        -:  890:    *os << "{ ";
        -:  891:    const size_t kThreshold = 18;
        -:  892:    const size_t kChunkSize = 8;
        -:  893:    // If the array has more than kThreshold elements, we'll have to
        -:  894:    // omit some details by printing only the first and the last
        -:  895:    // kChunkSize elements.
        -:  896:    if (len <= kThreshold) {
        -:  897:      PrintRawArrayTo(begin, len, os);
        -:  898:    } else {
        -:  899:      PrintRawArrayTo(begin, kChunkSize, os);
        -:  900:      *os << ", ..., ";
        -:  901:      PrintRawArrayTo(begin + len - kChunkSize, kChunkSize, os);
        -:  902:    }
        -:  903:    *os << " }";
        -:  904:  }
        -:  905:}
        -:  906:// This overload prints a (const) char array compactly.
        -:  907:GTEST_API_ void UniversalPrintArray(const char* begin, size_t len,
        -:  908:                                    ::std::ostream* os);
        -:  909:
        -:  910:#ifdef __cpp_char8_t
        -:  911:// This overload prints a (const) char8_t array compactly.
        -:  912:GTEST_API_ void UniversalPrintArray(const char8_t* begin, size_t len,
        -:  913:                                    ::std::ostream* os);
        -:  914:#endif
        -:  915:
        -:  916:// This overload prints a (const) char16_t array compactly.
        -:  917:GTEST_API_ void UniversalPrintArray(const char16_t* begin, size_t len,
        -:  918:                                    ::std::ostream* os);
        -:  919:
        -:  920:// This overload prints a (const) char32_t array compactly.
        -:  921:GTEST_API_ void UniversalPrintArray(const char32_t* begin, size_t len,
        -:  922:                                    ::std::ostream* os);
        -:  923:
        -:  924:// This overload prints a (const) wchar_t array compactly.
        -:  925:GTEST_API_ void UniversalPrintArray(const wchar_t* begin, size_t len,
        -:  926:                                    ::std::ostream* os);
        -:  927:
        -:  928:// Implements printing an array type T[N].
        -:  929:template <typename T, size_t N>
        -:  930:class UniversalPrinter<T[N]> {
        -:  931: public:
        -:  932:  // Prints the given array, omitting some elements when there are too
        -:  933:  // many.
        -:  934:  static void Print(const T (&a)[N], ::std::ostream* os) {
        -:  935:    UniversalPrintArray(a, N, os);
        -:  936:  }
        -:  937:};
        -:  938:
        -:  939:// Implements printing a reference type T&.
        -:  940:template <typename T>
        -:  941:class UniversalPrinter<T&> {
        -:  942: public:
        -:  943:  // MSVC warns about adding const to a function type, so we want to
        -:  944:  // disable the warning.
        -:  945:  GTEST_DISABLE_MSC_WARNINGS_PUSH_(4180)
        -:  946:
        -:  947:  static void Print(const T& value, ::std::ostream* os) {
        -:  948:    // Prints the address of the value.  We use reinterpret_cast here
        -:  949:    // as static_cast doesn't compile when T is a function type.
        -:  950:    *os << "@" << reinterpret_cast<const void*>(&value) << " ";
        -:  951:
        -:  952:    // Then prints the value itself.
        -:  953:    UniversalPrint(value, os);
        -:  954:  }
        -:  955:
        -:  956:  GTEST_DISABLE_MSC_WARNINGS_POP_()
        -:  957:};
        -:  958:
        -:  959:// Prints a value tersely: for a reference type, the referenced value
        -:  960:// (but not the address) is printed; for a (const) char pointer, the
        -:  961:// NUL-terminated string (but not the pointer) is printed.
        -:  962:
        -:  963:template <typename T>
        -:  964:class UniversalTersePrinter {
        -:  965: public:
        -:  966:  static void Print(const T& value, ::std::ostream* os) {
        -:  967:    UniversalPrint(value, os);
        -:  968:  }
        -:  969:};
        -:  970:template <typename T>
        -:  971:class UniversalTersePrinter<T&> {
        -:  972: public:
        -:  973:  static void Print(const T& value, ::std::ostream* os) {
        -:  974:    UniversalPrint(value, os);
        -:  975:  }
        -:  976:};
        -:  977:template <typename T>
        -:  978:class UniversalTersePrinter<std::reference_wrapper<T>> {
        -:  979: public:
        -:  980:  static void Print(std::reference_wrapper<T> value, ::std::ostream* os) {
        -:  981:    UniversalTersePrinter<T>::Print(value.get(), os);
        -:  982:  }
        -:  983:};
        -:  984:template <typename T, size_t N>
        -:  985:class UniversalTersePrinter<T[N]> {
        -:  986: public:
        -:  987:  static void Print(const T (&value)[N], ::std::ostream* os) {
        -:  988:    UniversalPrinter<T[N]>::Print(value, os);
        -:  989:  }
        -:  990:};
        -:  991:template <>
        -:  992:class UniversalTersePrinter<const char*> {
        -:  993: public:
function _ZN7testing8internal21UniversalTersePrinterIPKcE5PrintES3_PSo called 0 returned 0% blocks executed 0%
    #####:  994:  static void Print(const char* str, ::std::ostream* os) {
    #####:  995:    if (str == nullptr) {
    %%%%%:  995-block  0
branch  0 never executed
branch  1 never executed
    #####:  996:      *os << "NULL";
    %%%%%:  996-block  0
call    0 never executed
        -:  997:    } else {
    #####:  998:      UniversalPrint(std::string(str), os);
    %%%%%:  998-block  0
call    0 never executed
call    1 never executed
branch  2 never executed
branch  3 never executed
    %%%%%:  998-block  1
call    4 never executed
branch  5 never executed
branch  6 never executed
    %%%%%:  998-block  2
call    7 never executed
call    8 never executed
    $$$$$:  998-block  3
call    9 never executed
    $$$$$:  998-block  4
    $$$$$:  998-block  5
call   10 never executed
        -:  999:    }
    #####: 1000:  }
    %%%%%: 1000-block  0
        -: 1001:};
        -: 1002:template <>
        -: 1003:class UniversalTersePrinter<char*> : public UniversalTersePrinter<const char*> {
        -: 1004:};
        -: 1005:
        -: 1006:#ifdef __cpp_char8_t
        -: 1007:template <>
        -: 1008:class UniversalTersePrinter<const char8_t*> {
        -: 1009: public:
        -: 1010:  static void Print(const char8_t* str, ::std::ostream* os) {
        -: 1011:    if (str == nullptr) {
        -: 1012:      *os << "NULL";
        -: 1013:    } else {
        -: 1014:      UniversalPrint(::std::u8string(str), os);
        -: 1015:    }
        -: 1016:  }
        -: 1017:};
        -: 1018:template <>
        -: 1019:class UniversalTersePrinter<char8_t*>
        -: 1020:    : public UniversalTersePrinter<const char8_t*> {};
        -: 1021:#endif
        -: 1022:
        -: 1023:template <>
        -: 1024:class UniversalTersePrinter<const char16_t*> {
        -: 1025: public:
        -: 1026:  static void Print(const char16_t* str, ::std::ostream* os) {
        -: 1027:    if (str == nullptr) {
        -: 1028:      *os << "NULL";
        -: 1029:    } else {
        -: 1030:      UniversalPrint(::std::u16string(str), os);
        -: 1031:    }
        -: 1032:  }
        -: 1033:};
        -: 1034:template <>
        -: 1035:class UniversalTersePrinter<char16_t*>
        -: 1036:    : public UniversalTersePrinter<const char16_t*> {};
        -: 1037:
        -: 1038:template <>
        -: 1039:class UniversalTersePrinter<const char32_t*> {
        -: 1040: public:
        -: 1041:  static void Print(const char32_t* str, ::std::ostream* os) {
        -: 1042:    if (str == nullptr) {
        -: 1043:      *os << "NULL";
        -: 1044:    } else {
        -: 1045:      UniversalPrint(::std::u32string(str), os);
        -: 1046:    }
        -: 1047:  }
        -: 1048:};
        -: 1049:template <>
        -: 1050:class UniversalTersePrinter<char32_t*>
        -: 1051:    : public UniversalTersePrinter<const char32_t*> {};
        -: 1052:
        -: 1053:#if GTEST_HAS_STD_WSTRING
        -: 1054:template <>
        -: 1055:class UniversalTersePrinter<const wchar_t*> {
        -: 1056: public:
function _ZN7testing8internal21UniversalTersePrinterIPKwE5PrintES3_PSo called 0 returned 0% blocks executed 0%
    #####: 1057:  static void Print(const wchar_t* str, ::std::ostream* os) {
    #####: 1058:    if (str == nullptr) {
    %%%%%: 1058-block  0
branch  0 never executed
branch  1 never executed
    #####: 1059:      *os << "NULL";
    %%%%%: 1059-block  0
call    0 never executed
        -: 1060:    } else {
    #####: 1061:      UniversalPrint(::std::wstring(str), os);
    %%%%%: 1061-block  0
call    0 never executed
call    1 never executed
branch  2 never executed
branch  3 never executed
    %%%%%: 1061-block  1
call    4 never executed
branch  5 never executed
branch  6 never executed
    %%%%%: 1061-block  2
call    7 never executed
call    8 never executed
    $$$$$: 1061-block  3
call    9 never executed
    $$$$$: 1061-block  4
    $$$$$: 1061-block  5
call   10 never executed
        -: 1062:    }
    #####: 1063:  }
    %%%%%: 1063-block  0
        -: 1064:};
        -: 1065:#endif
        -: 1066:
        -: 1067:template <>
        -: 1068:class UniversalTersePrinter<wchar_t*> {
        -: 1069: public:
        -: 1070:  static void Print(wchar_t* str, ::std::ostream* os) {
        -: 1071:    UniversalTersePrinter<const wchar_t*>::Print(str, os);
        -: 1072:  }
        -: 1073:};
        -: 1074:
        -: 1075:template <typename T>
        -: 1076:void UniversalTersePrint(const T& value, ::std::ostream* os) {
        -: 1077:  UniversalTersePrinter<T>::Print(value, os);
        -: 1078:}
        -: 1079:
        -: 1080:// Prints a value using the type inferred by the compiler.  The
        -: 1081:// difference between this and UniversalTersePrint() is that for a
        -: 1082:// (const) char pointer, this prints both the pointer and the
        -: 1083:// NUL-terminated string.
        -: 1084:template <typename T>
    #####: 1085:void UniversalPrint(const T& value, ::std::ostream* os) {
        -: 1086:  // A workarond for the bug in VC++ 7.1 that prevents us from instantiating
        -: 1087:  // UniversalPrinter with T directly.
        -: 1088:  typedef T T1;
    #####: 1089:  UniversalPrinter<T1>::Print(value, os);
    #####: 1090:}
------------------
_ZN7testing8internal14UniversalPrintINSt7__cxx1112basic_stringIwSt11char_traitsIwESaIwEEEEEvRKT_PSo:
function _ZN7testing8internal14UniversalPrintINSt7__cxx1112basic_stringIwSt11char_traitsIwESaIwEEEEEvRKT_PSo called 0 returned 0% blocks executed 0%
    #####: 1085:void UniversalPrint(const T& value, ::std::ostream* os) {
        -: 1086:  // A workarond for the bug in VC++ 7.1 that prevents us from instantiating
        -: 1087:  // UniversalPrinter with T directly.
        -: 1088:  typedef T T1;
    #####: 1089:  UniversalPrinter<T1>::Print(value, os);
    %%%%%: 1089-block  0
call    0 never executed
    #####: 1090:}
------------------
_ZN7testing8internal14UniversalPrintINSt7__cxx1112basic_stringIcSt11char_traitsIcESaIcEEEEEvRKT_PSo:
function _ZN7testing8internal14UniversalPrintINSt7__cxx1112basic_stringIcSt11char_traitsIcESaIcEEEEEvRKT_PSo called 0 returned 0% blocks executed 0%
    #####: 1085:void UniversalPrint(const T& value, ::std::ostream* os) {
        -: 1086:  // A workarond for the bug in VC++ 7.1 that prevents us from instantiating
        -: 1087:  // UniversalPrinter with T directly.
        -: 1088:  typedef T T1;
    #####: 1089:  UniversalPrinter<T1>::Print(value, os);
    %%%%%: 1089-block  0
call    0 never executed
    #####: 1090:}
------------------
        -: 1091:
        -: 1092:typedef ::std::vector<::std::string> Strings;
        -: 1093:
        -: 1094:// Tersely prints the first N fields of a tuple to a string vector,
        -: 1095:// one element for each field.
        -: 1096:template <typename Tuple>
        -: 1097:void TersePrintPrefixToStrings(const Tuple&, std::integral_constant<size_t, 0>,
        -: 1098:                               Strings*) {}
        -: 1099:template <typename Tuple, size_t I>
        -: 1100:void TersePrintPrefixToStrings(const Tuple& t,
        -: 1101:                               std::integral_constant<size_t, I>,
        -: 1102:                               Strings* strings) {
        -: 1103:  TersePrintPrefixToStrings(t, std::integral_constant<size_t, I - 1>(),
        -: 1104:                            strings);
        -: 1105:  ::std::stringstream ss;
        -: 1106:  UniversalTersePrint(std::get<I - 1>(t), &ss);
        -: 1107:  strings->push_back(ss.str());
        -: 1108:}
        -: 1109:
        -: 1110:// Prints the fields of a tuple tersely to a string vector, one
        -: 1111:// element for each field.  See the comment before
        -: 1112:// UniversalTersePrint() for how we define "tersely".
        -: 1113:template <typename Tuple>
        -: 1114:Strings UniversalTersePrintTupleFieldsToStrings(const Tuple& value) {
        -: 1115:  Strings result;
        -: 1116:  TersePrintPrefixToStrings(
        -: 1117:      value, std::integral_constant<size_t, std::tuple_size<Tuple>::value>(),
        -: 1118:      &result);
        -: 1119:  return result;
        -: 1120:}
        -: 1121:
        -: 1122:}  // namespace internal
        -: 1123:
        -: 1124:template <typename T>
    #####: 1125:::std::string PrintToString(const T& value) {
    #####: 1126:  ::std::stringstream ss;
    #####: 1127:  internal::UniversalTersePrinter<T>::Print(value, &ss);
    #####: 1128:  return ss.str();
    #####: 1129:}
------------------
_ZN7testing13PrintToStringIPKwEENSt7__cxx1112basic_stringIcSt11char_traitsIcESaIcEEERKT_:
function _ZN7testing13PrintToStringIPKwEENSt7__cxx1112basic_stringIcSt11char_traitsIcESaIcEEERKT_ called 0 returned 0% blocks executed 0%
    #####: 1125:::std::string PrintToString(const T& value) {
    #####: 1126:  ::std::stringstream ss;
    %%%%%: 1126-block  0
call    0 never executed
branch  1 never executed
branch  2 never executed
    #####: 1127:  internal::UniversalTersePrinter<T>::Print(value, &ss);
    %%%%%: 1127-block  0
call    0 never executed
branch  1 never executed
branch  2 never executed
    #####: 1128:  return ss.str();
    %%%%%: 1128-block  0
call    0 never executed
branch  1 never executed
branch  2 never executed
    %%%%%: 1128-block  1
    #####: 1129:}
    %%%%%: 1129-block  0
call    0 never executed
    $$$$$: 1129-block  1
call    1 never executed
------------------
_ZN7testing13PrintToStringIPKcEENSt7__cxx1112basic_stringIcSt11char_traitsIcESaIcEEERKT_:
function _ZN7testing13PrintToStringIPKcEENSt7__cxx1112basic_stringIcSt11char_traitsIcESaIcEEERKT_ called 0 returned 0% blocks executed 0%
    #####: 1125:::std::string PrintToString(const T& value) {
    #####: 1126:  ::std::stringstream ss;
    %%%%%: 1126-block  0
call    0 never executed
branch  1 never executed
branch  2 never executed
    #####: 1127:  internal::UniversalTersePrinter<T>::Print(value, &ss);
    %%%%%: 1127-block  0
call    0 never executed
branch  1 never executed
branch  2 never executed
    #####: 1128:  return ss.str();
    %%%%%: 1128-block  0
call    0 never executed
branch  1 never executed
branch  2 never executed
    %%%%%: 1128-block  1
    #####: 1129:}
    %%%%%: 1129-block  0
call    0 never executed
    $$$$$: 1129-block  1
call    1 never executed
------------------
        -: 1130:
        -: 1131:}  // namespace testing
        -: 1132:
        -: 1133:// Include any custom printer added by the local installation.
        -: 1134:// We must include this header at the end to make sure it can use the
        -: 1135:// declarations from this file.
        -: 1136:#include "gtest/internal/custom/gtest-printers.h"
        -: 1137:
        -: 1138:#endif  // GOOGLETEST_INCLUDE_GTEST_GTEST_PRINTERS_H_
