        -:    0:Source:D:/BUAA_Files/Learning_Files/Senior_Three_2/BUAA_SE/Pair_Project/2023_Pair/lib/googletest/src/gtest.cc
        -:    0:Graph:D:\BUAA_Files\Learning_Files\Senior_Three_2\BUAA_SE\Pair_Project\2023_Pair\cmake-build-debug-coverage\lib\googletest\CMakeFiles\gtest.dir\src\gtest-all.cc.gcno
        -:    0:Data:D:\BUAA_Files\Learning_Files\Senior_Three_2\BUAA_SE\Pair_Project\2023_Pair\cmake-build-debug-coverage\lib\googletest\CMakeFiles\gtest.dir\src\gtest-all.cc.gcda
        -:    0:Runs:1
        -:    1:// Copyright 2005, Google Inc.
        -:    2:// All rights reserved.
        -:    3://
        -:    4:// Redistribution and use in source and binary forms, with or without
        -:    5:// modification, are permitted provided that the following conditions are
        -:    6:// met:
        -:    7://
        -:    8://     * Redistributions of source code must retain the above copyright
        -:    9:// notice, this list of conditions and the following disclaimer.
        -:   10://     * Redistributions in binary form must reproduce the above
        -:   11:// copyright notice, this list of conditions and the following disclaimer
        -:   12:// in the documentation and/or other materials provided with the
        -:   13:// distribution.
        -:   14://     * Neither the name of Google Inc. nor the names of its
        -:   15:// contributors may be used to endorse or promote products derived from
        -:   16:// this software without specific prior written permission.
        -:   17://
        -:   18:// THIS SOFTWARE IS PROVIDED BY THE COPYRIGHT HOLDERS AND CONTRIBUTORS
        -:   19:// "AS IS" AND ANY EXPRESS OR IMPLIED WARRANTIES, INCLUDING, BUT NOT
        -:   20:// LIMITED TO, THE IMPLIED WARRANTIES OF MERCHANTABILITY AND FITNESS FOR
        -:   21:// A PARTICULAR PURPOSE ARE DISCLAIMED. IN NO EVENT SHALL THE COPYRIGHT
        -:   22:// OWNER OR CONTRIBUTORS BE LIABLE FOR ANY DIRECT, INDIRECT, INCIDENTAL,
        -:   23:// SPECIAL, EXEMPLARY, OR CONSEQUENTIAL DAMAGES (INCLUDING, BUT NOT
        -:   24:// LIMITED TO, PROCUREMENT OF SUBSTITUTE GOODS OR SERVICES; LOSS OF USE,
        -:   25:// DATA, OR PROFITS; OR BUSINESS INTERRUPTION) HOWEVER CAUSED AND ON ANY
        -:   26:// THEORY OF LIABILITY, WHETHER IN CONTRACT, STRICT LIABILITY, OR TORT
        -:   27:// (INCLUDING NEGLIGENCE OR OTHERWISE) ARISING IN ANY WAY OUT OF THE USE
        -:   28:// OF THIS SOFTWARE, EVEN IF ADVISED OF THE POSSIBILITY OF SUCH DAMAGE.
        -:   29:
        -:   30://
        -:   31:// The Google C++ Testing and Mocking Framework (Google Test)
        -:   32:
        -:   33:#include "gtest/gtest.h"
        -:   34:
        -:   35:#include <ctype.h>
        -:   36:#include <stdarg.h>
        -:   37:#include <stdio.h>
        -:   38:#include <stdlib.h>
        -:   39:#include <time.h>
        -:   40:#include <wchar.h>
        -:   41:#include <wctype.h>
        -:   42:
        -:   43:#include <algorithm>
        -:   44:#include <chrono>  // NOLINT
        -:   45:#include <cmath>
        -:   46:#include <cstdint>
        -:   47:#include <initializer_list>
        -:   48:#include <iomanip>
        -:   49:#include <ios>
        -:   50:#include <iterator>
        -:   51:#include <limits>
        -:   52:#include <list>
        -:   53:#include <map>
        -:   54:#include <ostream>  // NOLINT
        -:   55:#include <sstream>
        -:   56:#include <unordered_set>
        -:   57:#include <vector>
        -:   58:
        -:   59:#include "gtest/gtest-assertion-result.h"
        -:   60:#include "gtest/gtest-spi.h"
        -:   61:#include "gtest/internal/custom/gtest.h"
        -:   62:#include "gtest/internal/gtest-port.h"
        -:   63:
        -:   64:#ifdef GTEST_OS_LINUX
        -:   65:
        -:   66:#include <fcntl.h>   // NOLINT
        -:   67:#include <limits.h>  // NOLINT
        -:   68:#include <sched.h>   // NOLINT
        -:   69:// Declares vsnprintf().  This header is not available on Windows.
        -:   70:#include <strings.h>   // NOLINT
        -:   71:#include <sys/mman.h>  // NOLINT
        -:   72:#include <sys/time.h>  // NOLINT
        -:   73:#include <unistd.h>    // NOLINT
        -:   74:
        -:   75:#include <string>
        -:   76:
        -:   77:#elif defined(GTEST_OS_ZOS)
        -:   78:#include <sys/time.h>  // NOLINT
        -:   79:
        -:   80:// On z/OS we additionally need strings.h for strcasecmp.
        -:   81:#include <strings.h>   // NOLINT
        -:   82:
        -:   83:#elif defined(GTEST_OS_WINDOWS_MOBILE)  // We are on Windows CE.
        -:   84:
        -:   85:#include <windows.h>  // NOLINT
        -:   86:#undef min
        -:   87:
        -:   88:#elif defined(GTEST_OS_WINDOWS)  // We are on Windows proper.
        -:   89:
        -:   90:#include <windows.h>  // NOLINT
        -:   91:#undef min
        -:   92:
        -:   93:#ifdef _MSC_VER
        -:   94:#include <crtdbg.h>  // NOLINT
        -:   95:#endif
        -:   96:
        -:   97:#include <io.h>         // NOLINT
        -:   98:#include <sys/stat.h>   // NOLINT
        -:   99:#include <sys/timeb.h>  // NOLINT
        -:  100:#include <sys/types.h>  // NOLINT
        -:  101:
        -:  102:#ifdef GTEST_OS_WINDOWS_MINGW
        -:  103:#include <sys/time.h>  // NOLINT
        -:  104:#endif                 // GTEST_OS_WINDOWS_MINGW
        -:  105:
        -:  106:#else
        -:  107:
        -:  108:// cpplint thinks that the header is already included, so we want to
        -:  109:// silence it.
        -:  110:#include <sys/time.h>  // NOLINT
        -:  111:#include <unistd.h>    // NOLINT
        -:  112:
        -:  113:#endif  // GTEST_OS_LINUX
        -:  114:
        -:  115:#if GTEST_HAS_EXCEPTIONS
        -:  116:#include <stdexcept>
        -:  117:#endif
        -:  118:
        -:  119:#if GTEST_CAN_STREAM_RESULTS_
        -:  120:#include <arpa/inet.h>   // NOLINT
        -:  121:#include <netdb.h>       // NOLINT
        -:  122:#include <sys/socket.h>  // NOLINT
        -:  123:#include <sys/types.h>   // NOLINT
        -:  124:#endif
        -:  125:
        -:  126:#include "src/gtest-internal-inl.h"
        -:  127:
        -:  128:#ifdef GTEST_OS_WINDOWS
        -:  129:#define vsnprintf _vsnprintf
        -:  130:#endif  // GTEST_OS_WINDOWS
        -:  131:
        -:  132:#ifdef GTEST_OS_MAC
        -:  133:#ifndef GTEST_OS_IOS
        -:  134:#include <crt_externs.h>
        -:  135:#endif
        -:  136:#endif
        -:  137:
        -:  138:#ifdef GTEST_HAS_ABSL
        -:  139:#include "absl/debugging/failure_signal_handler.h"
        -:  140:#include "absl/debugging/stacktrace.h"
        -:  141:#include "absl/debugging/symbolize.h"
        -:  142:#include "absl/flags/parse.h"
        -:  143:#include "absl/flags/usage.h"
        -:  144:#include "absl/strings/str_cat.h"
        -:  145:#include "absl/strings/str_replace.h"
        -:  146:#endif  // GTEST_HAS_ABSL
        -:  147:
        -:  148:// Checks builtin compiler feature |x| while avoiding an extra layer of #ifdefs
        -:  149:// at the callsite.
        -:  150:#if defined(__has_builtin)
        -:  151:#define GTEST_HAS_BUILTIN(x) __has_builtin(x)
        -:  152:#else
        -:  153:#define GTEST_HAS_BUILTIN(x) 0
        -:  154:#endif  // defined(__has_builtin)
        -:  155:
        -:  156:namespace testing {
        -:  157:
        -:  158:using internal::CountIf;
        -:  159:using internal::ForEach;
        -:  160:using internal::GetElementOr;
        -:  161:using internal::Shuffle;
        -:  162:
        -:  163:// Constants.
        -:  164:
        -:  165:// A test whose test suite name or test name matches this filter is
        -:  166:// disabled and not run.
        -:  167:static const char kDisableTestFilter[] = "DISABLED_*:*/DISABLED_*";
        -:  168:
        -:  169:// A test suite whose name matches this filter is considered a death
        -:  170:// test suite and will be run before test suites whose name doesn't
        -:  171:// match this filter.
        -:  172:static const char kDeathTestSuiteFilter[] = "*DeathTest:*DeathTest/*";
        -:  173:
        -:  174:// A test filter that matches everything.
        -:  175:static const char kUniversalFilter[] = "*";
        -:  176:
        -:  177:// The default output format.
        -:  178:static const char kDefaultOutputFormat[] = "xml";
        -:  179:// The default output file.
        -:  180:static const char kDefaultOutputFile[] = "test_detail";
        -:  181:
        -:  182:// The environment variable name for the test shard index.
        -:  183:static const char kTestShardIndex[] = "GTEST_SHARD_INDEX";
        -:  184:// The environment variable name for the total number of test shards.
        -:  185:static const char kTestTotalShards[] = "GTEST_TOTAL_SHARDS";
        -:  186:// The environment variable name for the test shard status file.
        -:  187:static const char kTestShardStatusFile[] = "GTEST_SHARD_STATUS_FILE";
        -:  188:
        -:  189:namespace internal {
        -:  190:
        -:  191:// The text used in failure messages to indicate the start of the
        -:  192:// stack trace.
        -:  193:const char kStackTraceMarker[] = "\nStack trace:\n";
        -:  194:
        -:  195:// g_help_flag is true if and only if the --help flag or an equivalent form
        -:  196:// is specified on the command line.
        -:  197:bool g_help_flag = false;
        -:  198:
        -:  199:#if GTEST_HAS_FILE_SYSTEM
        -:  200:// Utility function to Open File for Writing
function _ZN7testing8internalL18OpenFileForWritingERKNSt7__cxx1112basic_stringIcSt11char_traitsIcESaIcEEE called 0 returned 0% blocks executed 0%
    #####:  201:static FILE* OpenFileForWriting(const std::string& output_file) {
    #####:  202:  FILE* fileout = nullptr;
    #####:  203:  FilePath output_file_path(output_file);
    %%%%%:  203-block  0
call    0 never executed
branch  1 never executed
branch  2 never executed
    #####:  204:  FilePath output_dir(output_file_path.RemoveFileName());
    %%%%%:  204-block  0
call    0 never executed
branch  1 never executed
branch  2 never executed
        -:  205:
    #####:  206:  if (output_dir.CreateDirectoriesRecursively()) {
    %%%%%:  206-block  0
call    0 never executed
branch  1 never executed
branch  2 never executed
    %%%%%:  206-block  1
branch  3 never executed
branch  4 never executed
    #####:  207:    fileout = posix::FOpen(output_file.c_str(), "w");
    %%%%%:  207-block  0
call    0 never executed
call    1 never executed
branch  2 never executed
branch  3 never executed
    %%%%%:  207-block  1
        -:  208:  }
    #####:  209:  if (fileout == nullptr) {
    %%%%%:  209-block  0
branch  0 never executed
branch  1 never executed
    #####:  210:    GTEST_LOG_(FATAL) << "Unable to open file \"" << output_file << "\"";
    %%%%%:  210-block  0
call    0 never executed
branch  1 never executed
branch  2 never executed
    %%%%%:  210-block  1
call    3 never executed
call    4 never executed
branch  5 never executed
branch  6 never executed
    %%%%%:  210-block  2
call    7 never executed
branch  8 never executed
branch  9 never executed
    %%%%%:  210-block  3
call   10 never executed
branch 11 never executed
branch 12 never executed
    %%%%%:  210-block  4
call   13 never executed
    $$$$$:  210-block  5
call   14 never executed
    $$$$$:  210-block  6
        -:  211:  }
    #####:  212:  return fileout;
    %%%%%:  212-block  0
    #####:  213:}
    %%%%%:  213-block  0
call    0 never executed
call    1 never executed
    $$$$$:  213-block  1
call    2 never executed
    $$$$$:  213-block  2
call    3 never executed
        -:  214:#endif  // GTEST_HAS_FILE_SYSTEM
        -:  215:
        -:  216:}  // namespace internal
        -:  217:
        -:  218:// Bazel passes in the argument to '--test_filter' via the TESTBRIDGE_TEST_ONLY
        -:  219:// environment variable.
function _ZN7testingL16GetDefaultFilterEv called 1 returned 100% blocks executed 80%
        1:  220:static const char* GetDefaultFilter() {
        -:  221:  const char* const testbridge_test_only =
        1:  222:      internal::posix::GetEnv("TESTBRIDGE_TEST_ONLY");
        1:  222-block  0
call    0 returned 1
        1:  223:  if (testbridge_test_only != nullptr) {
branch  0 taken 0 (fallthrough)
branch  1 taken 1
    #####:  224:    return testbridge_test_only;
    %%%%%:  224-block  0
        -:  225:  }
        1:  226:  return kUniversalFilter;
        1:  226-block  0
        -:  227:}
        -:  228:
        -:  229:// Bazel passes in the argument to '--test_runner_fail_fast' via the
        -:  230:// TESTBRIDGE_TEST_RUNNER_FAIL_FAST environment variable.
function _ZN7testingL18GetDefaultFailFastEv called 1 returned 100% blocks executed 80%
        1:  231:static bool GetDefaultFailFast() {
        -:  232:  const char* const testbridge_test_runner_fail_fast =
        1:  233:      internal::posix::GetEnv("TESTBRIDGE_TEST_RUNNER_FAIL_FAST");
        1:  233-block  0
call    0 returned 1
        1:  234:  if (testbridge_test_runner_fail_fast != nullptr) {
branch  0 taken 0 (fallthrough)
branch  1 taken 1
    #####:  235:    return strcmp(testbridge_test_runner_fail_fast, "1") == 0;
    %%%%%:  235-block  0
        -:  236:  }
        1:  237:  return false;
        1:  237-block  0
        -:  238:}
        -:  239:
        -:  240:}  // namespace testing
        -:  241:
        -:  242:GTEST_DEFINE_bool_(
        -:  243:    fail_fast,
        -:  244:    testing::internal::BoolFromGTestEnv("fail_fast",
        -:  245:                                        testing::GetDefaultFailFast()),
        -:  246:    "True if and only if a test failure should stop further test execution.");
        -:  247:
        -:  248:GTEST_DEFINE_bool_(
        -:  249:    also_run_disabled_tests,
        -:  250:    testing::internal::BoolFromGTestEnv("also_run_disabled_tests", false),
        -:  251:    "Run disabled test too, in addition to the test normally being run.");
        -:  252:
        -:  253:GTEST_DEFINE_bool_(
        -:  254:    break_on_failure,
        -:  255:    testing::internal::BoolFromGTestEnv("break_on_failure", false),
        -:  256:    "True if and only if a failed assertion should be a debugger "
        -:  257:    "break-point.");
        -:  258:
        -:  259:GTEST_DEFINE_bool_(catch_exceptions,
        -:  260:                   testing::internal::BoolFromGTestEnv("catch_exceptions",
        -:  261:                                                       true),
        -:  262:                   "True if and only if " GTEST_NAME_
        -:  263:                   " should catch exceptions and treat them as test failures.");
        -:  264:
        -:  265:GTEST_DEFINE_string_(
        -:  266:    color, testing::internal::StringFromGTestEnv("color", "auto"),
        -:  267:    "Whether to use colors in the output.  Valid values: yes, no, "
        -:  268:    "and auto.  'auto' means to use colors if the output is "
        -:  269:    "being sent to a terminal and the TERM environment variable "
        -:  270:    "is set to a terminal type that supports colors.");
        -:  271:
        -:  272:GTEST_DEFINE_string_(
        -:  273:    filter,
        -:  274:    testing::internal::StringFromGTestEnv("filter",
        -:  275:                                          testing::GetDefaultFilter()),
        -:  276:    "A colon-separated list of glob (not regex) patterns "
        -:  277:    "for filtering the test to run, optionally followed by a "
        -:  278:    "'-' and a : separated list of negative patterns (test to "
        -:  279:    "exclude).  A test is run if it matches one of the positive "
        -:  280:    "patterns and does not match any of the negative patterns.");
        -:  281:
        -:  282:GTEST_DEFINE_bool_(
        -:  283:    install_failure_signal_handler,
        -:  284:    testing::internal::BoolFromGTestEnv("install_failure_signal_handler",
        -:  285:                                        false),
        -:  286:    "If true and supported on the current platform, " GTEST_NAME_
        -:  287:    " should "
        -:  288:    "install a signal handler that dumps debugging information when fatal "
        -:  289:    "signals are raised.");
        -:  290:
        -:  291:GTEST_DEFINE_bool_(list_tests, false, "List all test without running them.");
        -:  292:
        -:  293:// The net priority order after flag processing is thus:
        -:  294://   --gtest_output command line flag
        -:  295://   GTEST_OUTPUT environment variable
        -:  296://   XML_OUTPUT_FILE environment variable
        -:  297://   ''
        -:  298:GTEST_DEFINE_string_(
        -:  299:    output,
        -:  300:    testing::internal::StringFromGTestEnv(
        -:  301:        "output", testing::internal::OutputFlagAlsoCheckEnvVar().c_str()),
        -:  302:    "A format (defaults to \"xml\" but can be specified to be \"json\"), "
        -:  303:    "optionally followed by a colon and an output file name or directory. "
        -:  304:    "A directory is indicated by a trailing pathname separator. "
        -:  305:    "Examples: \"xml:filename.xml\", \"xml::directoryname/\". "
        -:  306:    "If a directory is specified, output files will be created "
        -:  307:    "within that directory, with file-names based on the test "
        -:  308:    "executable's name and, if necessary, made unique by adding "
        -:  309:    "digits.");
        -:  310:
        -:  311:GTEST_DEFINE_bool_(
        -:  312:    brief, testing::internal::BoolFromGTestEnv("brief", false),
        -:  313:    "True if only test failures should be displayed in text output.");
        -:  314:
        -:  315:GTEST_DEFINE_bool_(print_time,
        -:  316:                   testing::internal::BoolFromGTestEnv("print_time", true),
        -:  317:                   "True if and only if " GTEST_NAME_
        -:  318:                   " should display elapsed time in text output.");
        -:  319:
        -:  320:GTEST_DEFINE_bool_(print_utf8,
        -:  321:                   testing::internal::BoolFromGTestEnv("print_utf8", true),
        -:  322:                   "True if and only if " GTEST_NAME_
        -:  323:                   " prints UTF8 characters as text.");
        -:  324:
        -:  325:GTEST_DEFINE_int32_(
        -:  326:    random_seed, testing::internal::Int32FromGTestEnv("random_seed", 0),
        -:  327:    "Random number seed to use when shuffling test orders.  Must be in range "
        -:  328:    "[1, 99999], or 0 to use a seed based on the current time.");
        -:  329:
        -:  330:GTEST_DEFINE_int32_(
        -:  331:    repeat, testing::internal::Int32FromGTestEnv("repeat", 1),
        -:  332:    "How many times to repeat each test.  Specify a negative number "
        -:  333:    "for repeating forever.  Useful for shaking out flaky test.");
        -:  334:
        -:  335:GTEST_DEFINE_bool_(
        -:  336:    recreate_environments_when_repeating,
        -:  337:    testing::internal::BoolFromGTestEnv("recreate_environments_when_repeating",
        -:  338:                                        false),
        -:  339:    "Controls whether global test environments are recreated for each repeat "
        -:  340:    "of the test. If set to false the global test environments are only set "
        -:  341:    "up once, for the first iteration, and only torn down once, for the last. "
        -:  342:    "Useful for shaking out flaky test with stable, expensive test "
        -:  343:    "environments. If --gtest_repeat is set to a negative number, meaning "
        -:  344:    "there is no last run, the environments will always be recreated to avoid "
        -:  345:    "leaks.");
        -:  346:
        -:  347:GTEST_DEFINE_bool_(show_internal_stack_frames, false,
        -:  348:                   "True if and only if " GTEST_NAME_
        -:  349:                   " should include internal stack frames when "
        -:  350:                   "printing test failure stack traces.");
        -:  351:
        -:  352:GTEST_DEFINE_bool_(shuffle,
        -:  353:                   testing::internal::BoolFromGTestEnv("shuffle", false),
        -:  354:                   "True if and only if " GTEST_NAME_
        -:  355:                   " should randomize test' order on every run.");
        -:  356:
        -:  357:GTEST_DEFINE_int32_(
        -:  358:    stack_trace_depth,
        -:  359:    testing::internal::Int32FromGTestEnv("stack_trace_depth",
        -:  360:                                         testing::kMaxStackTraceDepth),
        -:  361:    "The maximum number of stack frames to print when an "
        -:  362:    "assertion fails.  The valid range is 0 through 100, inclusive.");
        -:  363:
        -:  364:GTEST_DEFINE_string_(
        -:  365:    stream_result_to,
        -:  366:    testing::internal::StringFromGTestEnv("stream_result_to", ""),
        -:  367:    "This flag specifies the host name and the port number on which to stream "
        -:  368:    "test results. Example: \"localhost:555\". The flag is effective only on "
        -:  369:    "Linux.");
        -:  370:
        -:  371:GTEST_DEFINE_bool_(
        -:  372:    throw_on_failure,
        -:  373:    testing::internal::BoolFromGTestEnv("throw_on_failure", false),
        -:  374:    "When this flag is specified, a failed assertion will throw an exception "
        -:  375:    "if exceptions are enabled or exit the program with a non-zero code "
        -:  376:    "otherwise. For use with an external test framework.");
        -:  377:
        -:  378:#if GTEST_USE_OWN_FLAGFILE_FLAG_
        -:  379:GTEST_DEFINE_string_(
        -:  380:    flagfile, testing::internal::StringFromGTestEnv("flagfile", ""),
        -:  381:    "This flag specifies the flagfile to read command-line flags from.");
        -:  382:#endif  // GTEST_USE_OWN_FLAGFILE_FLAG_
        -:  383:
        -:  384:namespace testing {
        -:  385:namespace internal {
        -:  386:
        -:  387:const uint32_t Random::kMaxRange;
        -:  388:
        -:  389:// Generates a random number from [0, range), using a Linear
        -:  390:// Congruential Generator (LCG).  Crashes if 'range' is 0 or greater
        -:  391:// than kMaxRange.
function _ZN7testing8internal6Random8GenerateEj called 0 returned 0% blocks executed 0%
    #####:  392:uint32_t Random::Generate(uint32_t range) {
        -:  393:  // These constants are the same as are used in glibc's rand(3).
        -:  394:  // Use wider types than necessary to prevent unsigned overflow diagnostics.
    #####:  395:  state_ = static_cast<uint32_t>(1103515245ULL * state_ + 12345U) % kMaxRange;
        -:  396:
    #####:  397:  GTEST_CHECK_(range > 0) << "Cannot generate a number in the range [0, 0).";
    %%%%%:  397-block  0
call    0 never executed
branch  1 never executed
branch  2 never executed
    %%%%%:  397-block  1
call    3 never executed
call    4 never executed
call    5 never executed
branch  6 never executed
branch  7 never executed
    %%%%%:  397-block  2
call    8 never executed
branch  9 never executed
branch 10 never executed
    %%%%%:  397-block  3
call   11 never executed
    $$$$$:  397-block  4
call   12 never executed
    $$$$$:  397-block  5
call   13 never executed
    #####:  398:  GTEST_CHECK_(range <= kMaxRange)
    %%%%%:  398-block  0
call    0 never executed
branch  1 never executed
branch  2 never executed
    %%%%%:  398-block  1
call    3 never executed
call    4 never executed
    %%%%%:  398-block  2
call    5 never executed
    $$$$$:  398-block  3
call    6 never executed
    #####:  399:      << "Generation of a number in [0, " << range << ") was requested, "
call    0 never executed
branch  1 never executed
branch  2 never executed
    %%%%%:  399-block  0
call    3 never executed
branch  4 never executed
branch  5 never executed
    %%%%%:  399-block  1
call    6 never executed
branch  7 never executed
branch  8 never executed
    #####:  400:      << "but this can only generate numbers in [0, " << kMaxRange << ").";
    %%%%%:  400-block  0
call    0 never executed
branch  1 never executed
branch  2 never executed
    %%%%%:  400-block  1
call    3 never executed
branch  4 never executed
branch  5 never executed
    %%%%%:  400-block  2
call    6 never executed
branch  7 never executed
branch  8 never executed
    %%%%%:  400-block  3
call    9 never executed
branch 10 never executed
branch 11 never executed
        -:  401:
        -:  402:  // Converting via modulus introduces a bit of downward bias, but
        -:  403:  // it's simple, and a linear congruential generator isn't too good
        -:  404:  // to begin with.
    #####:  405:  return state_ % range;
    %%%%%:  405-block  0
    %%%%%:  405-block  1
        -:  406:}
        -:  407:
        -:  408:// GTestIsInitialized() returns true if and only if the user has initialized
        -:  409:// Google Test.  Useful for catching the user mistake of not initializing
        -:  410:// Google Test before calling RUN_ALL_TESTS().
function _ZN7testing8internalL18GTestIsInitializedEv called 2 returned 100% blocks executed 100%
        2:  411:static bool GTestIsInitialized() { return GetArgvs().size() > 0; }
        2:  411-block  0
call    0 returned 2
call    1 returned 2
call    2 returned 2
        -:  412:
        -:  413:// Iterates over a vector of TestSuites, keeping a running sum of the
        -:  414:// results of calling a given int-returning method on each.
        -:  415:// Returns the sum.
function _ZN7testing8internalL20SumOverTestSuiteListERKSt6vectorIPNS_9TestSuiteESaIS3_EEMS2_KFivE called 5 returned 100% blocks executed 91%
        5:  416:static int SumOverTestSuiteList(const std::vector<TestSuite*>& case_list,
        -:  417:                                int (TestSuite::*method)() const) {
        5:  418:  int sum = 0;
       10:  419:  for (size_t i = 0; i < case_list.size(); i++) {
        5:  419-block  0
       10:  419-block  1
call    0 returned 10
branch  1 taken 5
branch  2 taken 5 (fallthrough)
       5*:  420:    sum += (case_list[i]->*method)();
        5:  420-block  0
call    0 returned 5
branch  1 taken 0 (fallthrough)
branch  2 taken 5
    %%%%%:  420-block  1
        5:  420-block  2
        5:  420-block  3
call    3 returned 5
        -:  421:  }
        5:  422:  return sum;
        5:  422-block  0
        -:  423:}
        -:  424:
        -:  425:// Returns true if and only if the test suite passed.
function _ZN7testing8internalL15TestSuitePassedEPKNS_9TestSuiteE called 0 returned 0% blocks executed 0%
    #####:  426:static bool TestSuitePassed(const TestSuite* test_suite) {
    #####:  427:  return test_suite->should_run() && test_suite->Passed();
    %%%%%:  427-block  0
call    0 never executed
branch  1 never executed
branch  2 never executed
    %%%%%:  427-block  1
call    3 never executed
branch  4 never executed
branch  5 never executed
    %%%%%:  427-block  2
    %%%%%:  427-block  3
    %%%%%:  427-block  4
        -:  428:}
        -:  429:
        -:  430:// Returns true if and only if the test suite failed.
function _ZN7testing8internalL15TestSuiteFailedEPKNS_9TestSuiteE called 2 returned 100% blocks executed 88%
        2:  431:static bool TestSuiteFailed(const TestSuite* test_suite) {
       2*:  432:  return test_suite->should_run() && test_suite->Failed();
        2:  432-block  0
call    0 returned 2
branch  1 taken 2 (fallthrough)
branch  2 taken 0
        2:  432-block  1
call    3 returned 2
branch  4 taken 0 (fallthrough)
branch  5 taken 2
    %%%%%:  432-block  2
        2:  432-block  3
        2:  432-block  4
        -:  433:}
        -:  434:
        -:  435:// Returns true if and only if test_suite contains at least one test that
        -:  436:// should run.
function _ZN7testing8internalL18ShouldRunTestSuiteEPKNS_9TestSuiteE called 2 returned 100% blocks executed 100%
        2:  437:static bool ShouldRunTestSuite(const TestSuite* test_suite) {
        2:  438:  return test_suite->should_run();
        2:  438-block  0
call    0 returned 2
        -:  439:}
        -:  440:
        -:  441:// AssertHelper constructor.
function _ZN7testing8internal12AssertHelperC2ENS_14TestPartResult4TypeEPKciS5_ called 0 returned 0% blocks executed 0%
    #####:  442:AssertHelper::AssertHelper(TestPartResult::Type type, const char* file,
    #####:  443:                           int line, const char* message)
    #####:  444:    : data_(new AssertHelperData(type, file, line, message)) {}
    %%%%%:  444-block  0
call    0 never executed
call    1 never executed
branch  2 never executed
branch  3 never executed
    %%%%%:  444-block  1
    $$$$$:  444-block  2
call    4 never executed
        -:  445:
function _ZN7testing8internal12AssertHelperD2Ev called 0 returned 0% blocks executed 0%
    #####:  446:AssertHelper::~AssertHelper() { delete data_; }
    %%%%%:  446-block  0
branch  0 never executed
branch  1 never executed
    %%%%%:  446-block  1
call    2 never executed
call    3 never executed
        -:  447:
        -:  448:// Message assignment, for assertion streaming support.
function _ZNK7testing8internal12AssertHelperaSERKNS_7MessageE called 0 returned 0% blocks executed 0%
    #####:  449:void AssertHelper::operator=(const Message& message) const {
    #####:  450:  UnitTest::GetInstance()->AddTestPartResult(
    %%%%%:  450-block  0
call    0 never executed
    #####:  451:      data_->type, data_->file, data_->line,
    %%%%%:  451-block  0
call    0 never executed
branch  1 never executed
branch  2 never executed
    #####:  452:      AppendUserMessage(data_->message, message),
call    0 never executed
branch  1 never executed
branch  2 never executed
    %%%%%:  452-block  0
call    3 never executed
    $$$$$:  452-block  1
call    4 never executed
    $$$$$:  452-block  2
    #####:  453:      UnitTest::GetInstance()->impl()->CurrentOsStackTraceExceptTop(1)
call    0 never executed
call    1 never executed
call    2 never executed
call    3 never executed
    $$$$$:  453-block  0
call    4 never executed
        -:  454:      // Skips the stack frame for this function itself.
        -:  455:  );  // NOLINT
    #####:  456:}
        -:  457:
        -:  458:namespace {
        -:  459:
        -:  460:// When TEST_P is found without a matching INSTANTIATE_TEST_SUITE_P
        -:  461:// to creates test cases for it, a synthetic test case is
        -:  462:// inserted to report ether an error or a log message.
        -:  463://
        -:  464:// This configuration bit will likely be removed at some point.
        -:  465:constexpr bool kErrorOnUninstantiatedParameterizedTest = true;
        -:  466:constexpr bool kErrorOnUninstantiatedTypeParameterizedTest = true;
        -:  467:
        -:  468:// A test that fails at a given file/line location with a given message.
        -:  469:class FailureTest : public Test {
        -:  470: public:
function _ZN7testing8internal12_GLOBAL__N_111FailureTestC2ERKNS0_12CodeLocationENSt7__cxx1112basic_stringIcSt11char_traitsIcESaIcEEEb called 0 returned 0% blocks executed 0%
    #####:  471:  explicit FailureTest(const CodeLocation& loc, std::string error_message,
        -:  472:                       bool as_error)
    #####:  473:      : loc_(loc),
    #####:  474:        error_message_(std::move(error_message)),
    %%%%%:  474-block  0
call    0 never executed
call    1 never executed
    #####:  475:        as_error_(as_error) {}
    %%%%%:  475-block  0
call    0 never executed
call    1 never executed
branch  2 never executed
branch  3 never executed
    $$$$$:  475-block  1
call    4 never executed
        -:  476:
function _ZN7testing8internal12_GLOBAL__N_111FailureTest8TestBodyEv called 0 returned 0% blocks executed 0%
    #####:  477:  void TestBody() override {
    #####:  478:    if (as_error_) {
    %%%%%:  478-block  0
branch  0 never executed
branch  1 never executed
    #####:  479:      AssertHelper(TestPartResult::kNonFatalFailure, loc_.file.c_str(),
call    0 never executed
branch  1 never executed
branch  2 never executed
    %%%%%:  479-block  0
call    3 never executed
    $$$$$:  479-block  1
call    4 never executed
    $$$$$:  479-block  2
    #####:  480:                   loc_.line, "") = Message() << error_message_;
    %%%%%:  480-block  0
call    0 never executed
call    1 never executed
branch  2 never executed
branch  3 never executed
    %%%%%:  480-block  1
call    4 never executed
    %%%%%:  480-block  2
call    5 never executed
branch  6 never executed
branch  7 never executed
call    8 never executed
    $$$$$:  480-block  3
call    9 never executed
        -:  481:    } else {
    #####:  482:      std::cout << error_message_ << std::endl;
    %%%%%:  482-block  0
call    0 never executed
call    1 never executed
        -:  483:    }
    #####:  484:  }
    %%%%%:  484-block  0
        -:  485:
        -:  486: private:
        -:  487:  const CodeLocation loc_;
        -:  488:  const std::string error_message_;
        -:  489:  const bool as_error_;
        -:  490:};
        -:  491:
        -:  492:}  // namespace
        -:  493:
function _ZN7testing8internal33GetIgnoredParameterizedTestSuitesB5cxx11Ev called 1 returned 100% blocks executed 100%
        1:  494:std::set<std::string>* GetIgnoredParameterizedTestSuites() {
        1:  495:  return UnitTest::GetInstance()->impl()->ignored_parameterized_test_suites();
        1:  495-block  0
call    0 returned 1
call    1 returned 1
call    2 returned 1
        -:  496:}
        -:  497:
        -:  498:// Add a given test_suit to the list of them allow to go un-instantiated.
function _ZN7testing8internal13MarkAsIgnoredC2EPKc called 0 returned 0% blocks executed 0%
    #####:  499:MarkAsIgnored::MarkAsIgnored(const char* test_suite) {
    #####:  500:  GetIgnoredParameterizedTestSuites()->insert(test_suite);
    %%%%%:  500-block  0
call    0 never executed
call    1 never executed
call    2 never executed
branch  3 never executed
branch  4 never executed
    %%%%%:  500-block  1
call    5 never executed
branch  6 never executed
branch  7 never executed
    %%%%%:  500-block  2
call    8 never executed
call    9 never executed
    $$$$$:  500-block  3
call   10 never executed
    $$$$$:  500-block  4
    $$$$$:  500-block  5
call   11 never executed
    #####:  501:}
        -:  502:
        -:  503:// If this parameterized test suite has no instantiations (and that
        -:  504:// has not been marked as okay), emit a test case reporting that.
function _ZN7testing8internal23InsertSyntheticTestCaseERKNSt7__cxx1112basic_stringIcSt11char_traitsIcESaIcEEENS0_12CodeLocationEb called 0 returned 0% blocks executed 0%
    #####:  505:void InsertSyntheticTestCase(const std::string& name, CodeLocation location,
        -:  506:                             bool has_test_p) {
    #####:  507:  const auto& ignored = *GetIgnoredParameterizedTestSuites();
    %%%%%:  507-block  0
call    0 never executed
branch  1 never executed
branch  2 never executed
    #####:  508:  if (ignored.find(name) != ignored.end()) return;
    %%%%%:  508-block  0
call    0 never executed
call    1 never executed
branch  2 never executed
branch  3 never executed
    %%%%%:  508-block  1
call    4 never executed
branch  5 never executed
branch  6 never executed
    %%%%%:  508-block  2
    $$$$$:  508-block  3
        -:  509:
    #####:  510:  const char kMissingInstantiation[] =  //
        -:  511:      " is defined via TEST_P, but never instantiated. None of the test cases "
        -:  512:      "will run. Either no INSTANTIATE_TEST_SUITE_P is provided or the only "
        -:  513:      "ones provided expand to nothing."
        -:  514:      "\n\n"
        -:  515:      "Ideally, TEST_P definitions should only ever be included as part of "
        -:  516:      "binaries that intend to use them. (As opposed to, for example, being "
        -:  517:      "placed in a library that may be linked in to get other utilities.)";
        -:  518:
    #####:  519:  const char kMissingTestCase[] =  //
        -:  520:      " is instantiated via INSTANTIATE_TEST_SUITE_P, but no test are "
        -:  521:      "defined via TEST_P . No test cases will run."
        -:  522:      "\n\n"
        -:  523:      "Ideally, INSTANTIATE_TEST_SUITE_P should only ever be invoked from "
        -:  524:      "code that always depend on code that provides TEST_P. Failing to do "
        -:  525:      "so is often an indication of dead code, e.g. the last TEST_P was "
        -:  526:      "removed but the rest got left behind.";
        -:  527:
        -:  528:  std::string message =
    #####:  529:      "Parameterized test suite " + name +
    %%%%%:  529-block  0
branch  0 never executed
branch  1 never executed
    %%%%%:  529-block  1
    %%%%%:  529-block  2
    %%%%%:  529-block  3
call    2 never executed
branch  3 never executed
branch  4 never executed
    %%%%%:  529-block  4
call    5 never executed
branch  6 never executed
branch  7 never executed
call    8 never executed
    $$$$$:  529-block  5
    $$$$$:  529-block  6
    #####:  530:      (has_test_p ? kMissingInstantiation : kMissingTestCase) +
    %%%%%:  530-block  0
call    0 never executed
branch  1 never executed
branch  2 never executed
call    3 never executed
    $$$$$:  530-block  1
        -:  531:      "\n\n"
        -:  532:      "To suppress this error for this test suite, insert the following line "
        -:  533:      "(in a non-header) in the namespace it is defined in:"
        -:  534:      "\n\n"
    #####:  535:      "GTEST_ALLOW_UNINSTANTIATED_PARAMETERIZED_TEST(" +
    %%%%%:  535-block  0
call    0 never executed
branch  1 never executed
branch  2 never executed
call    3 never executed
    $$$$$:  535-block  1
    #####:  536:      name + ");";
    %%%%%:  536-block  0
call    0 never executed
branch  1 never executed
branch  2 never executed
        -:  537:
    #####:  538:  std::string full_name = "UninstantiatedParameterizedTestSuite<" + name + ">";
call    0 never executed
branch  1 never executed
branch  2 never executed
    %%%%%:  538-block  0
call    3 never executed
branch  4 never executed
branch  5 never executed
    $$$$$:  538-block  1
    #####:  539:  RegisterTest(  //
call    0 never executed
branch  1 never executed
branch  2 never executed
    %%%%%:  539-block  0
call    3 never executed
branch  4 never executed
branch  5 never executed
    %%%%%:  539-block  1
call    6 never executed
call    7 never executed
call    8 never executed
branch  9 never executed
branch 10 never executed
    %%%%%:  539-block  2
call   11 never executed
    $$$$$:  539-block  3
call   12 never executed
    $$$$$:  539-block  4
        -:  540:      "GoogleTestVerification", full_name.c_str(),
        -:  541:      nullptr,  // No type parameter.
        -:  542:      nullptr,  // No value parameter.
function _ZZN7testing8internal23InsertSyntheticTestCaseERKNSt7__cxx1112basic_stringIcSt11char_traitsIcESaIcEEENS0_12CodeLocationEbENKUlvE_clEv called 0 returned 0% blocks executed 0%
    #####:  543:      location.file.c_str(), location.line, [message, location] {
    #####:  544:        return new FailureTest(location, message,
    #####:  545:                               kErrorOnUninstantiatedParameterizedTest);
    %%%%%:  545-block  0
call    0 never executed
call    1 never executed
branch  2 never executed
branch  3 never executed
    %%%%%:  545-block  1
call    4 never executed
branch  5 never executed
branch  6 never executed
    %%%%%:  545-block  2
call    7 never executed
    %%%%%:  545-block  3
    $$$$$:  545-block  4
call    8 never executed
    $$$$$:  545-block  5
call    9 never executed
        -:  546:      });
    #####:  547:}
call    0 never executed
call    1 never executed
    $$$$$:  547-block  0
call    2 never executed
    $$$$$:  547-block  1
call    3 never executed
        -:  548:
function _ZN7testing8internal34RegisterTypeParameterizedTestSuiteEPKcNS0_12CodeLocationE called 0 returned 0% blocks executed 0%
    #####:  549:void RegisterTypeParameterizedTestSuite(const char* test_suite_name,
        -:  550:                                        CodeLocation code_location) {
    #####:  551:  GetUnitTestImpl()->type_parameterized_test_registry().RegisterTestSuite(
    %%%%%:  551-block  0
call    0 never executed
call    1 never executed
call    2 never executed
call    3 never executed
branch  4 never executed
branch  5 never executed
    %%%%%:  551-block  1
call    6 never executed
    $$$$$:  551-block  2
call    7 never executed
        -:  552:      test_suite_name, code_location);
    #####:  553:}
        -:  554:
function _ZN7testing8internal47RegisterTypeParameterizedTestSuiteInstantiationEPKc called 0 returned 0% blocks executed 0%
    #####:  555:void RegisterTypeParameterizedTestSuiteInstantiation(const char* case_name) {
    #####:  556:  GetUnitTestImpl()->type_parameterized_test_registry().RegisterInstantiation(
    %%%%%:  556-block  0
call    0 never executed
call    1 never executed
call    2 never executed
        -:  557:      case_name);
    #####:  558:}
        -:  559:
function _ZN7testing8internal34TypeParameterizedTestSuiteRegistry17RegisterTestSuiteEPKcNS0_12CodeLocationE called 0 returned 0% blocks executed 0%
    #####:  560:void TypeParameterizedTestSuiteRegistry::RegisterTestSuite(
        -:  561:    const char* test_suite_name, CodeLocation code_location) {
    #####:  562:  suites_.emplace(std::string(test_suite_name),
    %%%%%:  562-block  0
call    0 never executed
call    1 never executed
branch  2 never executed
branch  3 never executed
    %%%%%:  562-block  1
call    4 never executed
branch  5 never executed
branch  6 never executed
    %%%%%:  562-block  2
call    7 never executed
call    8 never executed
    $$$$$:  562-block  3
call    9 never executed
    $$$$$:  562-block  4
    $$$$$:  562-block  5
call   10 never executed
    $$$$$:  562-block  6
    #####:  563:                  TypeParameterizedTestSuiteInfo(code_location));
    %%%%%:  563-block  0
call    0 never executed
call    1 never executed
branch  2 never executed
branch  3 never executed
call    4 never executed
call    5 never executed
    $$$$$:  563-block  1
call    6 never executed
    $$$$$:  563-block  2
    $$$$$:  563-block  3
call    7 never executed
    #####:  564:}
        -:  565:
function _ZN7testing8internal34TypeParameterizedTestSuiteRegistry21RegisterInstantiationEPKc called 0 returned 0% blocks executed 0%
    #####:  566:void TypeParameterizedTestSuiteRegistry::RegisterInstantiation(
        -:  567:    const char* test_suite_name) {
    #####:  568:  auto it = suites_.find(std::string(test_suite_name));
    %%%%%:  568-block  0
call    0 never executed
call    1 never executed
branch  2 never executed
branch  3 never executed
    %%%%%:  568-block  1
call    4 never executed
branch  5 never executed
branch  6 never executed
    %%%%%:  568-block  2
call    7 never executed
call    8 never executed
    $$$$$:  568-block  3
call    9 never executed
    $$$$$:  568-block  4
    $$$$$:  568-block  5
call   10 never executed
    $$$$$:  568-block  6
    #####:  569:  if (it != suites_.end()) {
call    0 never executed
call    1 never executed
branch  2 never executed
branch  3 never executed
    #####:  570:    it->second.instantiated = true;
    %%%%%:  570-block  0
call    0 never executed
        -:  571:  } else {
    #####:  572:    GTEST_LOG_(ERROR) << "Unknown type parameterized test suit '"
    %%%%%:  572-block  0
call    0 never executed
branch  1 never executed
branch  2 never executed
    %%%%%:  572-block  1
call    3 never executed
    %%%%%:  572-block  2
call    4 never executed
    $$$$$:  572-block  3
call    5 never executed
    $$$$$:  572-block  4
    #####:  573:                      << test_suite_name << "'";
call    0 never executed
branch  1 never executed
branch  2 never executed
    %%%%%:  573-block  0
call    3 never executed
branch  4 never executed
branch  5 never executed
    %%%%%:  573-block  1
call    6 never executed
branch  7 never executed
branch  8 never executed
        -:  574:  }
    #####:  575:}
    %%%%%:  575-block  0
        -:  576:
function _ZN7testing8internal34TypeParameterizedTestSuiteRegistry22CheckForInstantiationsEv called 1 returned 100% blocks executed 12%
        1:  577:void TypeParameterizedTestSuiteRegistry::CheckForInstantiations() {
        1:  578:  const auto& ignored = *GetIgnoredParameterizedTestSuites();
        1:  578-block  0
call    0 returned 1
       1*:  579:  for (const auto& testcase : suites_) {
call    0 returned 1
call    1 returned 1
    %%%%%:  579-block  0
call    2 never executed
    %%%%%:  579-block  1
call    3 never executed
        1:  579-block  2
call    4 returned 1
branch  5 taken 0
branch  6 taken 1 (fallthrough)
    #####:  580:    if (testcase.second.instantiated) continue;
branch  0 never executed
branch  1 never executed
    %%%%%:  580-block  0
    %%%%%:  580-block  1
    #####:  581:    if (ignored.find(testcase.first) != ignored.end()) continue;
    %%%%%:  581-block  0
call    0 never executed
call    1 never executed
branch  2 never executed
branch  3 never executed
    %%%%%:  581-block  1
call    4 never executed
branch  5 never executed
branch  6 never executed
    %%%%%:  581-block  2
    $$$$$:  581-block  3
        -:  582:
        -:  583:    std::string message =
    #####:  584:        "Type parameterized test suite " + testcase.first +
    %%%%%:  584-block  0
call    0 never executed
branch  1 never executed
branch  2 never executed
call    3 never executed
    $$$$$:  584-block  1
    $$$$$:  584-block  2
        -:  585:        " is defined via REGISTER_TYPED_TEST_SUITE_P, but never instantiated "
        -:  586:        "via INSTANTIATE_TYPED_TEST_SUITE_P. None of the test cases will run."
        -:  587:        "\n\n"
        -:  588:        "Ideally, TYPED_TEST_P definitions should only ever be included as "
        -:  589:        "part of binaries that intend to use them. (As opposed to, for "
        -:  590:        "example, being placed in a library that may be linked in to get other "
        -:  591:        "utilities.)"
        -:  592:        "\n\n"
        -:  593:        "To suppress this error for this test suite, insert the following line "
        -:  594:        "(in a non-header) in the namespace it is defined in:"
        -:  595:        "\n\n"
    #####:  596:        "GTEST_ALLOW_UNINSTANTIATED_PARAMETERIZED_TEST(" +
    %%%%%:  596-block  0
call    0 never executed
branch  1 never executed
branch  2 never executed
call    3 never executed
    $$$$$:  596-block  1
    #####:  597:        testcase.first + ");";
    %%%%%:  597-block  0
call    0 never executed
branch  1 never executed
branch  2 never executed
    %%%%%:  597-block  1
call    3 never executed
branch  4 never executed
branch  5 never executed
        -:  598:
        -:  599:    std::string full_name =
    #####:  600:        "UninstantiatedTypeParameterizedTestSuite<" + testcase.first + ">";
call    0 never executed
branch  1 never executed
branch  2 never executed
    %%%%%:  600-block  0
call    3 never executed
branch  4 never executed
branch  5 never executed
    $$$$$:  600-block  1
    #####:  601:    RegisterTest(  //
call    0 never executed
branch  1 never executed
branch  2 never executed
    %%%%%:  601-block  0
call    3 never executed
branch  4 never executed
branch  5 never executed
call    6 never executed
call    7 never executed
branch  8 never executed
branch  9 never executed
    %%%%%:  601-block  1
call   10 never executed
    $$$$$:  601-block  2
call   11 never executed
    $$$$$:  601-block  3
        -:  602:        "GoogleTestVerification", full_name.c_str(),
        -:  603:        nullptr,  // No type parameter.
        -:  604:        nullptr,  // No value parameter.
        -:  605:        testcase.second.code_location.file.c_str(),
function _ZZN7testing8internal34TypeParameterizedTestSuiteRegistry22CheckForInstantiationsEvENKUlvE_clEv called 0 returned 0% blocks executed 0%
    #####:  606:        testcase.second.code_location.line, [message, testcase] {
    %%%%%:  606-block  0
call    0 never executed
    #####:  607:          return new FailureTest(testcase.second.code_location, message,
    #####:  608:                                 kErrorOnUninstantiatedTypeParameterizedTest);
    %%%%%:  608-block  0
call    0 never executed
call    1 never executed
branch  2 never executed
branch  3 never executed
    %%%%%:  608-block  1
call    4 never executed
branch  5 never executed
branch  6 never executed
    %%%%%:  608-block  2
call    7 never executed
    %%%%%:  608-block  3
    $$$$$:  608-block  4
call    8 never executed
    $$$$$:  608-block  5
call    9 never executed
        -:  609:        });
    #####:  610:  }
call    0 never executed
call    1 never executed
    $$$$$:  610-block  0
call    2 never executed
    $$$$$:  610-block  1
call    3 never executed
        1:  611:}
        1:  611-block  0
        -:  612:
        -:  613:// A copy of all command line arguments.  Set by InitGoogleTest().
        -:  614:static ::std::vector<std::string> g_argvs;
        -:  615:
function _ZN7testing8internal8GetArgvsB5cxx11Ev called 2 returned 100% blocks executed 100%
        2:  616:::std::vector<std::string> GetArgvs() {
        -:  617:#if defined(GTEST_CUSTOM_GET_ARGVS_)
        -:  618:  // GTEST_CUSTOM_GET_ARGVS_() may return a container of std::string or
        -:  619:  // ::string. This code converts it to the appropriate type.
        -:  620:  const auto& custom = GTEST_CUSTOM_GET_ARGVS_();
        -:  621:  return ::std::vector<std::string>(custom.begin(), custom.end());
        -:  622:#else   // defined(GTEST_CUSTOM_GET_ARGVS_)
        2:  623:  return g_argvs;
        2:  623-block  0
call    0 returned 2
        -:  624:#endif  // defined(GTEST_CUSTOM_GET_ARGVS_)
        -:  625:}
        -:  626:
        -:  627:#if GTEST_HAS_FILE_SYSTEM
        -:  628:// Returns the current application's name, removing directory path if that
        -:  629:// is present.
function _ZN7testing8internal24GetCurrentExecutableNameEv called 0 returned 0% blocks executed 0%
    #####:  630:FilePath GetCurrentExecutableName() {
    #####:  631:  FilePath result;
    %%%%%:  631-block  0
call    0 never executed
branch  1 never executed
branch  2 never executed
        -:  632:
        -:  633:#if defined(GTEST_OS_WINDOWS) || defined(GTEST_OS_OS2)
    #####:  634:  result.Set(FilePath(GetArgvs()[0]).RemoveExtension("exe"));
    %%%%%:  634-block  0
call    0 never executed
branch  1 never executed
branch  2 never executed
    %%%%%:  634-block  1
call    3 never executed
call    4 never executed
branch  5 never executed
branch  6 never executed
    %%%%%:  634-block  2
call    7 never executed
branch  8 never executed
branch  9 never executed
    %%%%%:  634-block  3
call   10 never executed
branch 11 never executed
branch 12 never executed
    %%%%%:  634-block  4
call   13 never executed
call   14 never executed
call   15 never executed
    $$$$$:  634-block  5
call   16 never executed
    $$$$$:  634-block  6
    $$$$$:  634-block  7
call   17 never executed
    $$$$$:  634-block  8
    $$$$$:  634-block  9
call   18 never executed
    $$$$$:  634-block 10
        -:  635:#else
        -:  636:  result.Set(FilePath(GetArgvs()[0]));
        -:  637:#endif  // GTEST_OS_WINDOWS
        -:  638:
    #####:  639:  return result.RemoveDirectoryName();
call    0 never executed
branch  1 never executed
branch  2 never executed
    %%%%%:  639-block  0
    #####:  640:}
    %%%%%:  640-block  0
call    0 never executed
    $$$$$:  640-block  1
call    1 never executed
        -:  641:#endif  // GTEST_HAS_FILE_SYSTEM
        -:  642:
        -:  643:// Functions for processing the gtest_output flag.
        -:  644:
        -:  645:// Returns the output format, or "" for normal printed output.
function _ZN7testing8internal15UnitTestOptions15GetOutputFormatB5cxx11Ev called 1 returned 100% blocks executed 48%
        1:  646:std::string UnitTestOptions::GetOutputFormat() {
        1:  647:  std::string s = GTEST_FLAG_GET(output);
        1:  647-block  0
call    0 returned 1
branch  1 taken 1 (fallthrough)
branch  2 taken 0 (throw)
        1:  648:  const char* const gtest_output_flag = s.c_str();
        1:  648-block  0
call    0 returned 1
        1:  649:  const char* const colon = strchr(gtest_output_flag, ':');
        -:  650:  return (colon == nullptr)
        -:  651:             ? std::string(gtest_output_flag)
        -:  652:             : std::string(gtest_output_flag,
       2*:  653:                           static_cast<size_t>(colon - gtest_output_flag));
branch  0 taken 1 (fallthrough)
branch  1 taken 0
        1:  653-block  0
call    2 returned 1
call    3 returned 1
branch  4 taken 1 (fallthrough)
branch  5 taken 0 (throw)
    %%%%%:  653-block  1
call    6 never executed
call    7 never executed
branch  8 never executed
branch  9 never executed
        1:  653-block  2
branch 10 taken 0 (fallthrough)
branch 11 taken 1
    %%%%%:  653-block  3
call   12 never executed
        1:  653-block  4
branch 13 taken 1 (fallthrough)
branch 14 taken 0
        1:  653-block  5
call   15 returned 1
        1:  653-block  6
    $$$$$:  653-block  7
branch 16 never executed
branch 17 never executed
    $$$$$:  653-block  8
call   18 never executed
    $$$$$:  653-block  9
    $$$$$:  653-block 10
branch 19 never executed
branch 20 never executed
    $$$$$:  653-block 11
call   21 never executed
    $$$$$:  653-block 12
        1:  654:}
        1:  654-block  0
call    0 returned 1
    $$$$$:  654-block  1
call    1 never executed
        -:  655:
        -:  656:#if GTEST_HAS_FILE_SYSTEM
        -:  657:// Returns the name of the requested output file, or the default if none
        -:  658:// was explicitly specified.
function _ZN7testing8internal15UnitTestOptions27GetAbsolutePathToOutputFileB5cxx11Ev called 0 returned 0% blocks executed 0%
    #####:  659:std::string UnitTestOptions::GetAbsolutePathToOutputFile() {
    #####:  660:  std::string s = GTEST_FLAG_GET(output);
    %%%%%:  660-block  0
call    0 never executed
branch  1 never executed
branch  2 never executed
    #####:  661:  const char* const gtest_output_flag = s.c_str();
    %%%%%:  661-block  0
call    0 never executed
        -:  662:
    #####:  663:  std::string format = GetOutputFormat();
call    0 never executed
branch  1 never executed
branch  2 never executed
    #####:  664:  if (format.empty()) format = std::string(kDefaultOutputFormat);
    %%%%%:  664-block  0
call    0 never executed
branch  1 never executed
branch  2 never executed
    %%%%%:  664-block  1
call    3 never executed
call    4 never executed
branch  5 never executed
branch  6 never executed
    %%%%%:  664-block  2
call    7 never executed
call    8 never executed
call    9 never executed
    $$$$$:  664-block  3
call   10 never executed
    $$$$$:  664-block  4
        -:  665:
    #####:  666:  const char* const colon = strchr(gtest_output_flag, ':');
    #####:  667:  if (colon == nullptr)
    %%%%%:  667-block  0
branch  0 never executed
branch  1 never executed
    #####:  668:    return internal::FilePath::MakeFileName(
    %%%%%:  668-block  0
call    0 never executed
    %%%%%:  668-block  1
call    1 never executed
branch  2 never executed
branch  3 never executed
    %%%%%:  668-block  2
call    4 never executed
    $$$$$:  668-block  3
call    5 never executed
    $$$$$:  668-block  4
    #####:  669:               internal::FilePath(
    %%%%%:  669-block  0
call    0 never executed
call    1 never executed
branch  2 never executed
branch  3 never executed
    %%%%%:  669-block  1
call    4 never executed
call    5 never executed
branch  6 never executed
branch  7 never executed
    %%%%%:  669-block  2
call    8 never executed
branch  9 never executed
branch 10 never executed
call   11 never executed
call   12 never executed
call   13 never executed
    $$$$$:  669-block  3
call   14 never executed
    $$$$$:  669-block  4
    $$$$$:  669-block  5
call   15 never executed
    $$$$$:  669-block  6
    $$$$$:  669-block  7
call   16 never executed
    $$$$$:  669-block  8
        -:  670:                   UnitTest::GetInstance()->original_working_dir()),
    #####:  671:               internal::FilePath(kDefaultOutputFile), 0, format.c_str())
call    0 never executed
call    1 never executed
branch  2 never executed
branch  3 never executed
    %%%%%:  671-block  0
call    4 never executed
branch  5 never executed
branch  6 never executed
call    7 never executed
call    8 never executed
call    9 never executed
    $$$$$:  671-block  1
call   10 never executed
    $$$$$:  671-block  2
    $$$$$:  671-block  3
call   11 never executed
    $$$$$:  671-block  4
    $$$$$:  671-block  5
call   12 never executed
    $$$$$:  671-block  6
    #####:  672:        .string();
    %%%%%:  672-block  0
call    0 never executed
call    1 never executed
branch  2 never executed
branch  3 never executed
        -:  673:
    #####:  674:  internal::FilePath output_name(colon + 1);
    %%%%%:  674-block  0
call    0 never executed
call    1 never executed
branch  2 never executed
branch  3 never executed
    %%%%%:  674-block  1
call    4 never executed
branch  5 never executed
branch  6 never executed
call    7 never executed
    $$$$$:  674-block  2
    $$$$$:  674-block  3
    #####:  675:  if (!output_name.IsAbsolutePath())
call    0 never executed
branch  1 never executed
branch  2 never executed
    #####:  676:    output_name = internal::FilePath::ConcatPaths(
    %%%%%:  676-block  0
call    0 never executed
branch  1 never executed
branch  2 never executed
    %%%%%:  676-block  1
call    3 never executed
    $$$$$:  676-block  2
call    4 never executed
    $$$$$:  676-block  3
    #####:  677:        internal::FilePath(UnitTest::GetInstance()->original_working_dir()),
    %%%%%:  677-block  0
call    0 never executed
call    1 never executed
branch  2 never executed
branch  3 never executed
    %%%%%:  677-block  1
call    4 never executed
call    5 never executed
branch  6 never executed
branch  7 never executed
    %%%%%:  677-block  2
call    8 never executed
branch  9 never executed
branch 10 never executed
call   11 never executed
call   12 never executed
call   13 never executed
    $$$$$:  677-block  3
call   14 never executed
    $$$$$:  677-block  4
    $$$$$:  677-block  5
call   15 never executed
    $$$$$:  677-block  6
    $$$$$:  677-block  7
call   16 never executed
    $$$$$:  677-block  8
    #####:  678:        internal::FilePath(colon + 1));
    %%%%%:  678-block  0
call    0 never executed
call    1 never executed
branch  2 never executed
branch  3 never executed
    %%%%%:  678-block  1
call    4 never executed
branch  5 never executed
branch  6 never executed
    %%%%%:  678-block  2
call    7 never executed
branch  8 never executed
branch  9 never executed
call   10 never executed
call   11 never executed
call   12 never executed
    $$$$$:  678-block  3
call   13 never executed
    $$$$$:  678-block  4
    $$$$$:  678-block  5
call   14 never executed
    $$$$$:  678-block  6
    $$$$$:  678-block  7
call   15 never executed
    $$$$$:  678-block  8
        -:  679:
    #####:  680:  if (!output_name.IsDirectory()) return output_name.string();
    %%%%%:  680-block  0
call    0 never executed
branch  1 never executed
branch  2 never executed
    %%%%%:  680-block  1
call    3 never executed
call    4 never executed
branch  5 never executed
branch  6 never executed
        -:  681:
        -:  682:  internal::FilePath result(internal::FilePath::GenerateUniqueFileName(
    #####:  683:      output_name, internal::GetCurrentExecutableName(),
call    0 never executed
branch  1 never executed
branch  2 never executed
call    3 never executed
    $$$$$:  683-block  0
    #####:  684:      GetOutputFormat().c_str()));
    %%%%%:  684-block  0
call    0 never executed
branch  1 never executed
branch  2 never executed
    %%%%%:  684-block  1
call    3 never executed
    %%%%%:  684-block  2
call    4 never executed
branch  5 never executed
branch  6 never executed
    $$$$$:  684-block  3
    #####:  685:  return result.string();
call    0 never executed
call    1 never executed
branch  2 never executed
branch  3 never executed
    #####:  686:}
    %%%%%:  686-block  0
call    0 never executed
    %%%%%:  686-block  1
call    1 never executed
    %%%%%:  686-block  2
call    2 never executed
call    3 never executed
    $$$$$:  686-block  3
call    4 never executed
    $$$$$:  686-block  4
call    5 never executed
    $$$$$:  686-block  5
call    6 never executed
    $$$$$:  686-block  6
call    7 never executed
        -:  687:#endif  // GTEST_HAS_FILE_SYSTEM
        -:  688:
        -:  689:// Returns true if and only if the wildcard pattern matches the string. Each
        -:  690:// pattern consists of regular characters, single-character wildcards (?), and
        -:  691:// multi-character wildcards (*).
        -:  692://
        -:  693:// This function implements a linear-time string globbing algorithm based on
        -:  694:// https://research.swtch.com/glob.
function _ZN7testing8internalL20PatternMatchesStringERKNSt7__cxx1112basic_stringIcSt11char_traitsIcESaIcEEEPKcSA_ called 94 returned 100% blocks executed 77%
       94:  695:static bool PatternMatchesString(const std::string& name_str,
        -:  696:                                 const char* pattern, const char* pattern_end) {
       94:  697:  const char* name = name_str.c_str();
       94:  697-block  0
call    0 returned 94
       94:  698:  const char* const name_begin = name;
       94:  699:  const char* const name_end = name + name_str.size();
call    0 returned 94
        -:  700:
       94:  701:  const char* pattern_next = pattern;
       94:  702:  const char* name_next = name;
        -:  703:
    1594*:  704:  while (pattern < pattern_end || name < name_end) {
     1594:  704-block  0
branch  0 taken 1594
branch  1 taken 0 (fallthrough)
    %%%%%:  704-block  1
branch  2 never executed
branch  3 never executed
     1594:  705:    if (pattern < pattern_end) {
     1594:  705-block  0
branch  0 taken 1594 (fallthrough)
branch  1 taken 0
     1594:  706:      switch (*pattern) {
     1594:  706-block  0
branch  0 taken 946
branch  1 taken 0
branch  2 taken 648
      946:  707:        default:  // Match an ordinary character.
      946:  708:          if (name < name_end && *name == *pattern) {
      946:  708-block  0
branch  0 taken 898 (fallthrough)
branch  1 taken 48
      898:  708-block  1
branch  2 taken 252 (fallthrough)
branch  3 taken 646
      252:  709:            ++pattern;
      252:  710:            ++name;
      252:  711:            continue;
      252:  711-block  0
        -:  712:          }
      694:  713:          break;
      694:  713-block  0
    #####:  714:        case '?':  // Match any single character.
    #####:  715:          if (name < name_end) {
    %%%%%:  715-block  0
branch  0 never executed
branch  1 never executed
    #####:  716:            ++pattern;
    #####:  717:            ++name;
    #####:  718:            continue;
    %%%%%:  718-block  0
        -:  719:          }
    #####:  720:          break;
    %%%%%:  720-block  0
      648:  721:        case '*':
        -:  722:          // Match zero or more characters. Start by skipping over the wildcard
        -:  723:          // and matching zero characters from name. If that fails, restart and
        -:  724:          // match one more character than the last attempt.
      648:  725:          pattern_next = pattern;
      648:  726:          name_next = name + 1;
      648:  727:          ++pattern;
      648:  728:          continue;
      648:  728-block  0
        -:  729:      }
        -:  730:    }
        -:  731:    // Failed to match a character. Restart if possible.
      694:  732:    if (name_begin < name_next && name_next <= name_end) {
      694:  732-block  0
branch  0 taken 648 (fallthrough)
branch  1 taken 46
      648:  732-block  1
branch  2 taken 600 (fallthrough)
branch  3 taken 48
      600:  733:      pattern = pattern_next;
      600:  734:      name = name_next;
      600:  735:      continue;
      600:  735-block  0
        -:  736:    }
       94:  737:    return false;
       94:  737-block  0
        -:  738:  }
    #####:  739:  return true;
    %%%%%:  739-block  0
        -:  740:}
        -:  741:
        -:  742:namespace {
        -:  743:
function _ZN7testing8internal12_GLOBAL__N_113IsGlobPatternERKNSt7__cxx1112basic_stringIcSt11char_traitsIcESaIcEEE called 9 returned 100% blocks executed 100%
        9:  744:bool IsGlobPattern(const std::string& pattern) {
        9:  745:  return std::any_of(pattern.begin(), pattern.end(),
        9:  745-block  0
call    0 returned 9
call    1 returned 9
call    2 returned 9
function _ZZN7testing8internal12_GLOBAL__N_113IsGlobPatternERKNSt7__cxx1112basic_stringIcSt11char_traitsIcESaIcEEEENKUlcE_clEc called 61 returned 100% blocks executed 100%
       70:  746:                     [](const char c) { return c == '?' || c == '*'; });
       61:  746-block  0
branch  0 taken 61 (fallthrough)
branch  1 taken 0
       61:  746-block  1
branch  2 taken 8 (fallthrough)
branch  3 taken 53
        8:  746-block  2
       53:  746-block  3
       61:  746-block  4
        -:  747:}
        -:  748:
        -:  749:class UnitTestFilter {
        -:  750: public:
function _ZN7testing8internal12_GLOBAL__N_114UnitTestFilterC2Ev called 2 returned 100% blocks executed 100%
        2:  751:  UnitTestFilter() = default;
        2:  751-block  0
call    0 returned 2
call    1 returned 2
        -:  752:
        -:  753:  // Constructs a filter from a string of patterns separated by `:`.
function _ZN7testing8internal12_GLOBAL__N_114UnitTestFilterC2ERKNSt7__cxx1112basic_stringIcSt11char_traitsIcESaIcEEE called 3 returned 100% blocks executed 78%
        3:  754:  explicit UnitTestFilter(const std::string& filter) {
        3:  754-block  0
call    0 returned 3
call    1 returned 3
        -:  755:    // By design "" filter matches "" string.
        3:  756:    std::vector<std::string> all_patterns;
call    0 returned 3
        3:  757:    SplitString(filter, ':', &all_patterns);
call    0 returned 3
branch  1 taken 3 (fallthrough)
branch  2 taken 0 (throw)
        3:  758:    const auto exact_match_patterns_begin = std::partition(
        3:  758-block  0
call    0 returned 3
call    1 returned 3
call    2 returned 3
branch  3 taken 3 (fallthrough)
branch  4 taken 0 (throw)
        -:  759:        all_patterns.begin(), all_patterns.end(), &IsGlobPattern);
        -:  760:
        6:  761:    glob_patterns_.reserve(static_cast<size_t>(
        3:  762:        std::distance(all_patterns.begin(), exact_match_patterns_begin)));
        3:  762-block  0
call    0 returned 3
call    1 returned 3
branch  2 taken 3 (fallthrough)
branch  3 taken 0 (throw)
        3:  762-block  1
call    4 returned 3
branch  5 taken 3 (fallthrough)
branch  6 taken 0 (throw)
        6:  763:    std::move(all_patterns.begin(), exact_match_patterns_begin,
        3:  763-block  0
call    0 returned 3
        3:  763-block  1
call    1 returned 3
call    2 returned 3
branch  3 taken 3 (fallthrough)
branch  4 taken 0 (throw)
        3:  764:              std::inserter(glob_patterns_, glob_patterns_.begin()));
call    0 returned 3
branch  1 taken 3 (fallthrough)
branch  2 taken 0 (throw)
        6:  765:    std::move(
        3:  765-block  0
call    0 returned 3
        3:  765-block  1
call    1 returned 3
call    2 returned 3
branch  3 taken 3 (fallthrough)
branch  4 taken 0 (throw)
        -:  766:        exact_match_patterns_begin, all_patterns.end(),
        3:  767:        std::inserter(exact_match_patterns_, exact_match_patterns_.begin()));
call    0 returned 3
branch  1 taken 3 (fallthrough)
branch  2 taken 0 (throw)
        3:  768:  }
        3:  768-block  0
call    0 returned 3
    $$$$$:  768-block  1
call    1 never executed
    $$$$$:  768-block  2
call    2 never executed
    $$$$$:  768-block  3
call    3 never executed
        -:  769:
        -:  770:  // Returns true if and only if name matches at least one of the patterns in
        -:  771:  // the filter.
function _ZNK7testing8internal12_GLOBAL__N_114UnitTestFilter11MatchesNameERKNSt7__cxx1112basic_stringIcSt11char_traitsIcESaIcEEE called 38 returned 100% blocks executed 100%
       38:  772:  bool MatchesName(const std::string& name) const {
       75:  773:    return exact_match_patterns_.count(name) > 0 ||
       38:  773-block  0
call    0 returned 38
branch  1 taken 37 (fallthrough)
branch  2 taken 1
        1:  773-block  1
       37:  773-block  2
       37:  774:           std::any_of(glob_patterns_.begin(), glob_patterns_.end(),
       37:  774-block  0
call    0 returned 37
call    1 returned 37
call    2 returned 37
branch  3 taken 0 (fallthrough)
branch  4 taken 37
function _ZZNK7testing8internal12_GLOBAL__N_114UnitTestFilter11MatchesNameERKNSt7__cxx1112basic_stringIcSt11char_traitsIcESaIcEEEENKUlSA_E_clESA_ called 94 returned 100% blocks executed 100%
      188:  775:                       [&name](const std::string& pattern) {
       94:  776:                         return PatternMatchesString(
call    0 returned 94
call    1 returned 94
        -:  777:                             name, pattern.c_str(),
      188:  778:                             pattern.c_str() + pattern.size());
       94:  778-block  0
call    0 returned 94
call    1 returned 94
       38:  779:                       });
       38:  779-block  0
        -:  780:  }
        -:  781:
        -:  782: private:
        -:  783:  std::vector<std::string> glob_patterns_;
        -:  784:  std::unordered_set<std::string> exact_match_patterns_;
        -:  785:};
        -:  786:
        -:  787:class PositiveAndNegativeUnitTestFilter {
        -:  788: public:
        -:  789:  // Constructs a positive and a negative filter from a string. The string
        -:  790:  // contains a positive filter optionally followed by a '-' character and a
        -:  791:  // negative filter. In case only a negative filter is provided the positive
        -:  792:  // filter will be assumed "*".
        -:  793:  // A filter is a list of patterns separated by ':'.
function _ZN7testing8internal12_GLOBAL__N_133PositiveAndNegativeUnitTestFilterC2ERKNSt7__cxx1112basic_stringIcSt11char_traitsIcESaIcEEE called 1 returned 100% blocks executed 23%
        1:  794:  explicit PositiveAndNegativeUnitTestFilter(const std::string& filter) {
        1:  794-block  0
call    0 returned 1
call    1 returned 1
        1:  795:    std::vector<std::string> positive_and_negative_filters;
call    0 returned 1
        -:  796:
        -:  797:    // NOTE: `SplitString` always returns a non-empty container.
        1:  798:    SplitString(filter, '-', &positive_and_negative_filters);
call    0 returned 1
branch  1 taken 1 (fallthrough)
branch  2 taken 0 (throw)
        1:  799:    const auto& positive_filter = positive_and_negative_filters.front();
        1:  799-block  0
call    0 returned 1
        -:  800:
        1:  801:    if (positive_and_negative_filters.size() > 1) {
call    0 returned 1
branch  1 taken 0 (fallthrough)
branch  2 taken 1
    #####:  802:      positive_filter_ = UnitTestFilter(
    %%%%%:  802-block  0
call    0 never executed
branch  1 never executed
branch  2 never executed
call    3 never executed
    #####:  803:          positive_filter.empty() ? kUniversalFilter : positive_filter);
    %%%%%:  803-block  0
call    0 never executed
branch  1 never executed
branch  2 never executed
    %%%%%:  803-block  1
call    3 never executed
call    4 never executed
branch  5 never executed
branch  6 never executed
    %%%%%:  803-block  2
call    7 never executed
branch  8 never executed
branch  9 never executed
    %%%%%:  803-block  3
call   10 never executed
call   11 never executed
branch 12 never executed
branch 13 never executed
    %%%%%:  803-block  4
call   14 never executed
    $$$$$:  803-block  5
call   15 never executed
    $$$$$:  803-block  6
    $$$$$:  803-block  7
branch 16 never executed
branch 17 never executed
    $$$$$:  803-block  8
call   18 never executed
    $$$$$:  803-block  9
        -:  804:
        -:  805:      // TODO(b/214626361): Fail on multiple '-' characters
        -:  806:      // For the moment to preserve old behavior we concatenate the rest of the
        -:  807:      // string parts with `-` as separator to generate the negative filter.
    #####:  808:      auto negative_filter_string = positive_and_negative_filters[1];
    %%%%%:  808-block  0
call    0 never executed
call    1 never executed
branch  2 never executed
branch  3 never executed
    #####:  809:      for (std::size_t i = 2; i < positive_and_negative_filters.size(); i++)
    %%%%%:  809-block  0
    %%%%%:  809-block  1
call    0 never executed
branch  1 never executed
branch  2 never executed
        -:  810:        negative_filter_string =
    #####:  811:            negative_filter_string + '-' + positive_and_negative_filters[i];
    %%%%%:  811-block  0
call    0 never executed
call    1 never executed
branch  2 never executed
branch  3 never executed
    %%%%%:  811-block  1
call    4 never executed
branch  5 never executed
branch  6 never executed
    %%%%%:  811-block  2
call    7 never executed
call    8 never executed
call    9 never executed
    $$$$$:  811-block  3
call   10 never executed
    $$$$$:  811-block  4
    #####:  812:      negative_filter_ = UnitTestFilter(negative_filter_string);
    %%%%%:  812-block  0
call    0 never executed
branch  1 never executed
branch  2 never executed
    %%%%%:  812-block  1
call    3 never executed
call    4 never executed
    #####:  813:    } else {
call    0 never executed
    $$$$$:  813-block  0
call    1 never executed
        -:  814:      // In case we don't have a negative filter and positive filter is ""
        -:  815:      // we do not use kUniversalFilter by design as opposed to when we have a
        -:  816:      // negative filter.
        1:  817:      positive_filter_ = UnitTestFilter(positive_filter);
        1:  817-block  0
call    0 returned 1
branch  1 taken 1 (fallthrough)
branch  2 taken 0 (throw)
        1:  817-block  1
call    3 returned 1
call    4 returned 1
        -:  818:    }
        1:  819:  }
        1:  819-block  0
call    0 returned 1
    $$$$$:  819-block  1
call    1 never executed
    $$$$$:  819-block  2
call    2 never executed
    $$$$$:  819-block  3
call    3 never executed
        -:  820:
        -:  821:  // Returns true if and only if test name (this is generated by appending test
        -:  822:  // suit name and test name via a '.' character) matches the positive filter
        -:  823:  // and does not match the negative filter.
function _ZNK7testing8internal12_GLOBAL__N_133PositiveAndNegativeUnitTestFilter11MatchesTestERKNSt7__cxx1112basic_stringIcSt11char_traitsIcESaIcEEESA_ called 12 returned 100% blocks executed 64%
       12:  824:  bool MatchesTest(const std::string& test_suite_name,
        -:  825:                   const std::string& test_name) const {
       12:  826:    return MatchesName(test_suite_name + "." + test_name);
       12:  826-block  0
call    0 returned 12
call    1 returned 12
branch  2 taken 12 (fallthrough)
branch  3 taken 0 (throw)
       12:  826-block  1
call    4 returned 12
branch  5 taken 12 (fallthrough)
branch  6 taken 0 (throw)
       12:  826-block  2
       12:  826-block  3
call    7 returned 12
call    8 returned 12
       12:  826-block  4
    $$$$$:  826-block  5
call    9 never executed
    $$$$$:  826-block  6
    $$$$$:  826-block  7
call   10 never executed
        -:  827:  }
        -:  828:
        -:  829:  // Returns true if and only if name matches the positive filter and does not
        -:  830:  // match the negative filter.
function _ZNK7testing8internal12_GLOBAL__N_133PositiveAndNegativeUnitTestFilter11MatchesNameERKNSt7__cxx1112basic_stringIcSt11char_traitsIcESaIcEEE called 12 returned 100% blocks executed 100%
       12:  831:  bool MatchesName(const std::string& name) const {
       13:  832:    return positive_filter_.MatchesName(name) &&
       12:  832-block  0
call    0 returned 12
branch  1 taken 1 (fallthrough)
branch  2 taken 11
        1:  832-block  1
       11:  832-block  2
       13:  833:           !negative_filter_.MatchesName(name);
        1:  833-block  0
call    0 returned 1
branch  1 taken 1 (fallthrough)
branch  2 taken 0
       12:  833-block  1
        -:  834:  }
        -:  835:
        -:  836: private:
        -:  837:  UnitTestFilter positive_filter_;
        -:  838:  UnitTestFilter negative_filter_;
        -:  839:};
        -:  840:}  // namespace
        -:  841:
function _ZN7testing8internal15UnitTestOptions13MatchesFilterERKNSt7__cxx1112basic_stringIcSt11char_traitsIcESaIcEEEPKc called 0 returned 0% blocks executed 0%
    #####:  842:bool UnitTestOptions::MatchesFilter(const std::string& name_str,
        -:  843:                                    const char* filter) {
    #####:  844:  return UnitTestFilter(filter).MatchesName(name_str);
    %%%%%:  844-block  0
call    0 never executed
call    1 never executed
branch  2 never executed
branch  3 never executed
    %%%%%:  844-block  1
call    4 never executed
branch  5 never executed
branch  6 never executed
    %%%%%:  844-block  2
call    7 never executed
branch  8 never executed
branch  9 never executed
    %%%%%:  844-block  3
    %%%%%:  844-block  4
call   10 never executed
call   11 never executed
call   12 never executed
    %%%%%:  844-block  5
    $$$$$:  844-block  6
call   13 never executed
    $$$$$:  844-block  7
    $$$$$:  844-block  8
call   14 never executed
    $$$$$:  844-block  9
    $$$$$:  844-block 10
call   15 never executed
        -:  845:}
        -:  846:
        -:  847:// Returns true if and only if the user-specified filter matches the test
        -:  848:// suite name and the test name.
function _ZN7testing8internal15UnitTestOptions17FilterMatchesTestERKNSt7__cxx1112basic_stringIcSt11char_traitsIcESaIcEEES9_ called 0 returned 0% blocks executed 0%
    #####:  849:bool UnitTestOptions::FilterMatchesTest(const std::string& test_suite_name,
        -:  850:                                        const std::string& test_name) {
        -:  851:  // Split --gtest_filter at '-', if there is one, to separate into
        -:  852:  // positive filter and negative filter portions
    #####:  853:  return PositiveAndNegativeUnitTestFilter(GTEST_FLAG_GET(filter))
    %%%%%:  853-block  0
call    0 never executed
    %%%%%:  853-block  1
call    1 never executed
    $$$$$:  853-block  2
call    2 never executed
    #####:  854:      .MatchesTest(test_suite_name, test_name);
call    0 never executed
branch  1 never executed
branch  2 never executed
    %%%%%:  854-block  0
    %%%%%:  854-block  1
        -:  855:}
        -:  856:
        -:  857:#if GTEST_HAS_SEH
        -:  858:// Returns EXCEPTION_EXECUTE_HANDLER if Google Test should handle the
        -:  859:// given SEH exception, or EXCEPTION_CONTINUE_SEARCH otherwise.
        -:  860:// This function is useful as an __except condition.
[...]
        -: 6640:      // that argv has (*argc + 1) elements, the last one always being
        -: 6641:      // NULL.  The following loop moves the trailing NULL element as
        -: 6642:      // well.
        2: 6643:      for (int j = i; j != *argc; j++) {
        1: 6643-block  0
        2: 6643-block  1
branch  0 taken 1
branch  1 taken 1 (fallthrough)
        1: 6644:        argv[j] = argv[j + 1];
        1: 6644-block  0
        -: 6645:      }
        -: 6646:
        -: 6647:      // Decrements the argument count.
        1: 6648:      (*argc)--;
        -: 6649:
        -: 6650:      // We also need to decrement the iterator as we just removed
        -: 6651:      // an element.
        1: 6652:      i--;
        1: 6652-block  0
        -: 6653:    }
        -: 6654:  }
        -: 6655:
        1: 6656:  if (g_help_flag) {
        1: 6656-block  0
branch  0 taken 0 (fallthrough)
branch  1 taken 1
        -: 6657:    // We print the help here instead of in RUN_ALL_TESTS(), as the
        -: 6658:    // latter may not be called at all if the user is using Google
        -: 6659:    // Test with another testing framework.
    #####: 6660:    PrintColorEncoded(kColorEncodedHelpMessage);
    %%%%%: 6660-block  0
call    0 never executed
branch  1 never executed
branch  2 never executed
        -: 6661:  }
        1: 6662:}
        1: 6662-block  0
call    0 returned 1
    $$$$$: 6662-block  1
call    1 never executed
------------------
        -: 6663:
        -: 6664:// Parses the command line for Google Test flags, without initializing
        -: 6665:// other parts of Google Test.
function _ZN7testing8internal24ParseGoogleTestFlagsOnlyEPiPPc called 1 returned 100% blocks executed 100%
        1: 6666:void ParseGoogleTestFlagsOnly(int* argc, char** argv) {
        -: 6667:#ifdef GTEST_HAS_ABSL
        -: 6668:  if (*argc > 0) {
        -: 6669:    // absl::ParseCommandLine() requires *argc > 0.
        -: 6670:    auto positional_args = absl::flags_internal::ParseCommandLineImpl(
        -: 6671:        *argc, argv, absl::flags_internal::UsageFlagsAction::kHandleUsage,
        -: 6672:        absl::flags_internal::OnUndefinedFlag::kReportUndefined);
        -: 6673:    // Any command-line positional arguments not part of any command-line flag
        -: 6674:    // (or arguments to a flag) are copied back out to argv, with the program
        -: 6675:    // invocation name at position 0, and argc is resized. This includes
        -: 6676:    // positional arguments after the flag-terminating delimiter '--'.
        -: 6677:    // See https://abseil.io/docs/cpp/guides/flags.
        -: 6678:    std::copy(positional_args.begin(), positional_args.end(), argv);
        -: 6679:    if (static_cast<int>(positional_args.size()) < *argc) {
        -: 6680:      argv[positional_args.size()] = nullptr;
        -: 6681:      *argc = static_cast<int>(positional_args.size());
        -: 6682:    }
        -: 6683:  }
        -: 6684:#else
        1: 6685:  ParseGoogleTestFlagsOnlyImpl(argc, argv);
        1: 6685-block  0
call    0 returned 1
        -: 6686:#endif
        -: 6687:
        -: 6688:  // Fix the value of *_NSGetArgc() on macOS, but if and only if
        -: 6689:  // *_NSGetArgv() == argv
        -: 6690:  // Only applicable to char** version of argv
        -: 6691:#ifdef GTEST_OS_MAC
        -: 6692:#ifndef GTEST_OS_IOS
        -: 6693:  if (*_NSGetArgv() == argv) {
        -: 6694:    *_NSGetArgc() = *argc;
        -: 6695:  }
        -: 6696:#endif
        -: 6697:#endif
        1: 6698:}
function _ZN7testing8internal24ParseGoogleTestFlagsOnlyEPiPPw called 0 returned 0% blocks executed 0%
    #####: 6699:void ParseGoogleTestFlagsOnly(int* argc, wchar_t** argv) {
    #####: 6700:  ParseGoogleTestFlagsOnlyImpl(argc, argv);
    %%%%%: 6700-block  0
call    0 never executed
    #####: 6701:}
        -: 6702:
        -: 6703:// The internal implementation of InitGoogleTest().
        -: 6704://
        -: 6705:// The type parameter CharType can be instantiated to either char or
        -: 6706:// wchar_t.
        -: 6707:template <typename CharType>
       1*: 6708:void InitGoogleTestImpl(int* argc, CharType** argv) {
        -: 6709:  // We don't want to run the initialization code twice.
       1*: 6710:  if (GTestIsInitialized()) return;
        -: 6711:
       1*: 6712:  if (*argc <= 0) return;
        -: 6713:
       1*: 6714:  g_argvs.clear();
       3*: 6715:  for (int i = 0; i != *argc; i++) {
       2*: 6716:    g_argvs.push_back(StreamableToString(argv[i]));
        -: 6717:  }
        -: 6718:
        -: 6719:#ifdef GTEST_HAS_ABSL
        -: 6720:  absl::InitializeSymbolizer(g_argvs[0].c_str());
        -: 6721:
        -: 6722:  // When using the Abseil Flags library, set the program usage message to the
        -: 6723:  // help message, but remove the color-encoding from the message first.
        -: 6724:  absl::SetProgramUsageMessage(absl::StrReplaceAll(
        -: 6725:      kColorEncodedHelpMessage,
        -: 6726:      {{"@D", ""}, {"@R", ""}, {"@G", ""}, {"@Y", ""}, {"@@", "@"}}));
        -: 6727:#endif  // GTEST_HAS_ABSL
        -: 6728:
       1*: 6729:  ParseGoogleTestFlagsOnly(argc, argv);
       1*: 6730:  GetUnitTestImpl()->PostFlagParsingInit();
        -: 6731:}
------------------
_ZN7testing8internal18InitGoogleTestImplIwEEvPiPPT_:
function _ZN7testing8internal18InitGoogleTestImplIwEEvPiPPT_ called 0 returned 0% blocks executed 0%
    #####: 6708:void InitGoogleTestImpl(int* argc, CharType** argv) {
        -: 6709:  // We don't want to run the initialization code twice.
    #####: 6710:  if (GTestIsInitialized()) return;
    %%%%%: 6710-block  0
call    0 never executed
branch  1 never executed
branch  2 never executed
    %%%%%: 6710-block  1
        -: 6711:
    #####: 6712:  if (*argc <= 0) return;
    %%%%%: 6712-block  0
branch  0 never executed
branch  1 never executed
    %%%%%: 6712-block  1
        -: 6713:
    #####: 6714:  g_argvs.clear();
    %%%%%: 6714-block  0
call    0 never executed
    #####: 6715:  for (int i = 0; i != *argc; i++) {
    %%%%%: 6715-block  0
branch  0 never executed
branch  1 never executed
    #####: 6716:    g_argvs.push_back(StreamableToString(argv[i]));
    %%%%%: 6716-block  0
call    0 never executed
call    1 never executed
branch  2 never executed
branch  3 never executed
    %%%%%: 6716-block  1
call    4 never executed
    $$$$$: 6716-block  2
call    5 never executed
        -: 6717:  }
        -: 6718:
        -: 6719:#ifdef GTEST_HAS_ABSL
        -: 6720:  absl::InitializeSymbolizer(g_argvs[0].c_str());
        -: 6721:
        -: 6722:  // When using the Abseil Flags library, set the program usage message to the
        -: 6723:  // help message, but remove the color-encoding from the message first.
        -: 6724:  absl::SetProgramUsageMessage(absl::StrReplaceAll(
        -: 6725:      kColorEncodedHelpMessage,
        -: 6726:      {{"@D", ""}, {"@R", ""}, {"@G", ""}, {"@Y", ""}, {"@@", "@"}}));
        -: 6727:#endif  // GTEST_HAS_ABSL
        -: 6728:
    #####: 6729:  ParseGoogleTestFlagsOnly(argc, argv);
    %%%%%: 6729-block  0
call    0 never executed
    #####: 6730:  GetUnitTestImpl()->PostFlagParsingInit();
call    0 never executed
call    1 never executed
        -: 6731:}
------------------
_ZN7testing8internal18InitGoogleTestImplIcEEvPiPPT_:
function _ZN7testing8internal18InitGoogleTestImplIcEEvPiPPT_ called 1 returned 100% blocks executed 79%
        1: 6708:void InitGoogleTestImpl(int* argc, CharType** argv) {
        -: 6709:  // We don't want to run the initialization code twice.
       1*: 6710:  if (GTestIsInitialized()) return;
        1: 6710-block  0
call    0 returned 1
branch  1 taken 0 (fallthrough)
branch  2 taken 1
    %%%%%: 6710-block  1
        -: 6711:
       1*: 6712:  if (*argc <= 0) return;
        1: 6712-block  0
branch  0 taken 0 (fallthrough)
branch  1 taken 1
    %%%%%: 6712-block  1
        -: 6713:
        1: 6714:  g_argvs.clear();
        1: 6714-block  0
call    0 returned 1
        3: 6715:  for (int i = 0; i != *argc; i++) {
        3: 6715-block  0
branch  0 taken 2
branch  1 taken 1 (fallthrough)
        2: 6716:    g_argvs.push_back(StreamableToString(argv[i]));
        2: 6716-block  0
call    0 returned 2
call    1 returned 2
branch  2 taken 2 (fallthrough)
branch  3 taken 0 (throw)
        2: 6716-block  1
call    4 returned 2
    $$$$$: 6716-block  2
call    5 never executed
        -: 6717:  }
        -: 6718:
        -: 6719:#ifdef GTEST_HAS_ABSL
        -: 6720:  absl::InitializeSymbolizer(g_argvs[0].c_str());
        -: 6721:
        -: 6722:  // When using the Abseil Flags library, set the program usage message to the
        -: 6723:  // help message, but remove the color-encoding from the message first.
        -: 6724:  absl::SetProgramUsageMessage(absl::StrReplaceAll(
        -: 6725:      kColorEncodedHelpMessage,
        -: 6726:      {{"@D", ""}, {"@R", ""}, {"@G", ""}, {"@Y", ""}, {"@@", "@"}}));
        -: 6727:#endif  // GTEST_HAS_ABSL
        -: 6728:
        1: 6729:  ParseGoogleTestFlagsOnly(argc, argv);
        1: 6729-block  0
call    0 returned 1
        1: 6730:  GetUnitTestImpl()->PostFlagParsingInit();
call    0 returned 1
call    1 returned 1
        -: 6731:}
------------------
        -: 6732:
        -: 6733:}  // namespace internal
        -: 6734:
        -: 6735:// Initializes Google Test.  This must be called before calling
        -: 6736:// RUN_ALL_TESTS().  In particular, it parses a command line for the
        -: 6737:// flags that Google Test recognizes.  Whenever a Google Test flag is
        -: 6738:// seen, it is removed from argv, and *argc is decremented.
        -: 6739://
        -: 6740:// No value is returned.  Instead, the Google Test flag variables are
        -: 6741:// updated.
        -: 6742://
        -: 6743:// Calling the function for the second time has no user-visible effect.
function _ZN7testing14InitGoogleTestEPiPPc called 1 returned 100% blocks executed 100%
        1: 6744:void InitGoogleTest(int* argc, char** argv) {
        -: 6745:#if defined(GTEST_CUSTOM_INIT_GOOGLE_TEST_FUNCTION_)
        -: 6746:  GTEST_CUSTOM_INIT_GOOGLE_TEST_FUNCTION_(argc, argv);
        -: 6747:#else   // defined(GTEST_CUSTOM_INIT_GOOGLE_TEST_FUNCTION_)
        1: 6748:  internal::InitGoogleTestImpl(argc, argv);
        1: 6748-block  0
call    0 returned 1
        -: 6749:#endif  // defined(GTEST_CUSTOM_INIT_GOOGLE_TEST_FUNCTION_)
        1: 6750:}
        -: 6751:
        -: 6752:// This overloaded version can be used in Windows programs compiled in
        -: 6753:// UNICODE mode.
function _ZN7testing14InitGoogleTestEPiPPw called 0 returned 0% blocks executed 0%
    #####: 6754:void InitGoogleTest(int* argc, wchar_t** argv) {
        -: 6755:#if defined(GTEST_CUSTOM_INIT_GOOGLE_TEST_FUNCTION_)
        -: 6756:  GTEST_CUSTOM_INIT_GOOGLE_TEST_FUNCTION_(argc, argv);
        -: 6757:#else   // defined(GTEST_CUSTOM_INIT_GOOGLE_TEST_FUNCTION_)
    #####: 6758:  internal::InitGoogleTestImpl(argc, argv);
    %%%%%: 6758-block  0
call    0 never executed
        -: 6759:#endif  // defined(GTEST_CUSTOM_INIT_GOOGLE_TEST_FUNCTION_)
    #####: 6760:}
        -: 6761:
        -: 6762:// This overloaded version can be used on Arduino/embedded platforms where
        -: 6763:// there is no argc/argv.
function _ZN7testing14InitGoogleTestEv called 0 returned 0% blocks executed 0%
    #####: 6764:void InitGoogleTest() {
        -: 6765:  // Since Arduino doesn't have a command line, fake out the argc/argv arguments
    #####: 6766:  int argc = 1;
    #####: 6767:  const auto arg0 = "dummy";
    #####: 6768:  char* argv0 = const_cast<char*>(arg0);
    #####: 6769:  char** argv = &argv0;
        -: 6770:
        -: 6771:#if defined(GTEST_CUSTOM_INIT_GOOGLE_TEST_FUNCTION_)
        -: 6772:  GTEST_CUSTOM_INIT_GOOGLE_TEST_FUNCTION_(&argc, argv);
        -: 6773:#else   // defined(GTEST_CUSTOM_INIT_GOOGLE_TEST_FUNCTION_)
    #####: 6774:  internal::InitGoogleTestImpl(&argc, argv);
    %%%%%: 6774-block  0
call    0 never executed
branch  1 never executed
branch  2 never executed
        -: 6775:#endif  // defined(GTEST_CUSTOM_INIT_GOOGLE_TEST_FUNCTION_)
    #####: 6776:}
    %%%%%: 6776-block  0
        -: 6777:
        -: 6778:#if !defined(GTEST_CUSTOM_TEMPDIR_FUNCTION_) || \
        -: 6779:    !defined(GTEST_CUSTOM_SRCDIR_FUNCTION_)
        -: 6780:// Returns the value of the first environment variable that is set and contains
        -: 6781:// a non-empty string. If there are none, returns the "fallback" string. Adds
        -: 6782:// the director-separator character as a suffix if not provided in the
        -: 6783:// environment variable value.
function _ZN7testingL13GetDirFromEnvESt16initializer_listIPKcES2_c called 0 returned 0% blocks executed 0%
    #####: 6784:static std::string GetDirFromEnv(
        -: 6785:    std::initializer_list<const char*> environment_variables,
        -: 6786:    const char* fallback, char separator) {
    #####: 6787:  for (const char* variable_name : environment_variables) {
    %%%%%: 6787-block  0
call    0 never executed
call    1 never executed
    %%%%%: 6787-block  1
    %%%%%: 6787-block  2
branch  2 never executed
branch  3 never executed
    #####: 6788:    const char* value = internal::posix::GetEnv(variable_name);
    %%%%%: 6788-block  0
call    0 never executed
    #####: 6789:    if (value != nullptr && value[0] != '\0') {
branch  0 never executed
branch  1 never executed
    %%%%%: 6789-block  0
branch  2 never executed
branch  3 never executed
    #####: 6790:      if (value[strlen(value) - 1] != separator) {
    %%%%%: 6790-block  0
branch  0 never executed
branch  1 never executed
    #####: 6791:        return std::string(value).append(1, separator);
    %%%%%: 6791-block  0
call    0 never executed
call    1 never executed
branch  2 never executed
branch  3 never executed
    %%%%%: 6791-block  1
call    4 never executed
branch  5 never executed
branch  6 never executed
    %%%%%: 6791-block  2
call    7 never executed
branch  8 never executed
branch  9 never executed
    %%%%%: 6791-block  3
call   10 never executed
call   11 never executed
    $$$$$: 6791-block  4
call   12 never executed
    $$$$$: 6791-block  5
    $$$$$: 6791-block  6
call   13 never executed
    $$$$$: 6791-block  7
        -: 6792:      }
    #####: 6793:      return value;
    %%%%%: 6793-block  0
call    0 never executed
call    1 never executed
branch  2 never executed
branch  3 never executed
    %%%%%: 6793-block  1
call    4 never executed
    $$$$$: 6793-block  2
call    5 never executed
    $$$$$: 6793-block  3
        -: 6794:    }
        -: 6795:  }
    #####: 6796:  return fallback;
    %%%%%: 6796-block  0
call    0 never executed
call    1 never executed
branch  2 never executed
branch  3 never executed
    %%%%%: 6796-block  1
call    4 never executed
    $$$$$: 6796-block  2
call    5 never executed
        -: 6797:}
        -: 6798:#endif
        -: 6799:
function _ZN7testing7TempDirB5cxx11Ev called 0 returned 0% blocks executed 0%
    #####: 6800:std::string TempDir() {
        -: 6801:#if defined(GTEST_CUSTOM_TEMPDIR_FUNCTION_)
        -: 6802:  return GTEST_CUSTOM_TEMPDIR_FUNCTION_();
        -: 6803:#elif defined(GTEST_OS_WINDOWS) || defined(GTEST_OS_WINDOWS_MOBILE)
    #####: 6804:  return GetDirFromEnv({"TEST_TMPDIR", "TEMP"}, "\\temp\\", '\\');
    %%%%%: 6804-block  0
call    0 never executed
branch  1 never executed
branch  2 never executed
    %%%%%: 6804-block  1
    %%%%%: 6804-block  2
        -: 6805:#elif defined(GTEST_OS_LINUX_ANDROID)
        -: 6806:  return GetDirFromEnv({"TEST_TMPDIR", "TMPDIR"}, "/data/local/tmp/", '/');
        -: 6807:#else
        -: 6808:  return GetDirFromEnv({"TEST_TMPDIR", "TMPDIR"}, "/tmp/", '/');
        -: 6809:#endif
        -: 6810:}
        -: 6811:
        -: 6812:#if GTEST_HAS_FILE_SYSTEM && !defined(GTEST_CUSTOM_SRCDIR_FUNCTION_)
        -: 6813:// Returns the directory path (including terminating separator) of the current
        -: 6814:// executable as derived from argv[0].
function _ZN7testingL29GetCurrentExecutableDirectoryEv called 0 returned 0% blocks executed 0%
    #####: 6815:static std::string GetCurrentExecutableDirectory() {
    #####: 6816:  internal::FilePath argv_0(internal::GetArgvs()[0]);
    %%%%%: 6816-block  0
call    0 never executed
branch  1 never executed
branch  2 never executed
    %%%%%: 6816-block  1
call    3 never executed
call    4 never executed
branch  5 never executed
branch  6 never executed
    $$$$$: 6816-block  2
    #####: 6817:  return argv_0.RemoveFileName().string();
call    0 never executed
branch  1 never executed
branch  2 never executed
    %%%%%: 6817-block  0
call    3 never executed
call    4 never executed
branch  5 never executed
branch  6 never executed
    %%%%%: 6817-block  1
call    7 never executed
    %%%%%: 6817-block  2
    $$$$$: 6817-block  3
call    8 never executed
    $$$$$: 6817-block  4
    #####: 6818:}
call    0 never executed
    $$$$$: 6818-block  0
call    1 never executed
        -: 6819:#endif
        -: 6820:
        -: 6821:#if GTEST_HAS_FILE_SYSTEM
function _ZN7testing6SrcDirB5cxx11Ev called 0 returned 0% blocks executed 0%
    #####: 6822:std::string SrcDir() {
        -: 6823:#if defined(GTEST_CUSTOM_SRCDIR_FUNCTION_)
        -: 6824:  return GTEST_CUSTOM_SRCDIR_FUNCTION_();
        -: 6825:#elif defined(GTEST_OS_WINDOWS) || defined(GTEST_OS_WINDOWS_MOBILE)
    #####: 6826:  return GetDirFromEnv({"TEST_SRCDIR"}, GetCurrentExecutableDirectory().c_str(),
    %%%%%: 6826-block  0
call    0 never executed
    $$$$$: 6826-block  1
call    1 never executed
    #####: 6827:                       '\\');
call    0 never executed
call    1 never executed
branch  2 never executed
branch  3 never executed
    %%%%%: 6827-block  0
call    4 never executed
    %%%%%: 6827-block  1
    $$$$$: 6827-block  2
        -: 6828:#elif defined(GTEST_OS_LINUX_ANDROID)
        -: 6829:  return GetDirFromEnv({"TEST_SRCDIR"}, GetCurrentExecutableDirectory().c_str(),
        -: 6830:                       '/');
        -: 6831:#else
        -: 6832:  return GetDirFromEnv({"TEST_SRCDIR"}, GetCurrentExecutableDirectory().c_str(),
        -: 6833:                       '/');
        -: 6834:#endif
        -: 6835:}
        -: 6836:#endif
        -: 6837:
        -: 6838:// Class ScopedTrace
        -: 6839:
        -: 6840:// Pushes the given source file location and message onto a per-thread
        -: 6841:// trace stack maintained by Google Test.
function _ZN7testing11ScopedTrace9PushTraceEPKciNSt7__cxx1112basic_stringIcSt11char_traitsIcESaIcEEE called 0 returned 0% blocks executed 0%
    #####: 6842:void ScopedTrace::PushTrace(const char* file, int line, std::string message) {
    #####: 6843:  internal::TraceInfo trace;
    %%%%%: 6843-block  0
call    0 never executed
    #####: 6844:  trace.file = file;
    #####: 6845:  trace.line = line;
    #####: 6846:  trace.message.swap(message);
call    0 never executed
        -: 6847:
    #####: 6848:  UnitTest::GetInstance()->PushGTestTrace(trace);
call    0 never executed
branch  1 never executed
branch  2 never executed
    %%%%%: 6848-block  0
call    3 never executed
branch  4 never executed
branch  5 never executed
    #####: 6849:}
    %%%%%: 6849-block  0
call    0 never executed
    $$$$$: 6849-block  1
call    1 never executed
        -: 6850:
        -: 6851:// Pops the info pushed by the c'tor.
function _ZN7testing11ScopedTraceD2Ev called 0 returned 0% blocks executed 0%
    #####: 6852:ScopedTrace::~ScopedTrace() GTEST_LOCK_EXCLUDED_(&UnitTest::mutex_) {
    #####: 6853:  UnitTest::GetInstance()->PopGTestTrace();
    %%%%%: 6853-block  0
call    0 never executed
call    1 never executed
    #####: 6854:}
        -: 6855:
        -: 6856:}  // namespace testing
